#
# There is insufficient memory for the Java Runtime Environment to continue.
# Native memory allocation (mmap) failed to map 22020096 bytes for G1 virtual space
# Possible reasons:
#   The system is out of physical RAM or swap space
#   The process is running with CompressedOops enabled, and the Java Heap may be blocking the growth of the native heap
# Possible solutions:
#   Reduce memory load on the system
#   Increase physical memory or swap space
#   Check if swap backing store is full
#   Decrease Java heap size (-Xmx/-Xms)
#   Decrease number of Java threads
#   Decrease Java thread stack sizes (-Xss)
#   Set larger code cache with -XX:ReservedCodeCacheSize=
#   JVM is running with Unscaled Compressed Oops mode in which the Java heap is
#     placed in the first 4GB address space. The Java Heap base address is the
#     maximum limit for the native heap growth. Please use -XX:HeapBaseMinAddress
#     to set the Java Heap base and to place the Java Heap above 4GB virtual address.
# This output file may be truncated or incomplete.
#
#  Out of Memory Error (os_windows.cpp:3557), pid=29180, tid=29032
#
# JRE version: OpenJDK Runtime Environment Zulu17.40+19-CA (17.0.6+10) (build 17.0.6+10-LTS)
# Java VM: OpenJDK 64-Bit Server VM Zulu17.40+19-CA (17.0.6+10-LTS, mixed mode, sharing, tiered, compressed oops, compressed class ptrs, g1 gc, windows-amd64)
# No core dump will be written. Minidumps are not enabled by default on client versions of Windows
#

---------------  S U M M A R Y ------------

Command Line: -Dapplication.home=C:\zulu17.40.19-ca-fx-jdk17.0.6-win_x64\zulu17.40.19-ca-fx-jdk17.0.6-win_x64 --add-modules=ALL-DEFAULT -Xms8m -Djdk.module.main=jdk.compiler jdk.compiler/com.sun.tools.javac.Main -d C:\Users\aleja\OneDrive\Documentos\NetBeansProjects\ProjetoSalaoFinal\build\classes -classpath C:\Users\aleja\OneDrive\Documentos\NetBeansProjects\ProjetoSalaoFinal\build\classes;C:\Users\aleja\OneDrive\햞ea de Trabalho\jdbc\mysql-connector-java-8.0.26\mysql-connector-java-8.0.26.jar -sourcepath C:\Users\aleja\OneDrive\Documentos\NetBeansProjects\ProjetoSalaoFinal\build\empty -target 17 -encoding UTF-8 -g -processorpath C:\Users\aleja\OneDrive\햞ea de Trabalho\jdbc\mysql-connector-java-8.0.26\mysql-connector-java-8.0.26.jar;C:\Users\aleja\OneDrive\Documentos\NetBeansProjects\ProjetoSalaoFinal\build\empty -s C:\Users\aleja\OneDrive\Documentos\NetBeansProjects\ProjetoSalaoFinal\build\generated-sources\ap-source-output -source 17 C:\Users\aleja\OneDrive\Documentos\NetBeansProjects\ProjetoSalaoFinal\src\ConexaoBD\ConexaoBancoDeDados.java C:\Users\aleja\OneDrive\Documentos\NetBeansProjects\ProjetoSalaoFinal\src\Dao\ClienteDao.java C:\Users\aleja\OneDrive\Documentos\NetBeansProjects\ProjetoSalaoFinal\src\Dao\LoginUserDao.java C:\Users\aleja\OneDrive\Documentos\NetBeansProjects\ProjetoSalaoFinal\src\Dao\ServicoDao.java C:\Users\aleja\OneDrive\Documentos\NetBeansProjects\ProjetoSalaoFinal\src\controller\CadastroAdmController.java C:\Users\aleja\OneDrive\Documentos\NetBeansProjects\ProjetoSalaoFinal\src\controller\CadastroServicoController.java C:\Users\aleja\OneDrive\Documentos\NetBeansProjects\ProjetoSalaoFinal\src\controller\LoginViewFXMLController.java C:\Users\aleja\OneDrive\Documentos\NetBeansProjects\ProjetoSalaoFinal\src\controller\TelaCrudController.java C:\Users\aleja\OneDrive\Documentos\NetBeansProjects\ProjetoSalaoFinal\src\model\Cliente.java C:\Users\aleja\OneDrive\Documentos\NetBeansProjects\ProjetoSalaoFinal\src\model\Servico.java C:\Users\aleja\OneDrive\Documentos\NetBeansProjects\ProjetoSalaoFinal\src\model\Usuario.java C:\Users\aleja\OneDrive\Documentos\NetBeansProjects\ProjetoSalaoFinal\src\projetosalaofinal\ProjetoSalaoFinal.java

Host: Intel(R) Core(TM) i5-10300H CPU @ 2.50GHz, 8 cores, 7G,  Windows 11 , 64 bit Build 22621 (10.0.22621.1778)
Time: Sat Jun 17 00:31:25 2023 Hora oficial do Brasil elapsed time: 1.884322 seconds (0d 0h 0m 1s)

---------------  T H R E A D  ---------------

Current thread (0x000001d3a238ea40):  VMThread "VM Thread" [stack: 0x0000008899d00000,0x0000008899e00000] [id=29032]

Stack: [0x0000008899d00000,0x0000008899e00000]
Native frames: (J=compiled Java code, j=interpreted, Vv=VM code, C=native code)
V  [jvm.dll+0x67c72a]
V  [jvm.dll+0x83a2c4]
V  [jvm.dll+0x83ba6e]
V  [jvm.dll+0x83c0d3]
V  [jvm.dll+0x249415]
V  [jvm.dll+0x679659]
V  [jvm.dll+0x66dd0a]
V  [jvm.dll+0x3083eb]
V  [jvm.dll+0x30f8a6]
V  [jvm.dll+0x35f9ee]
V  [jvm.dll+0x35fc1f]
V  [jvm.dll+0x2df398]
V  [jvm.dll+0x2dd664]
V  [jvm.dll+0x2dcc6c]
V  [jvm.dll+0x32085b]
V  [jvm.dll+0x8405ab]
V  [jvm.dll+0x8412e4]
V  [jvm.dll+0x8417fd]
V  [jvm.dll+0x841bd4]
V  [jvm.dll+0x841ca0]
V  [jvm.dll+0x7ea20a]
V  [jvm.dll+0x67b5d5]
C  [ucrtbase.dll+0x29363]
C  [KERNEL32.DLL+0x126ad]
C  [ntdll.dll+0x5a9f8]

VM_Operation (0x00000088997fe1b0): G1CollectForAllocation, mode: safepoint, requested by thread 0x000001d3a22cc960


---------------  P R O C E S S  ---------------

Threads class SMR info:
_java_thread_list=0x000001d3c25e9e50, length=14, elements={
0x000001d3a22cc960, 0x000001d3c1659870, 0x000001d3c165a240, 0x000001d3c166d880,
0x000001d3c1672270, 0x000001d3c1672b40, 0x000001d3c1673410, 0x000001d3c16740c0,
0x000001d3c1674a80, 0x000001d3c16da2d0, 0x000001d3c2171760, 0x000001d3c2171c70,
0x000001d3c28f44c0, 0x000001d3c2b7ef30
}

Java Threads: ( => current thread )
  0x000001d3a22cc960 JavaThread "main" [_thread_blocked, id=17144, stack(0x0000008899700000,0x0000008899800000)]
  0x000001d3c1659870 JavaThread "Reference Handler" daemon [_thread_blocked, id=16628, stack(0x0000008899e00000,0x0000008899f00000)]
  0x000001d3c165a240 JavaThread "Finalizer" daemon [_thread_blocked, id=2596, stack(0x0000008899f00000,0x000000889a000000)]
  0x000001d3c166d880 JavaThread "Signal Dispatcher" daemon [_thread_blocked, id=21172, stack(0x000000889a000000,0x000000889a100000)]
  0x000001d3c1672270 JavaThread "Attach Listener" daemon [_thread_blocked, id=10772, stack(0x000000889a100000,0x000000889a200000)]
  0x000001d3c1672b40 JavaThread "Service Thread" daemon [_thread_blocked, id=25828, stack(0x000000889a200000,0x000000889a300000)]
  0x000001d3c1673410 JavaThread "Monitor Deflation Thread" daemon [_thread_blocked, id=23104, stack(0x000000889a300000,0x000000889a400000)]
  0x000001d3c16740c0 JavaThread "C2 CompilerThread0" daemon [_thread_blocked, id=26256, stack(0x000000889a400000,0x000000889a500000)]
  0x000001d3c1674a80 JavaThread "C1 CompilerThread0" daemon [_thread_blocked, id=2708, stack(0x000000889a500000,0x000000889a600000)]
  0x000001d3c16da2d0 JavaThread "Sweeper thread" daemon [_thread_blocked, id=9464, stack(0x000000889a600000,0x000000889a700000)]
  0x000001d3c2171760 JavaThread "Common-Cleaner" daemon [_thread_blocked, id=22376, stack(0x000000889a700000,0x000000889a800000)]
  0x000001d3c2171c70 JavaThread "Notification Thread" daemon [_thread_blocked, id=12340, stack(0x000000889a900000,0x000000889aa00000)]
  0x000001d3c28f44c0 JavaThread "C2 CompilerThread1" daemon [_thread_blocked, id=14008, stack(0x000000889b000000,0x000000889b100000)]
  0x000001d3c2b7ef30 JavaThread "C2 CompilerThread2" daemon [_thread_blocked, id=8128, stack(0x000000889b100000,0x000000889b200000)]

Other Threads:
=>0x000001d3a238ea40 VMThread "VM Thread" [stack: 0x0000008899d00000,0x0000008899e00000] [id=29032]
  0x000001d3a2349e50 WatcherThread [stack: 0x000000889aa00000,0x000000889ab00000] [id=8468]
  0x000001d3a2328f90 GCTaskThread "GC Thread#0" [stack: 0x0000008899800000,0x0000008899900000] [id=6896]
  0x000001d3c23516a0 GCTaskThread "GC Thread#1" [stack: 0x000000889ac00000,0x000000889ad00000] [id=13424]
  0x000001d3c24bf210 GCTaskThread "GC Thread#2" [stack: 0x000000889ad00000,0x000000889ae00000] [id=9228]
  0x000001d3c24bf4d0 GCTaskThread "GC Thread#3" [stack: 0x000000889ae00000,0x000000889af00000] [id=1444]
  0x000001d3c261dc70 GCTaskThread "GC Thread#4" [stack: 0x000000889af00000,0x000000889b000000] [id=11412]
  0x000001d3c26042e0 GCTaskThread "GC Thread#5" [stack: 0x000000889a800000,0x000000889a900000] [id=14080]
  0x000001d3c3ed5530 GCTaskThread "GC Thread#6" [stack: 0x000000889b200000,0x000000889b300000] [id=27172]
  0x000001d3c2c5e700 GCTaskThread "GC Thread#7" [stack: 0x000000889b400000,0x000000889b500000] [id=11812]
  0x000001d3a23398b0 ConcurrentGCThread "G1 Main Marker" [stack: 0x0000008899900000,0x0000008899a00000] [id=14952]
  0x000001d3a233a330 ConcurrentGCThread "G1 Conc#0" [stack: 0x0000008899a00000,0x0000008899b00000] [id=10168]
  0x000001d3c2c80a90 ConcurrentGCThread "G1 Conc#1" [stack: 0x000000889b300000,0x000000889b400000] [id=1232]
  0x000001d3a23691a0 ConcurrentGCThread "G1 Refine#0" [stack: 0x0000008899b00000,0x0000008899c00000] [id=9720]
  0x000001d3a2369ae0 ConcurrentGCThread "G1 Service" [stack: 0x0000008899c00000,0x0000008899d00000] [id=27348]

Threads with active compile tasks:
C2 CompilerThread0     1912 1603       4       jdk.internal.jimage.ImageLocation::getFullName (109 bytes)
C2 CompilerThread1     1912 1609       4       jdk.internal.jimage.ImageReader$SharedImageReader::makeDirectories (54 bytes)
C2 CompilerThread2     1912 1579       4       com.sun.tools.javac.util.Name$Table::fromString (14 bytes)

VM state: at safepoint (normal execution)

VM Mutex/Monitor currently owned by a thread:  ([mutex/lock_event])
[0x000001d3a22c9ab0] Threads_lock - owner thread: 0x000001d3a238ea40
[0x000001d3a22c8ee0] Heap_lock - owner thread: 0x000001d3a22cc960

Heap address: 0x0000000082a00000, size: 2006 MB, Compressed Oops mode: 32-bit

CDS archive(s) mapped at: [0x0000000800000000-0x0000000800c00000-0x0000000800c00000), size 12582912, SharedBaseAddress: 0x0000000800000000, ArchiveRelocationMode: 0.
Compressed class space mapped at: 0x0000000800c00000-0x0000000840c00000, reserved size: 1073741824
Narrow klass base: 0x0000000800000000, Narrow klass shift: 0, Narrow klass range: 0x100000000

GC Precious Log:
 CPUs: 8 total, 8 available
 Memory: 8023M
 Large Page Support: Disabled
 NUMA Support: Disabled
 Compressed Oops: Enabled (32-bit)
 Heap Region Size: 1M
 Heap Min Capacity: 8M
 Heap Initial Capacity: 8M
 Heap Max Capacity: 2006M
 Pre-touch: Disabled
 Parallel Workers: 8
 Concurrent Workers: 2
 Concurrent Refinement Workers: 8
 Periodic GC: Disabled

Heap:
 garbage-first heap   total 21504K, used 9457K [0x0000000082a00000, 0x0000000100000000)
  region size 1024K, 1 young (1024K), 1 survivors (1024K)
 Metaspace       used 9416K, committed 9664K, reserved 1064960K
  class space    used 1071K, committed 1216K, reserved 1048576K

Heap Regions: E=young(eden), S=young(survivor), O=old, HS=humongous(starts), HC=humongous(continues), CS=collection set, F=free, OA=open archive, CA=closed archive, TAMS=top-at-mark-start (previous, next)
|   0|0x0000000082a00000, 0x0000000082b00000, 0x0000000082b00000|100%| O|  |TAMS 0x0000000082b00000, 0x0000000082a00000| Untracked 
|   1|0x0000000082b00000, 0x0000000082c00000, 0x0000000082c00000|100%| O|  |TAMS 0x0000000082c00000, 0x0000000082b00000| Untracked 
|   2|0x0000000082c00000, 0x0000000082d00000, 0x0000000082d00000|100%| O|  |TAMS 0x0000000082d00000, 0x0000000082c00000| Untracked 
|   3|0x0000000082d00000, 0x0000000082e00000, 0x0000000082e00000|100%| O|  |TAMS 0x0000000082e00000, 0x0000000082d00000| Untracked 
|   4|0x0000000082e00000, 0x0000000082f00000, 0x0000000082f00000|100%| O|  |TAMS 0x0000000082e6c000, 0x0000000082e00000| Untracked 
|   5|0x0000000082f00000, 0x0000000083000000, 0x0000000083000000|100%| O|  |TAMS 0x0000000082f00000, 0x0000000082f00000| Untracked 
|   6|0x0000000083000000, 0x0000000083100000, 0x0000000083100000|100%| O|  |TAMS 0x0000000083000000, 0x0000000083000000| Untracked 
|   7|0x0000000083100000, 0x0000000083200000, 0x0000000083200000|100%| O|  |TAMS 0x0000000083100000, 0x0000000083100000| Untracked 
|   8|0x0000000083200000, 0x000000008323c600, 0x0000000083300000| 23%| O|  |TAMS 0x0000000083200000, 0x0000000083200000| Untracked 
|   9|0x0000000083300000, 0x0000000083300000, 0x0000000083400000|  0%| F|  |TAMS 0x0000000083300000, 0x0000000083300000| Untracked 
|  10|0x0000000083400000, 0x0000000083400000, 0x0000000083500000|  0%| F|  |TAMS 0x0000000083400000, 0x0000000083400000| Untracked 
|  11|0x0000000083500000, 0x0000000083500000, 0x0000000083600000|  0%| F|  |TAMS 0x0000000083500000, 0x0000000083500000| Untracked 
|  12|0x0000000083600000, 0x0000000083600000, 0x0000000083700000|  0%| F|  |TAMS 0x0000000083600000, 0x0000000083600000| Untracked 
|  13|0x0000000083700000, 0x0000000083700000, 0x0000000083800000|  0%| F|  |TAMS 0x0000000083700000, 0x0000000083700000| Untracked 
|  14|0x0000000083800000, 0x0000000083800000, 0x0000000083900000|  0%| F|  |TAMS 0x0000000083800000, 0x0000000083800000| Untracked 
|  15|0x0000000083900000, 0x0000000083a00000, 0x0000000083a00000|100%| S|CS|TAMS 0x0000000083900000, 0x0000000083900000| Complete 
|  16|0x0000000083a00000, 0x0000000083a00000, 0x0000000083b00000|  0%| F|  |TAMS 0x0000000083a00000, 0x0000000083a00000| Untracked 
|  17|0x0000000083b00000, 0x0000000083b00000, 0x0000000083c00000|  0%| F|  |TAMS 0x0000000083b00000, 0x0000000083b00000| Untracked 
|  18|0x0000000083c00000, 0x0000000083c00000, 0x0000000083d00000|  0%| F|  |TAMS 0x0000000083c00000, 0x0000000083c00000| Untracked 
|  19|0x0000000083d00000, 0x0000000083d00000, 0x0000000083e00000|  0%| F|  |TAMS 0x0000000083d00000, 0x0000000083d00000| Untracked 
|  20|0x0000000083e00000, 0x0000000083e00000, 0x0000000083f00000|  0%| F|  |TAMS 0x0000000083e00000, 0x0000000083e00000| Untracked 

Card table byte_map: [0x000001d3ba610000,0x000001d3baa00000] _byte_map_base: 0x000001d3ba1fb000

Marking Bits (Prev, Next): (CMBitMap*) 0x000001d3a2329500, (CMBitMap*) 0x000001d3a23294c0
 Prev Bits: [0x000001d3bcd50000, 0x000001d3beca8000)
 Next Bits: [0x000001d3badf0000, 0x000001d3bcd48000)

Polling page: 0x000001d3a0210000

Metaspace:

Usage:
  Non-class:      8.15 MB used.
      Class:      1.05 MB used.
       Both:      9.20 MB used.

Virtual space:
  Non-class space:       16.00 MB reserved,       8.25 MB ( 52%) committed,  2 nodes.
      Class space:        1.00 GB reserved,       1.19 MB ( <1%) committed,  1 nodes.
             Both:        1.02 GB reserved,       9.44 MB ( <1%) committed. 

Chunk freelists:
   Non-Class:  1.78 MB
       Class:  2.86 MB
        Both:  4.64 MB

MaxMetaspaceSize: unlimited
CompressedClassSpaceSize: 1.00 GB
Initial GC threshold: 21.00 MB
Current GC threshold: 21.00 MB
CDS: on
MetaspaceReclaimPolicy: balanced
 - commit_granule_bytes: 65536.
 - commit_granule_words: 8192.
 - virtual_space_node_default_size: 1048576.
 - enlarge_chunks_in_place: 1.
 - new_chunks_are_fully_committed: 0.
 - uncommit_free_chunks: 1.
 - use_allocation_guard: 0.
 - handle_deallocations: 1.


Internal statistics:

num_allocs_failed_limit: 0.
num_arena_births: 72.
num_arena_deaths: 0.
num_vsnodes_births: 3.
num_vsnodes_deaths: 0.
num_space_committed: 151.
num_space_uncommitted: 0.
num_chunks_returned_to_freelist: 0.
num_chunks_taken_from_freelist: 387.
num_chunk_merges: 0.
num_chunk_splits: 265.
num_chunks_enlarged: 208.
num_purges: 0.
num_inconsistent_stats: 0.

CodeHeap 'non-profiled nmethods': size=120000Kb used=582Kb max_used=582Kb free=119418Kb
 bounds [0x000001d3b29b0000, 0x000001d3b2c20000, 0x000001d3b9ee0000]
CodeHeap 'profiled nmethods': size=120000Kb used=3072Kb max_used=3072Kb free=116927Kb
 bounds [0x000001d3aaee0000, 0x000001d3ab1f0000, 0x000001d3b2410000]
CodeHeap 'non-nmethods': size=5760Kb used=1147Kb max_used=1215Kb free=4612Kb
 bounds [0x000001d3b2410000, 0x000001d3b2680000, 0x000001d3b29b0000]
 total_blobs=2039 nmethods=1608 adapters=343
 compilation: enabled
              stopped_count=0, restarted_count=0
 full_count=0

Compilation events (20 events):
Event: 1.837 Thread 0x000001d3c1674a80 1606       3       com.sun.tools.javac.jvm.PoolReader::readPool (239 bytes)
Event: 1.837 Thread 0x000001d3c16740c0 nmethod 1600 0x000001d3b2a3fc10 code [0x000001d3b2a3fda0, 0x000001d3b2a40058]
Event: 1.837 Thread 0x000001d3c16740c0 1603       4       jdk.internal.jimage.ImageLocation::getFullName (109 bytes)
Event: 1.838 Thread 0x000001d3c1674a80 nmethod 1606 0x000001d3ab1ccd90 code [0x000001d3ab1cd000, 0x000001d3ab1ce0c8]
Event: 1.838 Thread 0x000001d3c1674a80 1607       3       com.sun.tools.javac.jvm.ClassReader::readField (61 bytes)
Event: 1.848 Thread 0x000001d3c1674a80 nmethod 1607 0x000001d3ab1ce610 code [0x000001d3ab1ce940, 0x000001d3ab1cfee8]
Event: 1.848 Thread 0x000001d3c1674a80 1608       3       com.sun.tools.javac.jvm.ClassReader::adjustFieldFlags (2 bytes)
Event: 1.848 Thread 0x000001d3c1674a80 nmethod 1608 0x000001d3ab1d0790 code [0x000001d3ab1d0920, 0x000001d3ab1d0a38]
Event: 1.854 Thread 0x000001d3c1674a80 1610       3       com.sun.tools.javac.comp.Attr::checkId (59 bytes)
Event: 1.854 Thread 0x000001d3c1674a80 nmethod 1610 0x000001d3ab1d0b10 code [0x000001d3ab1d0d20, 0x000001d3ab1d1418]
Event: 1.854 Thread 0x000001d3c1674a80 1612       3       com.sun.tools.javac.jvm.ClassReader::optPoolEntry (16 bytes)
Event: 1.855 Thread 0x000001d3c1674a80 nmethod 1612 0x000001d3ab1d1610 code [0x000001d3ab1d17c0, 0x000001d3ab1d19e8]
Event: 1.855 Thread 0x000001d3c1674a80 1611       3       com.sun.tools.javac.comp.Attr::checkIdInternal (788 bytes)
Event: 1.863 Thread 0x000001d3c28f44c0 nmethod 1580 0x000001d3b2a40210 code [0x000001d3b2a403c0, 0x000001d3b2a41228]
Event: 1.863 Thread 0x000001d3c28f44c0 1609       4       jdk.internal.jimage.ImageReader$SharedImageReader::makeDirectories (54 bytes)
Event: 1.866 Thread 0x000001d3c1674a80 nmethod 1611 0x000001d3ab1d1b10 code [0x000001d3ab1d2500, 0x000001d3ab1d95e8]
Event: 1.866 Thread 0x000001d3c1674a80 1613   !   3       com.sun.tools.javac.jvm.ClassReader$11::read (243 bytes)
Event: 1.868 Thread 0x000001d3c1674a80 nmethod 1613 0x000001d3ab1dbb10 code [0x000001d3ab1dbfe0, 0x000001d3ab1deb68]
Event: 1.868 Thread 0x000001d3c1674a80 1614       3       com.sun.tools.javac.code.Type$MethodType::asMethodType (2 bytes)
Event: 1.869 Thread 0x000001d3c1674a80 nmethod 1614 0x000001d3ab1dfd90 code [0x000001d3ab1dff20, 0x000001d3ab1e0038]

GC Heap History (20 events):
Event: 1.026 GC heap after
{Heap after GC invocations=5 (full 0):
 garbage-first heap   total 8192K, used 2906K [0x0000000082a00000, 0x0000000100000000)
  region size 1024K, 1 young (1024K), 1 survivors (1024K)
 Metaspace       used 7808K, committed 8000K, reserved 1064960K
  class space    used 892K, committed 960K, reserved 1048576K
}
Event: 1.165 GC heap before
{Heap before GC invocations=5 (full 0):
 garbage-first heap   total 8192K, used 3930K [0x0000000082a00000, 0x0000000100000000)
  region size 1024K, 2 young (2048K), 1 survivors (1024K)
 Metaspace       used 7999K, committed 8192K, reserved 1064960K
  class space    used 911K, committed 1024K, reserved 1048576K
}
Event: 1.167 GC heap after
{Heap after GC invocations=6 (full 0):
 garbage-first heap   total 8192K, used 3140K [0x0000000082a00000, 0x0000000100000000)
  region size 1024K, 1 young (1024K), 1 survivors (1024K)
 Metaspace       used 7999K, committed 8192K, reserved 1064960K
  class space    used 911K, committed 1024K, reserved 1048576K
}
Event: 1.234 GC heap before
{Heap before GC invocations=6 (full 0):
 garbage-first heap   total 8192K, used 4164K [0x0000000082a00000, 0x0000000100000000)
  region size 1024K, 2 young (2048K), 1 survivors (1024K)
 Metaspace       used 8192K, committed 8384K, reserved 1064960K
  class space    used 934K, committed 1024K, reserved 1048576K
}
Event: 1.242 GC heap after
{Heap after GC invocations=7 (full 0):
 garbage-first heap   total 11264K, used 3573K [0x0000000082a00000, 0x0000000100000000)
  region size 1024K, 1 young (1024K), 1 survivors (1024K)
 Metaspace       used 8192K, committed 8384K, reserved 1064960K
  class space    used 934K, committed 1024K, reserved 1048576K
}
Event: 1.370 GC heap before
{Heap before GC invocations=7 (full 0):
 garbage-first heap   total 11264K, used 5621K [0x0000000082a00000, 0x0000000100000000)
  region size 1024K, 3 young (3072K), 1 survivors (1024K)
 Metaspace       used 8732K, committed 8896K, reserved 1064960K
  class space    used 1002K, committed 1088K, reserved 1048576K
}
Event: 1.378 GC heap after
{Heap after GC invocations=8 (full 0):
 garbage-first heap   total 11264K, used 4488K [0x0000000082a00000, 0x0000000100000000)
  region size 1024K, 1 young (1024K), 1 survivors (1024K)
 Metaspace       used 8732K, committed 8896K, reserved 1064960K
  class space    used 1002K, committed 1088K, reserved 1048576K
}
Event: 1.458 GC heap before
{Heap before GC invocations=8 (full 0):
 garbage-first heap   total 11264K, used 5512K [0x0000000082a00000, 0x0000000100000000)
  region size 1024K, 2 young (2048K), 1 survivors (1024K)
 Metaspace       used 8928K, committed 9152K, reserved 1064960K
  class space    used 1030K, committed 1152K, reserved 1048576K
}
Event: 1.467 GC heap after
{Heap after GC invocations=9 (full 0):
 garbage-first heap   total 11264K, used 4716K [0x0000000082a00000, 0x0000000100000000)
  region size 1024K, 1 young (1024K), 1 survivors (1024K)
 Metaspace       used 8928K, committed 9152K, reserved 1064960K
  class space    used 1030K, committed 1152K, reserved 1048576K
}
Event: 1.496 GC heap before
{Heap before GC invocations=9 (full 0):
 garbage-first heap   total 11264K, used 5740K [0x0000000082a00000, 0x0000000100000000)
  region size 1024K, 2 young (2048K), 1 survivors (1024K)
 Metaspace       used 8946K, committed 9152K, reserved 1064960K
  class space    used 1030K, committed 1152K, reserved 1048576K
}
Event: 1.498 GC heap after
{Heap after GC invocations=10 (full 0):
 garbage-first heap   total 11264K, used 4872K [0x0000000082a00000, 0x0000000100000000)
  region size 1024K, 1 young (1024K), 1 survivors (1024K)
 Metaspace       used 8946K, committed 9152K, reserved 1064960K
  class space    used 1030K, committed 1152K, reserved 1048576K
}
Event: 1.547 GC heap before
{Heap before GC invocations=11 (full 0):
 garbage-first heap   total 12288K, used 5896K [0x0000000082a00000, 0x0000000100000000)
  region size 1024K, 2 young (2048K), 1 survivors (1024K)
 Metaspace       used 9005K, committed 9216K, reserved 1064960K
  class space    used 1036K, committed 1152K, reserved 1048576K
}
Event: 1.550 GC heap after
{Heap after GC invocations=12 (full 0):
 garbage-first heap   total 21504K, used 5003K [0x0000000082a00000, 0x0000000100000000)
  region size 1024K, 1 young (1024K), 1 survivors (1024K)
 Metaspace       used 9005K, committed 9216K, reserved 1064960K
  class space    used 1036K, committed 1152K, reserved 1048576K
}
Event: 1.663 GC heap before
{Heap before GC invocations=12 (full 0):
 garbage-first heap   total 21504K, used 11147K [0x0000000082a00000, 0x0000000100000000)
  region size 1024K, 7 young (7168K), 1 survivors (1024K)
 Metaspace       used 9316K, committed 9536K, reserved 1064960K
  class space    used 1069K, committed 1152K, reserved 1048576K
}
Event: 1.668 GC heap after
{Heap after GC invocations=13 (full 0):
 garbage-first heap   total 21504K, used 6205K [0x0000000082a00000, 0x0000000100000000)
  region size 1024K, 1 young (1024K), 1 survivors (1024K)
 Metaspace       used 9316K, committed 9536K, reserved 1064960K
  class space    used 1069K, committed 1152K, reserved 1048576K
}
Event: 1.801 GC heap before
{Heap before GC invocations=13 (full 0):
 garbage-first heap   total 21504K, used 11325K [0x0000000082a00000, 0x0000000100000000)
  region size 1024K, 6 young (6144K), 1 survivors (1024K)
 Metaspace       used 9352K, committed 9536K, reserved 1064960K
  class space    used 1069K, committed 1152K, reserved 1048576K
}
Event: 1.806 GC heap after
{Heap after GC invocations=14 (full 0):
 garbage-first heap   total 21504K, used 7365K [0x0000000082a00000, 0x0000000100000000)
  region size 1024K, 1 young (1024K), 1 survivors (1024K)
 Metaspace       used 9352K, committed 9536K, reserved 1064960K
  class space    used 1069K, committed 1152K, reserved 1048576K
}
Event: 1.839 GC heap before
{Heap before GC invocations=14 (full 0):
 garbage-first heap   total 21504K, used 12485K [0x0000000082a00000, 0x0000000100000000)
  region size 1024K, 6 young (6144K), 1 survivors (1024K)
 Metaspace       used 9380K, committed 9600K, reserved 1064960K
  class space    used 1070K, committed 1216K, reserved 1048576K
}
Event: 1.848 GC heap after
{Heap after GC invocations=15 (full 0):
 garbage-first heap   total 21504K, used 8393K [0x0000000082a00000, 0x0000000100000000)
  region size 1024K, 1 young (1024K), 1 survivors (1024K)
 Metaspace       used 9380K, committed 9600K, reserved 1064960K
  class space    used 1070K, committed 1216K, reserved 1048576K
}
Event: 1.872 GC heap before
{Heap before GC invocations=15 (full 0):
 garbage-first heap   total 21504K, used 13513K [0x0000000082a00000, 0x0000000100000000)
  region size 1024K, 6 young (6144K), 1 survivors (1024K)
 Metaspace       used 9416K, committed 9664K, reserved 1064960K
  class space    used 1071K, committed 1216K, reserved 1048576K
}

Dll operation events (6 events):
Event: 0.017 Loaded shared library C:\zulu17.40.19-ca-fx-jdk17.0.6-win_x64\zulu17.40.19-ca-fx-jdk17.0.6-win_x64\bin\java.dll
Event: 0.034 Loaded shared library C:\zulu17.40.19-ca-fx-jdk17.0.6-win_x64\zulu17.40.19-ca-fx-jdk17.0.6-win_x64\bin\jsvml.dll
Event: 0.146 Loaded shared library C:\zulu17.40.19-ca-fx-jdk17.0.6-win_x64\zulu17.40.19-ca-fx-jdk17.0.6-win_x64\bin\jimage.dll
Event: 0.264 Loaded shared library C:\zulu17.40.19-ca-fx-jdk17.0.6-win_x64\zulu17.40.19-ca-fx-jdk17.0.6-win_x64\bin\net.dll
Event: 0.265 Loaded shared library C:\zulu17.40.19-ca-fx-jdk17.0.6-win_x64\zulu17.40.19-ca-fx-jdk17.0.6-win_x64\bin\nio.dll
Event: 0.350 Loaded shared library C:\zulu17.40.19-ca-fx-jdk17.0.6-win_x64\zulu17.40.19-ca-fx-jdk17.0.6-win_x64\bin\zip.dll

Deoptimization events (20 events):
Event: 1.571 Thread 0x000001d3a22cc960 Uncommon trap: trap_request=0xffffff45 fr.pc=0x000001d3b2a0ad2c relative=0x00000000000007ec
Event: 1.571 Thread 0x000001d3a22cc960 Uncommon trap: reason=unstable_if action=reinterpret pc=0x000001d3b2a0ad2c method=jdk.internal.jimage.ImageStringsReader.stringFromByteBuffer(Ljava/nio/ByteBuffer;I)Ljava/lang/String; @ 7 c2
Event: 1.571 Thread 0x000001d3a22cc960 DEOPT PACKING pc=0x000001d3b2a0ad2c sp=0x00000088997fda80
Event: 1.571 Thread 0x000001d3a22cc960 DEOPT UNPACKING pc=0x000001d3b24669a3 sp=0x00000088997fda28 mode 2
Event: 1.599 Thread 0x000001d3a22cc960 Uncommon trap: trap_request=0xffffff45 fr.pc=0x000001d3b29f7ce0 relative=0x0000000000000060
Event: 1.599 Thread 0x000001d3a22cc960 Uncommon trap: reason=unstable_if action=reinterpret pc=0x000001d3b29f7ce0 method=com.sun.tools.javac.jvm.PoolReader.sizeof(I)I @ 1 c2
Event: 1.599 Thread 0x000001d3a22cc960 DEOPT PACKING pc=0x000001d3b29f7ce0 sp=0x00000088997fe120
Event: 1.599 Thread 0x000001d3a22cc960 DEOPT UNPACKING pc=0x000001d3b24669a3 sp=0x00000088997fe0b0 mode 2
Event: 1.602 Thread 0x000001d3a22cc960 Uncommon trap: trap_request=0xffffff45 fr.pc=0x000001d3b2a11f10 relative=0x0000000000000930
Event: 1.602 Thread 0x000001d3a22cc960 Uncommon trap: reason=unstable_if action=reinterpret pc=0x000001d3b2a11f10 method=jdk.internal.jimage.ImageStringsReader.stringFromByteBuffer(Ljava/nio/ByteBuffer;I)Ljava/lang/String; @ 7 c2
Event: 1.602 Thread 0x000001d3a22cc960 DEOPT PACKING pc=0x000001d3b2a11f10 sp=0x00000088997fdc00
Event: 1.602 Thread 0x000001d3a22cc960 DEOPT UNPACKING pc=0x000001d3b24669a3 sp=0x00000088997fda80 mode 2
Event: 1.681 Thread 0x000001d3a22cc960 Uncommon trap: trap_request=0xffffff45 fr.pc=0x000001d3b2a13040 relative=0x0000000000000880
Event: 1.681 Thread 0x000001d3a22cc960 Uncommon trap: reason=unstable_if action=reinterpret pc=0x000001d3b2a13040 method=jdk.internal.jimage.ImageStringsReader.stringFromByteBuffer(Ljava/nio/ByteBuffer;I)Ljava/lang/String; @ 7 c2
Event: 1.682 Thread 0x000001d3a22cc960 DEOPT PACKING pc=0x000001d3b2a13040 sp=0x00000088997fd9a0
Event: 1.682 Thread 0x000001d3a22cc960 DEOPT UNPACKING pc=0x000001d3b24669a3 sp=0x00000088997fd8f0 mode 2
Event: 1.768 Thread 0x000001d3a22cc960 Uncommon trap: trap_request=0xffffff45 fr.pc=0x000001d3b2a14a48 relative=0x0000000000000048
Event: 1.768 Thread 0x000001d3a22cc960 Uncommon trap: reason=unstable_if action=reinterpret pc=0x000001d3b2a14a48 method=com.sun.tools.javac.util.ArrayUtils.ensureCapacity([BI)[B @ 3 c2
Event: 1.768 Thread 0x000001d3a22cc960 DEOPT PACKING pc=0x000001d3b2a14a48 sp=0x00000088997fe360
Event: 1.769 Thread 0x000001d3a22cc960 DEOPT UNPACKING pc=0x000001d3b24669a3 sp=0x00000088997fe2d8 mode 2

Classes unloaded (0 events):
No events

Classes redefined (0 events):
No events

Internal exceptions (20 events):
Event: 1.419 Thread 0x000001d3a22cc960 Exception <a 'sun/nio/fs/WindowsException'{0x0000000083453fe0}> (0x0000000083453fe0) 
thrown [s\src\hotspot\share\prims\jni.cpp, line 516]
Event: 1.420 Thread 0x000001d3a22cc960 Exception <a 'sun/nio/fs/WindowsException'{0x0000000083458220}> (0x0000000083458220) 
thrown [s\src\hotspot\share\prims\jni.cpp, line 516]
Event: 1.420 Thread 0x000001d3a22cc960 Exception <a 'sun/nio/fs/WindowsException'{0x0000000083458570}> (0x0000000083458570) 
thrown [s\src\hotspot\share\prims\jni.cpp, line 516]
Event: 1.420 Thread 0x000001d3a22cc960 Exception <a 'sun/nio/fs/WindowsException'{0x00000000834590b8}> (0x00000000834590b8) 
thrown [s\src\hotspot\share\prims\jni.cpp, line 516]
Event: 1.420 Thread 0x000001d3a22cc960 Exception <a 'sun/nio/fs/WindowsException'{0x00000000834593f8}> (0x00000000834593f8) 
thrown [s\src\hotspot\share\prims\jni.cpp, line 516]
Event: 1.421 Thread 0x000001d3a22cc960 Exception <a 'sun/nio/fs/WindowsException'{0x000000008345c838}> (0x000000008345c838) 
thrown [s\src\hotspot\share\prims\jni.cpp, line 516]
Event: 1.421 Thread 0x000001d3a22cc960 Exception <a 'sun/nio/fs/WindowsException'{0x000000008345cbc8}> (0x000000008345cbc8) 
thrown [s\src\hotspot\share\prims\jni.cpp, line 516]
Event: 1.421 Thread 0x000001d3a22cc960 Exception <a 'sun/nio/fs/WindowsException'{0x000000008345d7b0}> (0x000000008345d7b0) 
thrown [s\src\hotspot\share\prims\jni.cpp, line 516]
Event: 1.421 Thread 0x000001d3a22cc960 Exception <a 'sun/nio/fs/WindowsException'{0x000000008345db38}> (0x000000008345db38) 
thrown [s\src\hotspot\share\prims\jni.cpp, line 516]
Event: 1.539 Thread 0x000001d3a22cc960 Exception <a 'java/lang/NoSuchMethodError'{0x00000000834f0878}: 'int java.lang.invoke.DirectMethodHandle$Holder.invokeSpecial(java.lang.Object, java.lang.Object, java.lang.Object)'> (0x00000000834f0878) 
thrown [s\src\hotspot\share\interpreter\linkResolver.cpp, line 759]
Event: 1.545 Thread 0x000001d3a22cc960 Exception <a 'sun/nio/fs/WindowsException'{0x00000000834fb3a8}> (0x00000000834fb3a8) 
thrown [s\src\hotspot\share\prims\jni.cpp, line 516]
Event: 1.546 Thread 0x000001d3a22cc960 Exception <a 'sun/nio/fs/WindowsException'{0x00000000834fb6f0}> (0x00000000834fb6f0) 
thrown [s\src\hotspot\share\prims\jni.cpp, line 516]
Event: 1.546 Thread 0x000001d3a22cc960 Exception <a 'sun/nio/fs/WindowsException'{0x00000000834fc788}> (0x00000000834fc788) 
thrown [s\src\hotspot\share\prims\jni.cpp, line 516]
Event: 1.546 Thread 0x000001d3a22cc960 Exception <a 'sun/nio/fs/WindowsException'{0x00000000834fcab8}> (0x00000000834fcab8) 
thrown [s\src\hotspot\share\prims\jni.cpp, line 516]
Event: 1.561 Thread 0x000001d3a22cc960 Exception <a 'java/lang/NoSuchMethodError'{0x0000000083e60c00}: 'java.lang.Object java.lang.invoke.DirectMethodHandle$Holder.invokeStatic(java.lang.Object, java.lang.Object, int, int)'> (0x0000000083e60c00) 
thrown [s\src\hotspot\share\interpreter\linkResolver.cpp, line 759]
Event: 1.618 Thread 0x000001d3a22cc960 Exception <a 'java/lang/NoSuchMethodError'{0x0000000083d66438}: 'java.lang.Object java.lang.invoke.DirectMethodHandle$Holder.invokeInterface(java.lang.Object, java.lang.Object)'> (0x0000000083d66438) 
thrown [s\src\hotspot\share\interpreter\linkResolver.cpp, line 759]
Event: 1.763 Thread 0x000001d3a22cc960 Exception <a 'sun/nio/fs/WindowsException'{0x0000000083cc3560}> (0x0000000083cc3560) 
thrown [s\src\hotspot\share\prims\jni.cpp, line 516]
Event: 1.764 Thread 0x000001d3a22cc960 Exception <a 'sun/nio/fs/WindowsException'{0x0000000083cc38b0}> (0x0000000083cc38b0) 
thrown [s\src\hotspot\share\prims\jni.cpp, line 516]
Event: 1.764 Thread 0x000001d3a22cc960 Exception <a 'sun/nio/fs/WindowsException'{0x0000000083cc4948}> (0x0000000083cc4948) 
thrown [s\src\hotspot\share\prims\jni.cpp, line 516]
Event: 1.765 Thread 0x000001d3a22cc960 Exception <a 'sun/nio/fs/WindowsException'{0x0000000083cc4c90}> (0x0000000083cc4c90) 
thrown [s\src\hotspot\share\prims\jni.cpp, line 516]

VM Operations (20 events):
Event: 1.382 Executing VM operation: G1CollectForAllocation done
Event: 1.457 Executing VM operation: G1CollectForAllocation
Event: 1.473 Executing VM operation: G1CollectForAllocation done
Event: 1.495 Executing VM operation: G1CollectForAllocation
Event: 1.507 Executing VM operation: G1CollectForAllocation done
Event: 1.514 Executing VM operation: G1Concurrent
Event: 1.516 Executing VM operation: G1Concurrent done
Event: 1.518 Executing VM operation: G1Concurrent
Event: 1.518 Executing VM operation: G1Concurrent done
Event: 1.547 Executing VM operation: G1CollectForAllocation
Event: 1.550 Executing VM operation: G1CollectForAllocation done
Event: 1.572 Executing VM operation: HandshakeAllThreads
Event: 1.572 Executing VM operation: HandshakeAllThreads done
Event: 1.663 Executing VM operation: G1CollectForAllocation
Event: 1.668 Executing VM operation: G1CollectForAllocation done
Event: 1.801 Executing VM operation: G1CollectForAllocation
Event: 1.806 Executing VM operation: G1CollectForAllocation done
Event: 1.839 Executing VM operation: G1CollectForAllocation
Event: 1.848 Executing VM operation: G1CollectForAllocation done
Event: 1.872 Executing VM operation: G1CollectForAllocation

Events (20 events):
Event: 1.452 loading class java/util/stream/Node$OfPrimitive
Event: 1.452 loading class java/util/stream/Node$OfPrimitive done
Event: 1.452 loading class java/util/stream/Node$OfInt done
Event: 1.452 loading class java/util/stream/Nodes$EmptyNode$OfInt done
Event: 1.452 loading class java/util/stream/Nodes$EmptyNode$OfLong
Event: 1.452 loading class java/util/stream/Node$OfLong
Event: 1.452 loading class java/util/stream/Node$OfLong done
Event: 1.453 loading class java/util/stream/Nodes$EmptyNode$OfLong done
Event: 1.453 loading class java/util/stream/Nodes$EmptyNode$OfDouble
Event: 1.453 loading class java/util/stream/Node$OfDouble
Event: 1.453 loading class java/util/stream/Node$OfDouble done
Event: 1.454 loading class java/util/stream/Nodes$EmptyNode$OfDouble done
Event: 1.454 loading class java/util/stream/Nodes$SpinedNodeBuilder
Event: 1.454 loading class java/util/stream/Node$Builder
Event: 1.454 loading class java/util/stream/Node$Builder done
Event: 1.455 loading class java/util/stream/Nodes$SpinedNodeBuilder done
Event: 1.571 loading class jdk/internal/jimage/ImageReader$LinkNode
Event: 1.571 loading class jdk/internal/jimage/ImageReader$LinkNode done
Event: 1.613 loading class java/lang/invoke/MethodHandle$1
Event: 1.613 loading class java/lang/invoke/MethodHandle$1 done


Dynamic libraries:
0x00007ff711960000 - 0x00007ff711968000 	C:\zulu17.40.19-ca-fx-jdk17.0.6-win_x64\zulu17.40.19-ca-fx-jdk17.0.6-win_x64\bin\javac.exe
0x00007ffe1ab90000 - 0x00007ffe1ada4000 	C:\WINDOWS\SYSTEM32\ntdll.dll
0x00007ffe19040000 - 0x00007ffe19102000 	C:\WINDOWS\System32\KERNEL32.DLL
0x00007ffe185c0000 - 0x00007ffe18963000 	C:\WINDOWS\System32\KERNELBASE.dll
0x00007ffe183e0000 - 0x00007ffe184f1000 	C:\WINDOWS\System32\ucrtbase.dll
0x00007ffe0a010000 - 0x00007ffe0a028000 	C:\zulu17.40.19-ca-fx-jdk17.0.6-win_x64\zulu17.40.19-ca-fx-jdk17.0.6-win_x64\bin\jli.dll
0x00007ffe18ab0000 - 0x00007ffe18c5b000 	C:\WINDOWS\System32\USER32.dll
0x00007ffe183b0000 - 0x00007ffe183d6000 	C:\WINDOWS\System32\win32u.dll
0x00007ffe19430000 - 0x00007ffe19459000 	C:\WINDOWS\System32\GDI32.dll
0x00007ffe17f90000 - 0x00007ffe180a9000 	C:\WINDOWS\System32\gdi32full.dll
0x00007ffe18220000 - 0x00007ffe182ba000 	C:\WINDOWS\System32\msvcp_win.dll
0x00007ffe09ff0000 - 0x00007ffe0a00b000 	C:\zulu17.40.19-ca-fx-jdk17.0.6-win_x64\zulu17.40.19-ca-fx-jdk17.0.6-win_x64\bin\VCRUNTIME140.dll
0x00007ffe02120000 - 0x00007ffe023ae000 	C:\WINDOWS\WinSxS\amd64_microsoft.windows.common-controls_6595b64144ccf1df_6.0.22621.1635_none_270f70857386168e\COMCTL32.dll
0x00007ffe18e30000 - 0x00007ffe18ed7000 	C:\WINDOWS\System32\msvcrt.dll
0x00007ffe18ee0000 - 0x00007ffe18f11000 	C:\WINDOWS\System32\IMM32.DLL
0x00007ffe13340000 - 0x00007ffe1334c000 	C:\zulu17.40.19-ca-fx-jdk17.0.6-win_x64\zulu17.40.19-ca-fx-jdk17.0.6-win_x64\bin\vcruntime140_1.dll
0x00007ffde4380000 - 0x00007ffde440d000 	C:\zulu17.40.19-ca-fx-jdk17.0.6-win_x64\zulu17.40.19-ca-fx-jdk17.0.6-win_x64\bin\msvcp140.dll
0x00007ffdcb350000 - 0x00007ffdcbfb5000 	C:\zulu17.40.19-ca-fx-jdk17.0.6-win_x64\zulu17.40.19-ca-fx-jdk17.0.6-win_x64\bin\server\jvm.dll
0x00007ffe19240000 - 0x00007ffe192ee000 	C:\WINDOWS\System32\ADVAPI32.dll
0x00007ffe18d80000 - 0x00007ffe18e24000 	C:\WINDOWS\System32\sechost.dll
0x00007ffe18c60000 - 0x00007ffe18d77000 	C:\WINDOWS\System32\RPCRT4.dll
0x00007ffe14e50000 - 0x00007ffe14e59000 	C:\WINDOWS\SYSTEM32\WSOCK32.dll
0x00007ffe1aad0000 - 0x00007ffe1ab41000 	C:\WINDOWS\System32\WS2_32.dll
0x00007ffe10130000 - 0x00007ffe10164000 	C:\WINDOWS\SYSTEM32\WINMM.dll
0x00007ffe0ea30000 - 0x00007ffe0ea3a000 	C:\WINDOWS\SYSTEM32\VERSION.dll
0x00007ffe17090000 - 0x00007ffe170a8000 	C:\WINDOWS\SYSTEM32\kernel.appcore.dll
0x00007ffe0a090000 - 0x00007ffe0a09a000 	C:\zulu17.40.19-ca-fx-jdk17.0.6-win_x64\zulu17.40.19-ca-fx-jdk17.0.6-win_x64\bin\jimage.dll
0x00007ffe157c0000 - 0x00007ffe159ee000 	C:\WINDOWS\SYSTEM32\DBGHELP.DLL
0x00007ffe19460000 - 0x00007ffe197e9000 	C:\WINDOWS\System32\combase.dll
0x00007ffe19e80000 - 0x00007ffe19f57000 	C:\WINDOWS\System32\OLEAUT32.dll
0x00007ffdfdf80000 - 0x00007ffdfdfb2000 	C:\WINDOWS\SYSTEM32\dbgcore.DLL
0x00007ffe182c0000 - 0x00007ffe1833b000 	C:\WINDOWS\System32\bcryptPrimitives.dll
0x00007ffe09de0000 - 0x00007ffe09e05000 	C:\zulu17.40.19-ca-fx-jdk17.0.6-win_x64\zulu17.40.19-ca-fx-jdk17.0.6-win_x64\bin\java.dll
0x00007ffdddba0000 - 0x00007ffdddc77000 	C:\zulu17.40.19-ca-fx-jdk17.0.6-win_x64\zulu17.40.19-ca-fx-jdk17.0.6-win_x64\bin\jsvml.dll
0x00007ffe1a010000 - 0x00007ffe1a80a000 	C:\WINDOWS\System32\SHELL32.dll
0x00007ffe15f40000 - 0x00007ffe1680e000 	C:\WINDOWS\SYSTEM32\windows.storage.dll
0x00007ffe15e00000 - 0x00007ffe15f3e000 	C:\WINDOWS\SYSTEM32\wintypes.dll
0x00007ffe18f40000 - 0x00007ffe19031000 	C:\WINDOWS\System32\SHCORE.dll
0x00007ffe19300000 - 0x00007ffe1935e000 	C:\WINDOWS\System32\shlwapi.dll
0x00007ffe17ec0000 - 0x00007ffe17ee1000 	C:\WINDOWS\SYSTEM32\profapi.dll
0x00007ffe09dc0000 - 0x00007ffe09dd9000 	C:\zulu17.40.19-ca-fx-jdk17.0.6-win_x64\zulu17.40.19-ca-fx-jdk17.0.6-win_x64\bin\net.dll
0x00007ffe0fff0000 - 0x00007ffe10127000 	C:\WINDOWS\SYSTEM32\WINHTTP.dll
0x00007ffe17500000 - 0x00007ffe17569000 	C:\WINDOWS\system32\mswsock.dll
0x00007ffe09a40000 - 0x00007ffe09a56000 	C:\zulu17.40.19-ca-fx-jdk17.0.6-win_x64\zulu17.40.19-ca-fx-jdk17.0.6-win_x64\bin\nio.dll
0x00007ffe09a20000 - 0x00007ffe09a38000 	C:\zulu17.40.19-ca-fx-jdk17.0.6-win_x64\zulu17.40.19-ca-fx-jdk17.0.6-win_x64\bin\zip.dll

dbghelp: loaded successfully - version: 4.0.5 - missing functions: none
symbol engine: initialized successfully - sym options: 0x614 - pdb path: .;C:\zulu17.40.19-ca-fx-jdk17.0.6-win_x64\zulu17.40.19-ca-fx-jdk17.0.6-win_x64\bin;C:\WINDOWS\SYSTEM32;C:\WINDOWS\WinSxS\amd64_microsoft.windows.common-controls_6595b64144ccf1df_6.0.22621.1635_none_270f70857386168e;C:\zulu17.40.19-ca-fx-jdk17.0.6-win_x64\zulu17.40.19-ca-fx-jdk17.0.6-win_x64\bin\server

VM Arguments:
jvm_args: -Dapplication.home=C:\zulu17.40.19-ca-fx-jdk17.0.6-win_x64\zulu17.40.19-ca-fx-jdk17.0.6-win_x64 --add-modules=ALL-DEFAULT -Xms8m -Djdk.module.main=jdk.compiler 
java_command: jdk.compiler/com.sun.tools.javac.Main -d C:\Users\aleja\OneDrive\Documentos\NetBeansProjects\ProjetoSalaoFinal\build\classes -classpath C:\Users\aleja\OneDrive\Documentos\NetBeansProjects\ProjetoSalaoFinal\build\classes;C:\Users\aleja\OneDrive\햞ea de Trabalho\jdbc\mysql-connector-java-8.0.26\mysql-connector-java-8.0.26.jar -sourcepath C:\Users\aleja\OneDrive\Documentos\NetBeansProjects\ProjetoSalaoFinal\build\empty -target 17 -encoding UTF-8 -g -processorpath C:\Users\aleja\OneDrive\햞ea de Trabalho\jdbc\mysql-connector-java-8.0.26\mysql-connector-java-8.0.26.jar;C:\Users\aleja\OneDrive\Documentos\NetBeansProjects\ProjetoSalaoFinal\build\empty -s C:\Users\aleja\OneDrive\Documentos\NetBeansProjects\ProjetoSalaoFinal\build\generated-sources\ap-source-output -source 17 C:\Users\aleja\OneDrive\Documentos\NetBeansProjects\ProjetoSalaoFinal\src\ConexaoBD\ConexaoBancoDeDados.java C:\Users\aleja\OneDrive\Documentos\NetBeansProjects\ProjetoSalaoFinal\src\Dao\ClienteDao.java C:\Users\aleja\OneDrive\Documentos\NetBeansProjects\ProjetoSalaoFinal\src\Dao\LoginUserDao.java C:\Users\aleja\OneDrive\Documentos\NetBeansProjects\ProjetoSalaoFinal\src\Dao\ServicoDao.java C:\Users\aleja\OneDrive\Documentos\NetBeansProjects\ProjetoSalaoFinal\src\controller\CadastroAdmController.java C:\Users\aleja\OneDrive\Documentos\NetBeansProjects\ProjetoSalaoFinal\src\controller\CadastroServicoController.java C:\Users\aleja\OneDrive\Documentos\NetBeansProjects\ProjetoSalaoFinal\src\controller\LoginViewFXMLController.java C:\Users\aleja\OneDrive\Documentos\NetBeansProjects\ProjetoSalaoFinal\src\controller\TelaCrudController.java C:\Users\aleja\OneDrive\Documentos\NetBeansProjects\ProjetoSalaoFinal\src\model\Cliente.java C:\Users\aleja\OneDrive\Documentos\NetBeansProjects\ProjetoSalaoFinal\src\model\Servico.java C:\Users\aleja\OneDrive\Documentos\NetBeansProjects\ProjetoSalaoFinal\src\model\Usuario.java C:\Users\aleja\OneDrive\Documentos\NetBeansProjects\ProjetoSalaoFinal\src\projetosa
java_class_path (initial): <not set>
Launcher Type: SUN_STANDARD

[Global flags]
     intx CICompilerCount                          = 4                                         {product} {ergonomic}
     uint ConcGCThreads                            = 2                                         {product} {ergonomic}
     uint G1ConcRefinementThreads                  = 8                                         {product} {ergonomic}
   size_t G1HeapRegionSize                         = 1048576                                   {product} {ergonomic}
    uintx GCDrainStackTargetSize                   = 64                                        {product} {ergonomic}
   size_t InitialHeapSize                          = 8388608                                   {product} {command line}
   size_t MarkStackSize                            = 4194304                                   {product} {ergonomic}
   size_t MaxHeapSize                              = 2103443456                                {product} {ergonomic}
   size_t MaxNewSize                               = 1261436928                                {product} {ergonomic}
   size_t MinHeapDeltaBytes                        = 1048576                                   {product} {ergonomic}
   size_t MinHeapSize                              = 8388608                                   {product} {command line}
    uintx NonNMethodCodeHeapSize                   = 5839372                                {pd product} {ergonomic}
    uintx NonProfiledCodeHeapSize                  = 122909434                              {pd product} {ergonomic}
    uintx ProfiledCodeHeapSize                     = 122909434                              {pd product} {ergonomic}
    uintx ReservedCodeCacheSize                    = 251658240                              {pd product} {ergonomic}
     bool SegmentedCodeCache                       = true                                      {product} {ergonomic}
   size_t SoftMaxHeapSize                          = 2103443456                             {manageable} {ergonomic}
     bool UseCompressedClassPointers               = true                           {product lp64_product} {ergonomic}
     bool UseCompressedOops                        = true                           {product lp64_product} {ergonomic}
     bool UseG1GC                                  = true                                      {product} {ergonomic}
     bool UseLargePagesIndividualAllocation        = false                                  {pd product} {ergonomic}

Logging:
Log output configuration:
 #0: stdout all=warning uptime,level,tags
 #1: stderr all=off uptime,level,tags

Environment Variables:
PATH=C:\Program Files\Common Files\Oracle\Java\javapath;C:\Windows\system32;C:\Windows;C:\Windows\System32\Wbem;C:\Windows\System32\WindowsPowerShell\v1.0\;C:\Windows\System32\OpenSSH\;C:\Program Files (x86)\NVIDIA Corporation\PhysX\Common;C:\Program Files\NVIDIA Corporation\NVIDIA NvDLISR;C:\Program Files\dotnet\;C:\Program Files\TortoiseSVN\bin;C:\WINDOWS\system32;C:\WINDOWS;C:\WINDOWS\System32\Wbem;C:\WINDOWS\System32\WindowsPowerShell\v1.0\;C:\WINDOWS\System32\OpenSSH\;C:\Program Files\Git\cmd;C:\Program Files (x86)\Microsoft SQL Server\160\Tools\Binn\;C:\Program Files\Microsoft SQL Server\160\Tools\Binn\;C:\Program Files\Microsoft SQL Server\Client SDK\ODBC\170\Tools\Binn\;C:\Program Files\Microsoft SQL Server\160\DTS\Binn\;C:\Program Files (x86)\Microsoft SQL Server\160\DTS\Binn\;C:\Program Files\Azure Data Studio\bin;C:\Program Files\Microsoft SQL Server\150\Tools\Binn\;C:\Users\aleja\AppData\Local\Microsoft\WindowsApps;C:\Users\aleja\AppData\Local\Programs\Microsoft VS Code\bin;C:\Users\aleja\.dotnet\tools
USERNAME=aleja
OS=Windows_NT
PROCESSOR_IDENTIFIER=Intel64 Family 6 Model 165 Stepping 2, GenuineIntel
TMP=C:\Users\aleja\AppData\Local\Temp
TEMP=C:\Users\aleja\AppData\Local\Temp



---------------  S Y S T E M  ---------------

OS:
 Windows 11 , 64 bit Build 22621 (10.0.22621.1778)
OS uptime: 1 days 11:58 hours
Hyper-V role detected

CPU: total 8 (initial active 8) (4 cores per cpu, 2 threads per core) family 6 model 165 stepping 2 microcode 0xea, cx8, cmov, fxsr, ht, mmx, 3dnowpref, sse, sse2, sse3, ssse3, sse4.1, sse4.2, popcnt, lzcnt, tsc, tscinvbit, avx, avx2, aes, erms, clmul, bmi1, bmi2, adx, fma, vzeroupper, clflush, clflushopt, hv

Memory: 4k page, system-wide physical 8023M (620M free)
TotalPageFile size 32599M (AvailPageFile size 10M)
current process WorkingSet (physical memory assigned to process): 90M, peak: 90M
current process commit charge ("private bytes"): 128M, peak: 149M

vm_info: OpenJDK 64-Bit Server VM (17.0.6+10-LTS) for windows-amd64 JRE (17.0.6+10-LTS) (Zulu17.40+19-CA), built on Jan  4 2023 15:04:34 by "zulu_re" with MS VC++ 16.10 / 16.11 (VS2019)

END.
