#
# There is insufficient memory for the Java Runtime Environment to continue.
# Native memory allocation (malloc) failed to allocate 131088 bytes for Chunk::new
# Possible reasons:
#   The system is out of physical RAM or swap space
#   The process is running with CompressedOops enabled, and the Java Heap may be blocking the growth of the native heap
# Possible solutions:
#   Reduce memory load on the system
#   Increase physical memory or swap space
#   Check if swap backing store is full
#   Decrease Java heap size (-Xmx/-Xms)
#   Decrease number of Java threads
#   Decrease Java thread stack sizes (-Xss)
#   Set larger code cache with -XX:ReservedCodeCacheSize=
#   JVM is running with Unscaled Compressed Oops mode in which the Java heap is
#     placed in the first 4GB address space. The Java Heap base address is the
#     maximum limit for the native heap growth. Please use -XX:HeapBaseMinAddress
#     to set the Java Heap base and to place the Java Heap above 4GB virtual address.
# This output file may be truncated or incomplete.
#
#  Out of Memory Error (arena.cpp:189), pid=8124, tid=29352
#
# JRE version: OpenJDK Runtime Environment Zulu17.40+19-CA (17.0.6+10) (build 17.0.6+10-LTS)
# Java VM: OpenJDK 64-Bit Server VM Zulu17.40+19-CA (17.0.6+10-LTS, mixed mode, sharing, tiered, compressed oops, compressed class ptrs, g1 gc, windows-amd64)
# No core dump will be written. Minidumps are not enabled by default on client versions of Windows
#

---------------  S U M M A R Y ------------

Command Line: -Dapplication.home=C:\zulu17.40.19-ca-fx-jdk17.0.6-win_x64\zulu17.40.19-ca-fx-jdk17.0.6-win_x64 --add-modules=ALL-DEFAULT -Xms8m -Djdk.module.main=jdk.compiler jdk.compiler/com.sun.tools.javac.Main -d C:\Users\aleja\OneDrive\Documentos\NetBeansProjects\ProjetoSalaoFinal\build\classes -classpath C:\Users\aleja\OneDrive\Documentos\NetBeansProjects\ProjetoSalaoFinal\build\classes;C:\Users\aleja\OneDrive\햞ea de Trabalho\jdbc\mysql-connector-java-8.0.26\mysql-connector-java-8.0.26.jar -sourcepath C:\Users\aleja\OneDrive\Documentos\NetBeansProjects\ProjetoSalaoFinal\src -target 17 -encoding UTF-8 -g -processorpath C:\Users\aleja\OneDrive\햞ea de Trabalho\jdbc\mysql-connector-java-8.0.26\mysql-connector-java-8.0.26.jar;C:\Users\aleja\OneDrive\Documentos\NetBeansProjects\ProjetoSalaoFinal\build\empty -s C:\Users\aleja\OneDrive\Documentos\NetBeansProjects\ProjetoSalaoFinal\build\generated-sources\ap-source-output -source 17 C:\Users\aleja\OneDrive\Documentos\NetBeansProjects\ProjetoSalaoFinal\src\projetosalaofinal\ProjetoSalaoFinal.java

Host: Intel(R) Core(TM) i5-10300H CPU @ 2.50GHz, 8 cores, 7G,  Windows 11 , 64 bit Build 22621 (10.0.22621.1778)
Time: Sat Jun 17 00:21:33 2023 Hora oficial do Brasil elapsed time: 2.079921 seconds (0d 0h 0m 2s)

---------------  T H R E A D  ---------------

Current thread (0x000002e6a8572630):  JavaThread "C2 CompilerThread1" daemon [_thread_in_native, id=29352, stack(0x000000fa70800000,0x000000fa70900000)]


Current CompileTask:
C2:   2080 1505       4       com.sun.tools.javac.jvm.PoolReader::resolve (344 bytes)

Stack: [0x000000fa70800000,0x000000fa70900000]
Native frames: (J=compiled Java code, j=interpreted, Vv=VM code, C=native code)
V  [jvm.dll+0x67c72a]
V  [jvm.dll+0x83a2c4]
V  [jvm.dll+0x83ba6e]
V  [jvm.dll+0x83c0d3]
V  [jvm.dll+0x249415]
V  [jvm.dll+0xabc9c]
V  [jvm.dll+0xac26c]
V  [jvm.dll+0xabdab]
V  [jvm.dll+0x659b4c]
V  [jvm.dll+0x58f39a]
V  [jvm.dll+0x5790c9]
V  [jvm.dll+0x57c687]
V  [jvm.dll+0x57bddd]
V  [jvm.dll+0x57bcc0]
V  [jvm.dll+0x57be49]
V  [jvm.dll+0x5839dd]
V  [jvm.dll+0x220c82]
V  [jvm.dll+0x22105f]
V  [jvm.dll+0x21a925]
V  [jvm.dll+0x217deb]
V  [jvm.dll+0x1a40bd]
V  [jvm.dll+0x22787a]
V  [jvm.dll+0x2259d5]
V  [jvm.dll+0x7efcac]
V  [jvm.dll+0x7ea20a]
V  [jvm.dll+0x67b5d5]
C  [ucrtbase.dll+0x29363]
C  [KERNEL32.DLL+0x126ad]
C  [ntdll.dll+0x5a9f8]


---------------  P R O C E S S  ---------------

Threads class SMR info:
_java_thread_list=0x000002e6a8cbc360, length=14, elements={
0x000002e688729ea0, 0x000002e6a7ac1370, 0x000002e6a7ac26d0, 0x000002e6a7adac40,
0x000002e6a7adb710, 0x000002e6a7ade0e0, 0x000002e6a7adeaa0, 0x000002e6a7adf840,
0x000002e6a7ae2aa0, 0x000002e6a7ae38b0, 0x000002e6887d9030, 0x000002e6a8572630,
0x000002e6a8661690, 0x000002e6a8b43090
}

Java Threads: ( => current thread )
  0x000002e688729ea0 JavaThread "main" [_thread_blocked, id=22252, stack(0x000000fa6f600000,0x000000fa6f700000)]
  0x000002e6a7ac1370 JavaThread "Reference Handler" daemon [_thread_blocked, id=1256, stack(0x000000fa6fd00000,0x000000fa6fe00000)]
  0x000002e6a7ac26d0 JavaThread "Finalizer" daemon [_thread_blocked, id=17712, stack(0x000000fa6fe00000,0x000000fa6ff00000)]
  0x000002e6a7adac40 JavaThread "Signal Dispatcher" daemon [_thread_blocked, id=15344, stack(0x000000fa70000000,0x000000fa70100000)]
  0x000002e6a7adb710 JavaThread "Attach Listener" daemon [_thread_blocked, id=10900, stack(0x000000fa70100000,0x000000fa70200000)]
  0x000002e6a7ade0e0 JavaThread "Service Thread" daemon [_thread_blocked, id=20208, stack(0x000000fa70200000,0x000000fa70300000)]
  0x000002e6a7adeaa0 JavaThread "Monitor Deflation Thread" daemon [_thread_blocked, id=18012, stack(0x000000fa70300000,0x000000fa70400000)]
  0x000002e6a7adf840 JavaThread "C2 CompilerThread0" daemon [_thread_blocked, id=20624, stack(0x000000fa70400000,0x000000fa70500000)]
  0x000002e6a7ae2aa0 JavaThread "C1 CompilerThread0" daemon [_thread_blocked, id=9060, stack(0x000000fa70500000,0x000000fa70600000)]
  0x000002e6a7ae38b0 JavaThread "Sweeper thread" daemon [_thread_blocked, id=10836, stack(0x000000fa70600000,0x000000fa70700000)]
  0x000002e6887d9030 JavaThread "Common-Cleaner" daemon [_thread_blocked, id=21168, stack(0x000000fa70700000,0x000000fa70800000)]
=>0x000002e6a8572630 JavaThread "C2 CompilerThread1" daemon [_thread_in_native, id=29352, stack(0x000000fa70800000,0x000000fa70900000)]
  0x000002e6a8661690 JavaThread "Notification Thread" daemon [_thread_blocked, id=9424, stack(0x000000fa70900000,0x000000fa70a00000)]
  0x000002e6a8b43090 JavaThread "C2 CompilerThread2" daemon [_thread_blocked, id=9500, stack(0x000000fa71100000,0x000000fa71200000)]

Other Threads:
  0x000002e6887ec200 VMThread "VM Thread" [stack: 0x000000fa6fc00000,0x000000fa6fd00000] [id=5852]
  0x000002e6a8588770 WatcherThread [stack: 0x000000fa70a00000,0x000000fa70b00000] [id=22704]
  0x000002e688785e80 GCTaskThread "GC Thread#0" [stack: 0x000000fa6f700000,0x000000fa6f800000] [id=21696]
  0x000002e6a8762500 GCTaskThread "GC Thread#1" [stack: 0x000000fa70b00000,0x000000fa70c00000] [id=28816]
  0x000002e6a876bc40 GCTaskThread "GC Thread#2" [stack: 0x000000fa70c00000,0x000000fa70d00000] [id=19240]
  0x000002e6a87503f0 GCTaskThread "GC Thread#3" [stack: 0x000000fa70d00000,0x000000fa70e00000] [id=7016]
  0x000002e6a88a5940 GCTaskThread "GC Thread#4" [stack: 0x000000fa70e00000,0x000000fa70f00000] [id=20996]
  0x000002e6a89aac00 GCTaskThread "GC Thread#5" [stack: 0x000000fa70f00000,0x000000fa71000000] [id=8]
  0x000002e6a8b408a0 GCTaskThread "GC Thread#6" [stack: 0x000000fa71000000,0x000000fa71100000] [id=7892]
  0x000002e6a8eb0680 GCTaskThread "GC Thread#7" [stack: 0x000000fa71300000,0x000000fa71400000] [id=22452]
  0x000002e688796890 ConcurrentGCThread "G1 Main Marker" [stack: 0x000000fa6f800000,0x000000fa6f900000] [id=7936]
  0x000002e6887972a0 ConcurrentGCThread "G1 Conc#0" [stack: 0x000000fa6f900000,0x000000fa6fa00000] [id=28792]
  0x000002e6a8b91f80 ConcurrentGCThread "G1 Conc#1" [stack: 0x000000fa71200000,0x000000fa71300000] [id=18708]
  0x000002e6887c0020 ConcurrentGCThread "G1 Refine#0" [stack: 0x000000fa6fa00000,0x000000fa6fb00000] [id=22224]
  0x000002e6887c0a50 ConcurrentGCThread "G1 Service" [stack: 0x000000fa6fb00000,0x000000fa6fc00000] [id=22996]

Threads with active compile tasks:
C2 CompilerThread1     2100 1505       4       com.sun.tools.javac.jvm.PoolReader::resolve (344 bytes)

VM state: not at safepoint (normal execution)

VM Mutex/Monitor currently owned by a thread: None

Heap address: 0x0000000082a00000, size: 2006 MB, Compressed Oops mode: 32-bit

CDS archive(s) mapped at: [0x0000000800000000-0x0000000800c00000-0x0000000800c00000), size 12582912, SharedBaseAddress: 0x0000000800000000, ArchiveRelocationMode: 0.
Compressed class space mapped at: 0x0000000800c00000-0x0000000840c00000, reserved size: 1073741824
Narrow klass base: 0x0000000800000000, Narrow klass shift: 0, Narrow klass range: 0x100000000

GC Precious Log:
 CPUs: 8 total, 8 available
 Memory: 8023M
 Large Page Support: Disabled
 NUMA Support: Disabled
 Compressed Oops: Enabled (32-bit)
 Heap Region Size: 1M
 Heap Min Capacity: 8M
 Heap Initial Capacity: 8M
 Heap Max Capacity: 2006M
 Pre-touch: Disabled
 Parallel Workers: 8
 Concurrent Workers: 2
 Concurrent Refinement Workers: 8
 Periodic GC: Disabled

Heap:
 garbage-first heap   total 26624K, used 13313K [0x0000000082a00000, 0x0000000100000000)
  region size 1024K, 8 young (8192K), 2 survivors (2048K)
 Metaspace       used 10486K, committed 10752K, reserved 1064960K
  class space    used 1270K, committed 1408K, reserved 1048576K

Heap Regions: E=young(eden), S=young(survivor), O=old, HS=humongous(starts), HC=humongous(continues), CS=collection set, F=free, OA=open archive, CA=closed archive, TAMS=top-at-mark-start (previous, next)
|   0|0x0000000082a00000, 0x0000000082b00000, 0x0000000082b00000|100%| O|  |TAMS 0x0000000082b00000, 0x0000000082a00000| Untracked 
|   1|0x0000000082b00000, 0x0000000082c00000, 0x0000000082c00000|100%| O|  |TAMS 0x0000000082c00000, 0x0000000082b00000| Untracked 
|   2|0x0000000082c00000, 0x0000000082d00000, 0x0000000082d00000|100%| O|  |TAMS 0x0000000082d00000, 0x0000000082c00000| Untracked 
|   3|0x0000000082d00000, 0x0000000082e00000, 0x0000000082e00000|100%| O|  |TAMS 0x0000000082e00000, 0x0000000082d00000| Untracked 
|   4|0x0000000082e00000, 0x0000000082f00000, 0x0000000082f00000|100%| O|  |TAMS 0x0000000082e20c00, 0x0000000082e00000| Untracked 
|   5|0x0000000082f00000, 0x0000000083000000, 0x0000000083000000|100%| O|  |TAMS 0x0000000082f00000, 0x0000000082f00000| Untracked 
|   6|0x0000000083000000, 0x0000000083022000, 0x0000000083100000| 13%| O|  |TAMS 0x0000000083000000, 0x0000000083000000| Untracked 
|   7|0x0000000083100000, 0x0000000083100000, 0x0000000083200000|  0%| F|  |TAMS 0x0000000083100000, 0x0000000083100000| Untracked 
|   8|0x0000000083200000, 0x0000000083200000, 0x0000000083300000|  0%| F|  |TAMS 0x0000000083200000, 0x0000000083200000| Untracked 
|   9|0x0000000083300000, 0x0000000083300000, 0x0000000083400000|  0%| F|  |TAMS 0x0000000083300000, 0x0000000083300000| Untracked 
|  10|0x0000000083400000, 0x0000000083400000, 0x0000000083500000|  0%| F|  |TAMS 0x0000000083400000, 0x0000000083400000| Untracked 
|  11|0x0000000083500000, 0x0000000083500000, 0x0000000083600000|  0%| F|  |TAMS 0x0000000083500000, 0x0000000083500000| Untracked 
|  12|0x0000000083600000, 0x0000000083600000, 0x0000000083700000|  0%| F|  |TAMS 0x0000000083600000, 0x0000000083600000| Untracked 
|  13|0x0000000083700000, 0x0000000083700000, 0x0000000083800000|  0%| F|  |TAMS 0x0000000083700000, 0x0000000083700000| Untracked 
|  14|0x0000000083800000, 0x00000000838de7e0, 0x0000000083900000| 86%| S|CS|TAMS 0x0000000083800000, 0x0000000083800000| Complete 
|  15|0x0000000083900000, 0x0000000083a00000, 0x0000000083a00000|100%| S|CS|TAMS 0x0000000083900000, 0x0000000083900000| Complete 
|  16|0x0000000083a00000, 0x0000000083a00000, 0x0000000083b00000|  0%| F|  |TAMS 0x0000000083a00000, 0x0000000083a00000| Untracked 
|  17|0x0000000083b00000, 0x0000000083b00000, 0x0000000083c00000|  0%| F|  |TAMS 0x0000000083b00000, 0x0000000083b00000| Untracked 
|  18|0x0000000083c00000, 0x0000000083c00000, 0x0000000083d00000|  0%| F|  |TAMS 0x0000000083c00000, 0x0000000083c00000| Untracked 
|  19|0x0000000083d00000, 0x0000000083d00000, 0x0000000083e00000|  0%| F|  |TAMS 0x0000000083d00000, 0x0000000083d00000| Untracked 
|  20|0x0000000083e00000, 0x0000000083e8ce88, 0x0000000083f00000| 55%| E|  |TAMS 0x0000000083e00000, 0x0000000083e00000| Complete 
|  21|0x0000000083f00000, 0x0000000084000000, 0x0000000084000000|100%| E|CS|TAMS 0x0000000083f00000, 0x0000000083f00000| Complete 
|  22|0x0000000084000000, 0x0000000084100000, 0x0000000084100000|100%| E|CS|TAMS 0x0000000084000000, 0x0000000084000000| Complete 
|  23|0x0000000084100000, 0x0000000084200000, 0x0000000084200000|100%| E|CS|TAMS 0x0000000084100000, 0x0000000084100000| Complete 
|  24|0x0000000084200000, 0x0000000084300000, 0x0000000084300000|100%| E|CS|TAMS 0x0000000084200000, 0x0000000084200000| Complete 
|  25|0x0000000084300000, 0x0000000084400000, 0x0000000084400000|100%| E|CS|TAMS 0x0000000084300000, 0x0000000084300000| Complete 

Card table byte_map: [0x000002e6a0a60000,0x000002e6a0e50000] _byte_map_base: 0x000002e6a064b000

Marking Bits (Prev, Next): (CMBitMap*) 0x000002e6887864e0, (CMBitMap*) 0x000002e6887864a0
 Prev Bits: [0x000002e6a31a0000, 0x000002e6a50f8000)
 Next Bits: [0x000002e6a1240000, 0x000002e6a3198000)

Polling page: 0x000002e687ef0000

Metaspace:

Usage:
  Non-class:      9.00 MB used.
      Class:      1.24 MB used.
       Both:     10.24 MB used.

Virtual space:
  Non-class space:       16.00 MB reserved,       9.12 MB ( 57%) committed,  2 nodes.
      Class space:        1.00 GB reserved,       1.38 MB ( <1%) committed,  1 nodes.
             Both:        1.02 GB reserved,      10.50 MB (  1%) committed. 

Chunk freelists:
   Non-Class:  1.03 MB
       Class:  2.67 MB
        Both:  3.70 MB

MaxMetaspaceSize: unlimited
CompressedClassSpaceSize: 1.00 GB
Initial GC threshold: 21.00 MB
Current GC threshold: 21.00 MB
CDS: on
MetaspaceReclaimPolicy: balanced
 - commit_granule_bytes: 65536.
 - commit_granule_words: 8192.
 - virtual_space_node_default_size: 1048576.
 - enlarge_chunks_in_place: 1.
 - new_chunks_are_fully_committed: 0.
 - uncommit_free_chunks: 1.
 - use_allocation_guard: 0.
 - handle_deallocations: 1.


Internal statistics:

num_allocs_failed_limit: 0.
num_arena_births: 88.
num_arena_deaths: 0.
num_vsnodes_births: 3.
num_vsnodes_deaths: 0.
num_space_committed: 168.
num_space_uncommitted: 0.
num_chunks_returned_to_freelist: 0.
num_chunks_taken_from_freelist: 451.
num_chunk_merges: 0.
num_chunk_splits: 306.
num_chunks_enlarged: 240.
num_purges: 0.
num_inconsistent_stats: 0.

CodeHeap 'non-profiled nmethods': size=120000Kb used=581Kb max_used=581Kb free=119418Kb
 bounds [0x000002e698e10000, 0x000002e699080000, 0x000002e6a0340000]
CodeHeap 'profiled nmethods': size=120000Kb used=2873Kb max_used=2873Kb free=117126Kb
 bounds [0x000002e691340000, 0x000002e691610000, 0x000002e698870000]
CodeHeap 'non-nmethods': size=5760Kb used=1150Kb max_used=1191Kb free=4609Kb
 bounds [0x000002e698870000, 0x000002e698ae0000, 0x000002e698e10000]
 total_blobs=2095 nmethods=1661 adapters=346
 compilation: enabled
              stopped_count=0, restarted_count=0
 full_count=0

Compilation events (20 events):
Event: 2.076 Thread 0x000002e6a7ae2aa0 1647   !   3       jdk.internal.ref.PhantomCleanable::insert (53 bytes)
Event: 2.076 Thread 0x000002e6a7ae2aa0 nmethod 1647 0x000002e691609d90 code [0x000002e691609f40, 0x000002e69160a2b8]
Event: 2.076 Thread 0x000002e6a7ae2aa0 1648       3       jdk.internal.ref.CleanerFactory::cleaner (4 bytes)
Event: 2.076 Thread 0x000002e6a7ae2aa0 nmethod 1648 0x000002e69160a410 code [0x000002e69160a5a0, 0x000002e69160a698]
Event: 2.076 Thread 0x000002e6a7ae2aa0 1649       3       com.sun.tools.javac.code.Scope$ScopeImpl$1::skipToNextMatchingEntry (48 bytes)
Event: 2.076 Thread 0x000002e6a7ae2aa0 nmethod 1649 0x000002e69160a710 code [0x000002e69160a8c0, 0x000002e69160ac28]
Event: 2.076 Thread 0x000002e6a7ae2aa0 1650       3       com.sun.tools.javac.util.ByteBuffer::appendChar (63 bytes)
Event: 2.076 Thread 0x000002e6a7ae2aa0 nmethod 1650 0x000002e69160ad90 code [0x000002e69160af40, 0x000002e69160b168]
Event: 2.076 Thread 0x000002e6a7adf840 1652       4       com.sun.tools.javac.code.Kinds$Kind::matches (9 bytes)
Event: 2.076 Thread 0x000002e6a7ae2aa0 1651       3       com.sun.tools.javac.util.ByteBuffer::appendByte (34 bytes)
Event: 2.077 Thread 0x000002e6a7ae2aa0 nmethod 1651 0x000002e69160b290 code [0x000002e69160b440, 0x000002e69160b628]
Event: 2.077 Thread 0x000002e6a7ae2aa0 1653       3       com.sun.tools.javac.code.Scope$ScopeImpl$1::update (72 bytes)
Event: 2.077 Thread 0x000002e6a7adf840 nmethod 1652 0x000002e698ea0b90 code [0x000002e698ea0d00, 0x000002e698ea0db8]
Event: 2.077 Thread 0x000002e6a7ae2aa0 nmethod 1653 0x000002e69160b710 code [0x000002e69160b8e0, 0x000002e69160bc78]
Event: 2.077 Thread 0x000002e6a7ae2aa0 1654       3       com.sun.tools.javac.code.Types$14::visitClassType (10 bytes)
Event: 2.077 Thread 0x000002e6a7ae2aa0 nmethod 1654 0x000002e69160bd90 code [0x000002e69160bf40, 0x000002e69160c188]
Event: 2.077 Thread 0x000002e6a7ae2aa0 1655       3       com.sun.tools.javac.code.Types$14::visitClassType (54 bytes)
Event: 2.078 Thread 0x000002e6a7ae2aa0 nmethod 1655 0x000002e69160c290 code [0x000002e69160c4a0, 0x000002e69160ca28]
Event: 2.078 Thread 0x000002e6a7ae2aa0 1656       3       com.sun.tools.javac.code.Type$MethodType::accept (9 bytes)
Event: 2.078 Thread 0x000002e6a7ae2aa0 nmethod 1656 0x000002e69160cc90 code [0x000002e69160ce40, 0x000002e69160d028]

GC Heap History (20 events):
Event: 1.119 GC heap before
{Heap before GC invocations=2 (full 0):
 garbage-first heap   total 8192K, used 2919K [0x0000000082a00000, 0x0000000100000000)
  region size 1024K, 2 young (2048K), 1 survivors (1024K)
 Metaspace       used 6329K, committed 6464K, reserved 1064960K
  class space    used 759K, committed 832K, reserved 1048576K
}
Event: 1.121 GC heap after
{Heap after GC invocations=3 (full 0):
 garbage-first heap   total 8192K, used 2271K [0x0000000082a00000, 0x0000000100000000)
  region size 1024K, 1 young (1024K), 1 survivors (1024K)
 Metaspace       used 6329K, committed 6464K, reserved 1064960K
  class space    used 759K, committed 832K, reserved 1048576K
}
Event: 1.251 GC heap before
{Heap before GC invocations=3 (full 0):
 garbage-first heap   total 8192K, used 3295K [0x0000000082a00000, 0x0000000100000000)
  region size 1024K, 2 young (2048K), 1 survivors (1024K)
 Metaspace       used 7717K, committed 7872K, reserved 1064960K
  class space    used 902K, committed 960K, reserved 1048576K
}
Event: 1.253 GC heap after
{Heap after GC invocations=4 (full 0):
 garbage-first heap   total 8192K, used 2570K [0x0000000082a00000, 0x0000000100000000)
  region size 1024K, 1 young (1024K), 1 survivors (1024K)
 Metaspace       used 7717K, committed 7872K, reserved 1064960K
  class space    used 902K, committed 960K, reserved 1048576K
}
Event: 1.306 GC heap before
{Heap before GC invocations=4 (full 0):
 garbage-first heap   total 8192K, used 3594K [0x0000000082a00000, 0x0000000100000000)
  region size 1024K, 2 young (2048K), 1 survivors (1024K)
 Metaspace       used 7966K, committed 8128K, reserved 1064960K
  class space    used 928K, committed 1024K, reserved 1048576K
}
Event: 1.308 GC heap after
{Heap after GC invocations=5 (full 0):
 garbage-first heap   total 8192K, used 2965K [0x0000000082a00000, 0x0000000100000000)
  region size 1024K, 1 young (1024K), 1 survivors (1024K)
 Metaspace       used 7966K, committed 8128K, reserved 1064960K
  class space    used 928K, committed 1024K, reserved 1048576K
}
Event: 1.333 GC heap before
{Heap before GC invocations=5 (full 0):
 garbage-first heap   total 8192K, used 3989K [0x0000000082a00000, 0x0000000100000000)
  region size 1024K, 2 young (2048K), 1 survivors (1024K)
 Metaspace       used 8011K, committed 8192K, reserved 1064960K
  class space    used 931K, committed 1024K, reserved 1048576K
}
Event: 1.337 GC heap after
{Heap after GC invocations=6 (full 0):
 garbage-first heap   total 10240K, used 3431K [0x0000000082a00000, 0x0000000100000000)
  region size 1024K, 1 young (1024K), 1 survivors (1024K)
 Metaspace       used 8011K, committed 8192K, reserved 1064960K
  class space    used 931K, committed 1024K, reserved 1048576K
}
Event: 1.463 GC heap before
{Heap before GC invocations=6 (full 0):
 garbage-first heap   total 10240K, used 5479K [0x0000000082a00000, 0x0000000100000000)
  region size 1024K, 3 young (3072K), 1 survivors (1024K)
 Metaspace       used 8734K, committed 8960K, reserved 1064960K
  class space    used 1026K, committed 1152K, reserved 1048576K
}
Event: 1.467 GC heap after
{Heap after GC invocations=7 (full 0):
 garbage-first heap   total 10240K, used 4172K [0x0000000082a00000, 0x0000000100000000)
  region size 1024K, 1 young (1024K), 1 survivors (1024K)
 Metaspace       used 8734K, committed 8960K, reserved 1064960K
  class space    used 1026K, committed 1152K, reserved 1048576K
}
Event: 1.479 GC heap before
{Heap before GC invocations=7 (full 0):
 garbage-first heap   total 10240K, used 5196K [0x0000000082a00000, 0x0000000100000000)
  region size 1024K, 2 young (2048K), 1 survivors (1024K)
 Metaspace       used 8752K, committed 8960K, reserved 1064960K
  class space    used 1026K, committed 1152K, reserved 1048576K
}
Event: 1.482 GC heap after
{Heap after GC invocations=8 (full 0):
 garbage-first heap   total 10240K, used 4486K [0x0000000082a00000, 0x0000000100000000)
  region size 1024K, 1 young (1024K), 1 survivors (1024K)
 Metaspace       used 8752K, committed 8960K, reserved 1064960K
  class space    used 1026K, committed 1152K, reserved 1048576K
}
Event: 1.507 GC heap before
{Heap before GC invocations=8 (full 0):
 garbage-first heap   total 10240K, used 5510K [0x0000000082a00000, 0x0000000100000000)
  region size 1024K, 2 young (2048K), 1 survivors (1024K)
 Metaspace       used 8790K, committed 8960K, reserved 1064960K
  class space    used 1026K, committed 1152K, reserved 1048576K
}
Event: 1.509 GC heap after
{Heap after GC invocations=9 (full 0):
 garbage-first heap   total 10240K, used 4564K [0x0000000082a00000, 0x0000000100000000)
  region size 1024K, 1 young (1024K), 1 survivors (1024K)
 Metaspace       used 8790K, committed 8960K, reserved 1064960K
  class space    used 1026K, committed 1152K, reserved 1048576K
}
Event: 1.595 GC heap before
{Heap before GC invocations=10 (full 0):
 garbage-first heap   total 12288K, used 4564K [0x0000000082a00000, 0x0000000100000000)
  region size 1024K, 2 young (2048K), 1 survivors (1024K)
 Metaspace       used 8922K, committed 9152K, reserved 1064960K
  class space    used 1047K, committed 1152K, reserved 1048576K
}
Event: 1.596 GC heap after
{Heap after GC invocations=11 (full 0):
 garbage-first heap   total 26624K, used 4753K [0x0000000082a00000, 0x0000000100000000)
  region size 1024K, 1 young (1024K), 1 survivors (1024K)
 Metaspace       used 8922K, committed 9152K, reserved 1064960K
  class space    used 1047K, committed 1152K, reserved 1048576K
}
Event: 1.689 GC heap before
{Heap before GC invocations=11 (full 0):
 garbage-first heap   total 26624K, used 12945K [0x0000000082a00000, 0x0000000100000000)
  region size 1024K, 9 young (9216K), 1 survivors (1024K)
 Metaspace       used 9122K, committed 9344K, reserved 1064960K
  class space    used 1067K, committed 1216K, reserved 1048576K
}
Event: 1.696 GC heap after
{Heap after GC invocations=12 (full 0):
 garbage-first heap   total 26624K, used 6310K [0x0000000082a00000, 0x0000000100000000)
  region size 1024K, 2 young (2048K), 2 survivors (2048K)
 Metaspace       used 9122K, committed 9344K, reserved 1064960K
  class space    used 1067K, committed 1216K, reserved 1048576K
}
Event: 1.923 GC heap before
{Heap before GC invocations=12 (full 0):
 garbage-first heap   total 26624K, used 14502K [0x0000000082a00000, 0x0000000100000000)
  region size 1024K, 10 young (10240K), 2 survivors (2048K)
 Metaspace       used 9739K, committed 9984K, reserved 1064960K
  class space    used 1170K, committed 1280K, reserved 1048576K
}
Event: 1.931 GC heap after
{Heap after GC invocations=13 (full 0):
 garbage-first heap   total 26624K, used 8193K [0x0000000082a00000, 0x0000000100000000)
  region size 1024K, 2 young (2048K), 2 survivors (2048K)
 Metaspace       used 9739K, committed 9984K, reserved 1064960K
  class space    used 1170K, committed 1280K, reserved 1048576K
}

Dll operation events (6 events):
Event: 0.100 Loaded shared library C:\zulu17.40.19-ca-fx-jdk17.0.6-win_x64\zulu17.40.19-ca-fx-jdk17.0.6-win_x64\bin\java.dll
Event: 0.133 Loaded shared library C:\zulu17.40.19-ca-fx-jdk17.0.6-win_x64\zulu17.40.19-ca-fx-jdk17.0.6-win_x64\bin\jsvml.dll
Event: 0.449 Loaded shared library C:\zulu17.40.19-ca-fx-jdk17.0.6-win_x64\zulu17.40.19-ca-fx-jdk17.0.6-win_x64\bin\jimage.dll
Event: 0.687 Loaded shared library C:\zulu17.40.19-ca-fx-jdk17.0.6-win_x64\zulu17.40.19-ca-fx-jdk17.0.6-win_x64\bin\net.dll
Event: 0.690 Loaded shared library C:\zulu17.40.19-ca-fx-jdk17.0.6-win_x64\zulu17.40.19-ca-fx-jdk17.0.6-win_x64\bin\nio.dll
Event: 0.785 Loaded shared library C:\zulu17.40.19-ca-fx-jdk17.0.6-win_x64\zulu17.40.19-ca-fx-jdk17.0.6-win_x64\bin\zip.dll

Deoptimization events (20 events):
Event: 1.628 Thread 0x000002e688729ea0 DEOPT PACKING pc=0x000002e691437226 sp=0x000000fa6f6fd580
Event: 1.628 Thread 0x000002e688729ea0 DEOPT UNPACKING pc=0x000002e6988c7143 sp=0x000000fa6f6fca08 mode 0
Event: 1.629 Thread 0x000002e688729ea0 DEOPT PACKING pc=0x000002e691437226 sp=0x000000fa6f6fd580
Event: 1.629 Thread 0x000002e688729ea0 DEOPT UNPACKING pc=0x000002e6988c7143 sp=0x000000fa6f6fca08 mode 0
Event: 2.003 Thread 0x000002e688729ea0 Uncommon trap: trap_request=0xffffffc6 fr.pc=0x000002e698e4c508 relative=0x0000000000001268
Event: 2.003 Thread 0x000002e688729ea0 Uncommon trap: reason=bimorphic_or_optimized_type_check action=maybe_recompile pc=0x000002e698e4c508 method=java.util.HashMap.putVal(ILjava/lang/Object;Ljava/lang/Object;ZZ)Ljava/lang/Object; @ 56 c2
Event: 2.003 Thread 0x000002e688729ea0 DEOPT PACKING pc=0x000002e698e4c508 sp=0x000000fa6f6fed10
Event: 2.003 Thread 0x000002e688729ea0 DEOPT UNPACKING pc=0x000002e6988c69a3 sp=0x000000fa6f6fec40 mode 2
Event: 2.040 Thread 0x000002e688729ea0 Uncommon trap: trap_request=0xffffff45 fr.pc=0x000002e698e47e48 relative=0x0000000000000588
Event: 2.040 Thread 0x000002e688729ea0 Uncommon trap: reason=unstable_if action=reinterpret pc=0x000002e698e47e48 method=java.util.HashMap.hash(Ljava/lang/Object;)I @ 1 c2
Event: 2.040 Thread 0x000002e688729ea0 DEOPT PACKING pc=0x000002e698e47e48 sp=0x000000fa6f6fe660
Event: 2.040 Thread 0x000002e688729ea0 DEOPT UNPACKING pc=0x000002e6988c69a3 sp=0x000000fa6f6fe508 mode 2
Event: 2.041 Thread 0x000002e688729ea0 Uncommon trap: trap_request=0xffffff45 fr.pc=0x000002e698e5a010 relative=0x0000000000000730
Event: 2.041 Thread 0x000002e688729ea0 Uncommon trap: reason=unstable_if action=reinterpret pc=0x000002e698e5a010 method=java.util.HashMap.hash(Ljava/lang/Object;)I @ 1 c2
Event: 2.041 Thread 0x000002e688729ea0 DEOPT PACKING pc=0x000002e698e5a010 sp=0x000000fa6f6fe5d0
Event: 2.041 Thread 0x000002e688729ea0 DEOPT UNPACKING pc=0x000002e6988c69a3 sp=0x000000fa6f6fe508 mode 2
Event: 2.042 Thread 0x000002e688729ea0 Uncommon trap: trap_request=0xffffff45 fr.pc=0x000002e698e1b298 relative=0x0000000000000098
Event: 2.042 Thread 0x000002e688729ea0 Uncommon trap: reason=unstable_if action=reinterpret pc=0x000002e698e1b298 method=java.util.HashMap.hash(Ljava/lang/Object;)I @ 1 c2
Event: 2.042 Thread 0x000002e688729ea0 DEOPT PACKING pc=0x000002e698e1b298 sp=0x000000fa6f6fe500
Event: 2.042 Thread 0x000002e688729ea0 DEOPT UNPACKING pc=0x000002e6988c69a3 sp=0x000000fa6f6fe498 mode 2

Classes unloaded (0 events):
No events

Classes redefined (0 events):
No events

Internal exceptions (20 events):
Event: 1.441 Thread 0x000002e688729ea0 Exception <a 'sun/nio/fs/WindowsException'{0x000000008328f898}> (0x000000008328f898) 
thrown [s\src\hotspot\share\prims\jni.cpp, line 516]
Event: 1.442 Thread 0x000002e688729ea0 Exception <a 'sun/nio/fs/WindowsException'{0x000000008328fc28}> (0x000000008328fc28) 
thrown [s\src\hotspot\share\prims\jni.cpp, line 516]
Event: 1.443 Thread 0x000002e688729ea0 Exception <a 'sun/nio/fs/WindowsException'{0x0000000083295108}> (0x0000000083295108) 
thrown [s\src\hotspot\share\prims\jni.cpp, line 516]
Event: 1.532 Thread 0x000002e688729ea0 Exception <a 'java/lang/NoSuchMethodError'{0x000000008333c430}: 'int java.lang.invoke.DirectMethodHandle$Holder.invokeSpecial(java.lang.Object, java.lang.Object, java.lang.Object)'> (0x000000008333c430) 
thrown [s\src\hotspot\share\interpreter\linkResolver.cpp, line 759]
Event: 1.550 Thread 0x000002e688729ea0 Exception <a 'sun/nio/fs/WindowsException'{0x0000000083346e68}> (0x0000000083346e68) 
thrown [s\src\hotspot\share\prims\jni.cpp, line 516]
Event: 1.550 Thread 0x000002e688729ea0 Exception <a 'sun/nio/fs/WindowsException'{0x00000000833471b8}> (0x00000000833471b8) 
thrown [s\src\hotspot\share\prims\jni.cpp, line 516]
Event: 1.551 Thread 0x000002e688729ea0 Exception <a 'sun/nio/fs/WindowsException'{0x00000000833484e0}> (0x00000000833484e0) 
thrown [s\src\hotspot\share\prims\jni.cpp, line 516]
Event: 1.551 Thread 0x000002e688729ea0 Exception <a 'sun/nio/fs/WindowsException'{0x00000000833487f8}> (0x00000000833487f8) 
thrown [s\src\hotspot\share\prims\jni.cpp, line 516]
Event: 1.555 Thread 0x000002e688729ea0 Exception <a 'java/lang/NoSuchMethodError'{0x000000008336a540}: 'java.lang.Object java.lang.invoke.DirectMethodHandle$Holder.invokeStatic(java.lang.Object, java.lang.Object, int, int)'> (0x000000008336a540) 
thrown [s\src\hotspot\share\interpreter\linkResolver.cpp, line 759]
Event: 1.676 Thread 0x000002e688729ea0 Exception <a 'java/lang/NoSuchMethodError'{0x0000000083df21a0}: 'java.lang.Object java.lang.invoke.DirectMethodHandle$Holder.invokeInterface(java.lang.Object, java.lang.Object)'> (0x0000000083df21a0) 
thrown [s\src\hotspot\share\interpreter\linkResolver.cpp, line 759]
Event: 1.679 Thread 0x000002e688729ea0 Exception <a 'java/lang/NoSuchMethodError'{0x0000000083c035f8}: 'void java.lang.invoke.DirectMethodHandle$Holder.invokeSpecial(java.lang.Object, java.lang.Object, java.lang.Object, java.lang.Object, java.lang.Object)'> (0x0000000083c035f8) 
thrown [s\src\hotspot\share\interpreter\linkResolver.cpp, line 759]
Event: 1.879 Thread 0x000002e688729ea0 Exception <a 'java/lang/NoSuchMethodError'{0x0000000083e4d688}: 'int java.lang.invoke.DirectMethodHandle$Holder.invokeVirtual(java.lang.Object, java.lang.Object, java.lang.Object, java.lang.Object)'> (0x0000000083e4d688) 
thrown [s\src\hotspot\share\interpreter\linkResolver.cpp, line 759]
Event: 1.881 Thread 0x000002e688729ea0 Exception <a 'java/lang/NoSuchMethodError'{0x0000000083e589c0}: 'java.lang.Object java.lang.invoke.DirectMethodHandle$Holder.newInvokeSpecial(java.lang.Object, java.lang.Object, int, java.lang.Object)'> (0x0000000083e589c0) 
thrown [s\src\hotspot\share\interpreter\linkResolver.cpp, line 759]
Event: 1.881 Thread 0x000002e688729ea0 Exception <a 'java/lang/NoSuchMethodError'{0x0000000083e5d048}: 'java.lang.Object java.lang.invoke.DirectMethodHandle$Holder.invokeSpecial(java.lang.Object, java.lang.Object, java.lang.Object, int, java.lang.Object)'> (0x0000000083e5d048) 
thrown [s\src\hotspot\share\interpreter\linkResolver.cpp, line 759]
Event: 1.986 Thread 0x000002e688729ea0 Exception <a 'java/lang/NoSuchMethodError'{0x0000000083f15948}: 'int java.lang.invoke.DirectMethodHandle$Holder.invokeStatic(java.lang.Object, java.lang.Object, java.lang.Object, java.lang.Object)'> (0x0000000083f15948) 
thrown [s\src\hotspot\share\interpreter\linkResolver.cpp, line 759]
Event: 2.040 Thread 0x000002e688729ea0 Implicit null exception at 0x000002e698e4790f to 0x000002e698e47e30
Event: 2.041 Thread 0x000002e688729ea0 Implicit null exception at 0x000002e698e5992f to 0x000002e698e59ff0
Event: 2.042 Thread 0x000002e688729ea0 Implicit null exception at 0x000002e698e1b20f to 0x000002e698e1b289
Event: 2.074 Thread 0x000002e688729ea0 Exception <a 'sun/nio/fs/WindowsException'{0x0000000083e63088}> (0x0000000083e63088) 
thrown [s\src\hotspot\share\prims\jni.cpp, line 516]
Event: 2.074 Thread 0x000002e688729ea0 Exception <a 'sun/nio/fs/WindowsException'{0x0000000083e63560}> (0x0000000083e63560) 
thrown [s\src\hotspot\share\prims\jni.cpp, line 516]

VM Operations (20 events):
Event: 1.306 Executing VM operation: G1CollectForAllocation
Event: 1.308 Executing VM operation: G1CollectForAllocation done
Event: 1.333 Executing VM operation: G1CollectForAllocation
Event: 1.339 Executing VM operation: G1CollectForAllocation done
Event: 1.462 Executing VM operation: G1CollectForAllocation
Event: 1.467 Executing VM operation: G1CollectForAllocation done
Event: 1.479 Executing VM operation: G1CollectForAllocation
Event: 1.482 Executing VM operation: G1CollectForAllocation done
Event: 1.507 Executing VM operation: G1CollectForAllocation
Event: 1.518 Executing VM operation: G1CollectForAllocation done
Event: 1.523 Executing VM operation: G1Concurrent
Event: 1.532 Executing VM operation: G1Concurrent done
Event: 1.533 Executing VM operation: G1Concurrent
Event: 1.556 Executing VM operation: G1Concurrent done
Event: 1.594 Executing VM operation: G1CollectForAllocation
Event: 1.597 Executing VM operation: G1CollectForAllocation done
Event: 1.689 Executing VM operation: G1CollectForAllocation
Event: 1.708 Executing VM operation: G1CollectForAllocation done
Event: 1.922 Executing VM operation: G1CollectForAllocation
Event: 1.933 Executing VM operation: G1CollectForAllocation done

Events (20 events):
Event: 1.872 loading class java/util/stream/Nodes$FixedNodeBuilder
Event: 1.873 loading class java/util/stream/Nodes$ArrayNode
Event: 1.873 loading class java/util/stream/Nodes$ArrayNode done
Event: 1.873 loading class java/util/stream/Nodes$FixedNodeBuilder done
Event: 1.895 loading class java/util/EnumMap$EntrySet
Event: 1.896 loading class java/util/EnumMap$EntrySet done
Event: 1.896 loading class java/util/EnumMap$EntryIterator
Event: 1.896 loading class java/util/EnumMap$EnumMapIterator
Event: 1.896 loading class java/util/EnumMap$EnumMapIterator done
Event: 1.896 loading class java/util/EnumMap$EntryIterator done
Event: 1.896 loading class java/util/EnumMap$EntryIterator$Entry
Event: 1.896 loading class java/util/EnumMap$EntryIterator$Entry done
Event: 2.046 loading class java/util/stream/ReduceOps$2
Event: 2.046 loading class java/util/stream/ReduceOps$2 done
Event: 2.046 loading class java/util/stream/ReduceOps$2ReducingSink
Event: 2.047 loading class java/util/stream/ReduceOps$2ReducingSink done
Event: 2.067 loading class java/util/function/ToIntBiFunction
Event: 2.068 loading class java/util/function/ToIntBiFunction done
Event: 2.075 loading class java/nio/channels/Channels$1
Event: 2.075 loading class java/nio/channels/Channels$1 done


Dynamic libraries:
0x00007ff7373f0000 - 0x00007ff7373f8000 	C:\zulu17.40.19-ca-fx-jdk17.0.6-win_x64\zulu17.40.19-ca-fx-jdk17.0.6-win_x64\bin\javac.exe
0x00007ffe1ab90000 - 0x00007ffe1ada4000 	C:\WINDOWS\SYSTEM32\ntdll.dll
0x00007ffe19040000 - 0x00007ffe19102000 	C:\WINDOWS\System32\KERNEL32.DLL
0x00007ffe185c0000 - 0x00007ffe18963000 	C:\WINDOWS\System32\KERNELBASE.dll
0x00007ffe183e0000 - 0x00007ffe184f1000 	C:\WINDOWS\System32\ucrtbase.dll
0x00007ffe0a640000 - 0x00007ffe0a658000 	C:\zulu17.40.19-ca-fx-jdk17.0.6-win_x64\zulu17.40.19-ca-fx-jdk17.0.6-win_x64\bin\jli.dll
0x00007ffe18ab0000 - 0x00007ffe18c5b000 	C:\WINDOWS\System32\USER32.dll
0x00007ffe183b0000 - 0x00007ffe183d6000 	C:\WINDOWS\System32\win32u.dll
0x00007ffe19430000 - 0x00007ffe19459000 	C:\WINDOWS\System32\GDI32.dll
0x00007ffe17f90000 - 0x00007ffe180a9000 	C:\WINDOWS\System32\gdi32full.dll
0x00007ffe18220000 - 0x00007ffe182ba000 	C:\WINDOWS\System32\msvcp_win.dll
0x00007ffe0a110000 - 0x00007ffe0a12b000 	C:\zulu17.40.19-ca-fx-jdk17.0.6-win_x64\zulu17.40.19-ca-fx-jdk17.0.6-win_x64\bin\VCRUNTIME140.dll
0x00007ffe02120000 - 0x00007ffe023ae000 	C:\WINDOWS\WinSxS\amd64_microsoft.windows.common-controls_6595b64144ccf1df_6.0.22621.1635_none_270f70857386168e\COMCTL32.dll
0x00007ffe18e30000 - 0x00007ffe18ed7000 	C:\WINDOWS\System32\msvcrt.dll
0x00007ffe18ee0000 - 0x00007ffe18f11000 	C:\WINDOWS\System32\IMM32.DLL
0x00007ffe15c10000 - 0x00007ffe15c1c000 	C:\zulu17.40.19-ca-fx-jdk17.0.6-win_x64\zulu17.40.19-ca-fx-jdk17.0.6-win_x64\bin\vcruntime140_1.dll
0x00007ffe087e0000 - 0x00007ffe0886d000 	C:\zulu17.40.19-ca-fx-jdk17.0.6-win_x64\zulu17.40.19-ca-fx-jdk17.0.6-win_x64\bin\msvcp140.dll
0x00007ffdd32d0000 - 0x00007ffdd3f35000 	C:\zulu17.40.19-ca-fx-jdk17.0.6-win_x64\zulu17.40.19-ca-fx-jdk17.0.6-win_x64\bin\server\jvm.dll
0x00007ffe19240000 - 0x00007ffe192ee000 	C:\WINDOWS\System32\ADVAPI32.dll
0x00007ffe18d80000 - 0x00007ffe18e24000 	C:\WINDOWS\System32\sechost.dll
0x00007ffe18c60000 - 0x00007ffe18d77000 	C:\WINDOWS\System32\RPCRT4.dll
0x00007ffe14e50000 - 0x00007ffe14e59000 	C:\WINDOWS\SYSTEM32\WSOCK32.dll
0x00007ffe10130000 - 0x00007ffe10164000 	C:\WINDOWS\SYSTEM32\WINMM.dll
0x00007ffe1aad0000 - 0x00007ffe1ab41000 	C:\WINDOWS\System32\WS2_32.dll
0x00007ffe0ea30000 - 0x00007ffe0ea3a000 	C:\WINDOWS\SYSTEM32\VERSION.dll
0x00007ffe17090000 - 0x00007ffe170a8000 	C:\WINDOWS\SYSTEM32\kernel.appcore.dll
0x00007ffe132f0000 - 0x00007ffe132fa000 	C:\zulu17.40.19-ca-fx-jdk17.0.6-win_x64\zulu17.40.19-ca-fx-jdk17.0.6-win_x64\bin\jimage.dll
0x00007ffe157c0000 - 0x00007ffe159ee000 	C:\WINDOWS\SYSTEM32\DBGHELP.DLL
0x00007ffe19460000 - 0x00007ffe197e9000 	C:\WINDOWS\System32\combase.dll
0x00007ffe19e80000 - 0x00007ffe19f57000 	C:\WINDOWS\System32\OLEAUT32.dll
0x00007ffdfdf80000 - 0x00007ffdfdfb2000 	C:\WINDOWS\SYSTEM32\dbgcore.DLL
0x00007ffe182c0000 - 0x00007ffe1833b000 	C:\WINDOWS\System32\bcryptPrimitives.dll
0x00007ffe0a0e0000 - 0x00007ffe0a105000 	C:\zulu17.40.19-ca-fx-jdk17.0.6-win_x64\zulu17.40.19-ca-fx-jdk17.0.6-win_x64\bin\java.dll
0x00007ffdddba0000 - 0x00007ffdddc77000 	C:\zulu17.40.19-ca-fx-jdk17.0.6-win_x64\zulu17.40.19-ca-fx-jdk17.0.6-win_x64\bin\jsvml.dll
0x00007ffe1a010000 - 0x00007ffe1a80a000 	C:\WINDOWS\System32\SHELL32.dll
0x00007ffe15f40000 - 0x00007ffe1680e000 	C:\WINDOWS\SYSTEM32\windows.storage.dll
0x00007ffe15e00000 - 0x00007ffe15f3e000 	C:\WINDOWS\SYSTEM32\wintypes.dll
0x00007ffe18f40000 - 0x00007ffe19031000 	C:\WINDOWS\System32\SHCORE.dll
0x00007ffe19300000 - 0x00007ffe1935e000 	C:\WINDOWS\System32\shlwapi.dll
0x00007ffe17ec0000 - 0x00007ffe17ee1000 	C:\WINDOWS\SYSTEM32\profapi.dll
0x00007ffe0a0c0000 - 0x00007ffe0a0d9000 	C:\zulu17.40.19-ca-fx-jdk17.0.6-win_x64\zulu17.40.19-ca-fx-jdk17.0.6-win_x64\bin\net.dll
0x00007ffe0fff0000 - 0x00007ffe10127000 	C:\WINDOWS\SYSTEM32\WINHTTP.dll
0x00007ffe17500000 - 0x00007ffe17569000 	C:\WINDOWS\system32\mswsock.dll
0x00007ffe0a070000 - 0x00007ffe0a086000 	C:\zulu17.40.19-ca-fx-jdk17.0.6-win_x64\zulu17.40.19-ca-fx-jdk17.0.6-win_x64\bin\nio.dll
0x00007ffe0a050000 - 0x00007ffe0a068000 	C:\zulu17.40.19-ca-fx-jdk17.0.6-win_x64\zulu17.40.19-ca-fx-jdk17.0.6-win_x64\bin\zip.dll

dbghelp: loaded successfully - version: 4.0.5 - missing functions: none
symbol engine: initialized successfully - sym options: 0x614 - pdb path: .;C:\zulu17.40.19-ca-fx-jdk17.0.6-win_x64\zulu17.40.19-ca-fx-jdk17.0.6-win_x64\bin;C:\WINDOWS\SYSTEM32;C:\WINDOWS\WinSxS\amd64_microsoft.windows.common-controls_6595b64144ccf1df_6.0.22621.1635_none_270f70857386168e;C:\zulu17.40.19-ca-fx-jdk17.0.6-win_x64\zulu17.40.19-ca-fx-jdk17.0.6-win_x64\bin\server

VM Arguments:
jvm_args: -Dapplication.home=C:\zulu17.40.19-ca-fx-jdk17.0.6-win_x64\zulu17.40.19-ca-fx-jdk17.0.6-win_x64 --add-modules=ALL-DEFAULT -Xms8m -Djdk.module.main=jdk.compiler 
java_command: jdk.compiler/com.sun.tools.javac.Main -d C:\Users\aleja\OneDrive\Documentos\NetBeansProjects\ProjetoSalaoFinal\build\classes -classpath C:\Users\aleja\OneDrive\Documentos\NetBeansProjects\ProjetoSalaoFinal\build\classes;C:\Users\aleja\OneDrive\햞ea de Trabalho\jdbc\mysql-connector-java-8.0.26\mysql-connector-java-8.0.26.jar -sourcepath C:\Users\aleja\OneDrive\Documentos\NetBeansProjects\ProjetoSalaoFinal\src -target 17 -encoding UTF-8 -g -processorpath C:\Users\aleja\OneDrive\햞ea de Trabalho\jdbc\mysql-connector-java-8.0.26\mysql-connector-java-8.0.26.jar;C:\Users\aleja\OneDrive\Documentos\NetBeansProjects\ProjetoSalaoFinal\build\empty -s C:\Users\aleja\OneDrive\Documentos\NetBeansProjects\ProjetoSalaoFinal\build\generated-sources\ap-source-output -source 17 C:\Users\aleja\OneDrive\Documentos\NetBeansProjects\ProjetoSalaoFinal\src\projetosalaofinal\ProjetoSalaoFinal.java
java_class_path (initial): <not set>
Launcher Type: SUN_STANDARD

[Global flags]
     intx CICompilerCount                          = 4                                         {product} {ergonomic}
     uint ConcGCThreads                            = 2                                         {product} {ergonomic}
     uint G1ConcRefinementThreads                  = 8                                         {product} {ergonomic}
   size_t G1HeapRegionSize                         = 1048576                                   {product} {ergonomic}
    uintx GCDrainStackTargetSize                   = 64                                        {product} {ergonomic}
   size_t InitialHeapSize                          = 8388608                                   {product} {command line}
   size_t MarkStackSize                            = 4194304                                   {product} {ergonomic}
   size_t MaxHeapSize                              = 2103443456                                {product} {ergonomic}
   size_t MaxNewSize                               = 1261436928                                {product} {ergonomic}
   size_t MinHeapDeltaBytes                        = 1048576                                   {product} {ergonomic}
   size_t MinHeapSize                              = 8388608                                   {product} {command line}
    uintx NonNMethodCodeHeapSize                   = 5839372                                {pd product} {ergonomic}
    uintx NonProfiledCodeHeapSize                  = 122909434                              {pd product} {ergonomic}
    uintx ProfiledCodeHeapSize                     = 122909434                              {pd product} {ergonomic}
    uintx ReservedCodeCacheSize                    = 251658240                              {pd product} {ergonomic}
     bool SegmentedCodeCache                       = true                                      {product} {ergonomic}
   size_t SoftMaxHeapSize                          = 2103443456                             {manageable} {ergonomic}
     bool UseCompressedClassPointers               = true                           {product lp64_product} {ergonomic}
     bool UseCompressedOops                        = true                           {product lp64_product} {ergonomic}
     bool UseG1GC                                  = true                                      {product} {ergonomic}
     bool UseLargePagesIndividualAllocation        = false                                  {pd product} {ergonomic}

Logging:
Log output configuration:
 #0: stdout all=warning uptime,level,tags
 #1: stderr all=off uptime,level,tags

Environment Variables:
PATH=C:\Program Files\Common Files\Oracle\Java\javapath;C:\Windows\system32;C:\Windows;C:\Windows\System32\Wbem;C:\Windows\System32\WindowsPowerShell\v1.0\;C:\Windows\System32\OpenSSH\;C:\Program Files (x86)\NVIDIA Corporation\PhysX\Common;C:\Program Files\NVIDIA Corporation\NVIDIA NvDLISR;C:\Program Files\dotnet\;C:\Program Files\TortoiseSVN\bin;C:\WINDOWS\system32;C:\WINDOWS;C:\WINDOWS\System32\Wbem;C:\WINDOWS\System32\WindowsPowerShell\v1.0\;C:\WINDOWS\System32\OpenSSH\;C:\Program Files\Git\cmd;C:\Program Files (x86)\Microsoft SQL Server\160\Tools\Binn\;C:\Program Files\Microsoft SQL Server\160\Tools\Binn\;C:\Program Files\Microsoft SQL Server\Client SDK\ODBC\170\Tools\Binn\;C:\Program Files\Microsoft SQL Server\160\DTS\Binn\;C:\Program Files (x86)\Microsoft SQL Server\160\DTS\Binn\;C:\Program Files\Azure Data Studio\bin;C:\Program Files\Microsoft SQL Server\150\Tools\Binn\;C:\Users\aleja\AppData\Local\Microsoft\WindowsApps;C:\Users\aleja\AppData\Local\Programs\Microsoft VS Code\bin;C:\Users\aleja\.dotnet\tools
USERNAME=aleja
OS=Windows_NT
PROCESSOR_IDENTIFIER=Intel64 Family 6 Model 165 Stepping 2, GenuineIntel
TMP=C:\Users\aleja\AppData\Local\Temp
TEMP=C:\Users\aleja\AppData\Local\Temp



---------------  S Y S T E M  ---------------

OS:
 Windows 11 , 64 bit Build 22621 (10.0.22621.1778)
OS uptime: 1 days 11:48 hours
Hyper-V role detected

CPU: total 8 (initial active 8) (4 cores per cpu, 2 threads per core) family 6 model 165 stepping 2 microcode 0xea, cx8, cmov, fxsr, ht, mmx, 3dnowpref, sse, sse2, sse3, ssse3, sse4.1, sse4.2, popcnt, lzcnt, tsc, tscinvbit, avx, avx2, aes, erms, clmul, bmi1, bmi2, adx, fma, vzeroupper, clflush, clflushopt, hv

Memory: 4k page, system-wide physical 8023M (654M free)
TotalPageFile size 32599M (AvailPageFile size 4M)
current process WorkingSet (physical memory assigned to process): 99M, peak: 99M
current process commit charge ("private bytes"): 137M, peak: 138M

vm_info: OpenJDK 64-Bit Server VM (17.0.6+10-LTS) for windows-amd64 JRE (17.0.6+10-LTS) (Zulu17.40+19-CA), built on Jan  4 2023 15:04:34 by "zulu_re" with MS VC++ 16.10 / 16.11 (VS2019)

END.
