#
# There is insufficient memory for the Java Runtime Environment to continue.
# Native memory allocation (malloc) failed to allocate 1764336 bytes for Chunk::new
# Possible reasons:
#   The system is out of physical RAM or swap space
#   The process is running with CompressedOops enabled, and the Java Heap may be blocking the growth of the native heap
# Possible solutions:
#   Reduce memory load on the system
#   Increase physical memory or swap space
#   Check if swap backing store is full
#   Decrease Java heap size (-Xmx/-Xms)
#   Decrease number of Java threads
#   Decrease Java thread stack sizes (-Xss)
#   Set larger code cache with -XX:ReservedCodeCacheSize=
#   JVM is running with Unscaled Compressed Oops mode in which the Java heap is
#     placed in the first 4GB address space. The Java Heap base address is the
#     maximum limit for the native heap growth. Please use -XX:HeapBaseMinAddress
#     to set the Java Heap base and to place the Java Heap above 4GB virtual address.
# This output file may be truncated or incomplete.
#
#  Out of Memory Error (arena.cpp:189), pid=14136, tid=15136
#
# JRE version: OpenJDK Runtime Environment Zulu17.40+19-CA (17.0.6+10) (build 17.0.6+10-LTS)
# Java VM: OpenJDK 64-Bit Server VM Zulu17.40+19-CA (17.0.6+10-LTS, mixed mode, sharing, tiered, compressed oops, compressed class ptrs, g1 gc, windows-amd64)
# No core dump will be written. Minidumps are not enabled by default on client versions of Windows
#

---------------  S U M M A R Y ------------

Command Line: -Dapplication.home=C:\zulu17.40.19-ca-fx-jdk17.0.6-win_x64\zulu17.40.19-ca-fx-jdk17.0.6-win_x64 --add-modules=ALL-DEFAULT -Xms8m -Djdk.module.main=jdk.compiler jdk.compiler/com.sun.tools.javac.Main -d C:\Users\aleja\OneDrive\Documentos\NetBeansProjects\ProjetoSalaoFinal\build\classes -classpath C:\Users\aleja\OneDrive\Documentos\NetBeansProjects\ProjetoSalaoFinal\build\classes;C:\Users\aleja\OneDrive\햞ea de Trabalho\jdbc\mysql-connector-java-8.0.26\mysql-connector-java-8.0.26.jar -sourcepath C:\Users\aleja\OneDrive\Documentos\NetBeansProjects\ProjetoSalaoFinal\src -target 17 -encoding UTF-8 -g -processorpath C:\Users\aleja\OneDrive\햞ea de Trabalho\jdbc\mysql-connector-java-8.0.26\mysql-connector-java-8.0.26.jar;C:\Users\aleja\OneDrive\Documentos\NetBeansProjects\ProjetoSalaoFinal\build\empty -s C:\Users\aleja\OneDrive\Documentos\NetBeansProjects\ProjetoSalaoFinal\build\generated-sources\ap-source-output -source 17 C:\Users\aleja\OneDrive\Documentos\NetBeansProjects\ProjetoSalaoFinal\src\projetosalaofinal\ProjetoSalaoFinal.java

Host: Intel(R) Core(TM) i5-10300H CPU @ 2.50GHz, 8 cores, 7G,  Windows 11 , 64 bit Build 22621 (10.0.22621.1778)
Time: Sat Jun 17 00:21:52 2023 Hora oficial do Brasil elapsed time: 1.587242 seconds (0d 0h 0m 1s)

---------------  T H R E A D  ---------------

Current thread (0x000002608f9be570):  JavaThread "C2 CompilerThread0" daemon [_thread_in_native, id=15136, stack(0x000000a10ca00000,0x000000a10cb00000)]


Current CompileTask:
C2:   1587 1362   !   4       com.sun.tools.javac.jvm.ClassReader::classSigToType (497 bytes)

Stack: [0x000000a10ca00000,0x000000a10cb00000]
Native frames: (J=compiled Java code, j=interpreted, Vv=VM code, C=native code)
V  [jvm.dll+0x67c72a]
V  [jvm.dll+0x83a2c4]
V  [jvm.dll+0x83ba6e]
V  [jvm.dll+0x83c0d3]
V  [jvm.dll+0x249415]
V  [jvm.dll+0xabc9c]
V  [jvm.dll+0xac26c]
V  [jvm.dll+0x367902]
V  [jvm.dll+0x331831]
V  [jvm.dll+0x330cda]
V  [jvm.dll+0x218ad1]
V  [jvm.dll+0x217ef1]
V  [jvm.dll+0x1a40bd]
V  [jvm.dll+0x22787a]
V  [jvm.dll+0x2259d5]
V  [jvm.dll+0x7efcac]
V  [jvm.dll+0x7ea20a]
V  [jvm.dll+0x67b5d5]
C  [ucrtbase.dll+0x29363]
C  [KERNEL32.DLL+0x126ad]
C  [ntdll.dll+0x5a9f8]


---------------  P R O C E S S  ---------------

Threads class SMR info:
_java_thread_list=0x00000260907c25f0, length=13, elements={
0x00000260f054a560, 0x00000260f060e8e0, 0x000002608f9a23b0, 0x000002608f9b9d40,
0x000002608f9ba710, 0x000002608f9bcff0, 0x000002608f9bd8c0, 0x000002608f9be570,
0x000002608f9bef30, 0x000002608f9d99b0, 0x00000260f05f75d0, 0x00000260904dead0,
0x000002609119fae0
}

Java Threads: ( => current thread )
  0x00000260f054a560 JavaThread "main" [_thread_in_Java, id=2320, stack(0x000000a10bd00000,0x000000a10be00000)]
  0x00000260f060e8e0 JavaThread "Reference Handler" daemon [_thread_blocked, id=14448, stack(0x000000a10c400000,0x000000a10c500000)]
  0x000002608f9a23b0 JavaThread "Finalizer" daemon [_thread_blocked, id=17404, stack(0x000000a10c500000,0x000000a10c600000)]
  0x000002608f9b9d40 JavaThread "Signal Dispatcher" daemon [_thread_blocked, id=12512, stack(0x000000a10c600000,0x000000a10c700000)]
  0x000002608f9ba710 JavaThread "Attach Listener" daemon [_thread_blocked, id=9688, stack(0x000000a10c700000,0x000000a10c800000)]
  0x000002608f9bcff0 JavaThread "Service Thread" daemon [_thread_blocked, id=8788, stack(0x000000a10c800000,0x000000a10c900000)]
  0x000002608f9bd8c0 JavaThread "Monitor Deflation Thread" daemon [_thread_blocked, id=26876, stack(0x000000a10c900000,0x000000a10ca00000)]
=>0x000002608f9be570 JavaThread "C2 CompilerThread0" daemon [_thread_in_native, id=15136, stack(0x000000a10ca00000,0x000000a10cb00000)]
  0x000002608f9bef30 JavaThread "C1 CompilerThread0" daemon [_thread_blocked, id=19076, stack(0x000000a10cb00000,0x000000a10cc00000)]
  0x000002608f9d99b0 JavaThread "Sweeper thread" daemon [_thread_blocked, id=24316, stack(0x000000a10cc00000,0x000000a10cd00000)]
  0x00000260f05f75d0 JavaThread "Common-Cleaner" daemon [_thread_blocked, id=25308, stack(0x000000a10cd00000,0x000000a10ce00000)]
  0x00000260904dead0 JavaThread "Notification Thread" daemon [_thread_blocked, id=11380, stack(0x000000a10ce00000,0x000000a10cf00000)]
  0x000002609119fae0 JavaThread "C2 CompilerThread1" daemon [_thread_in_vm, id=12384, stack(0x000000a10d500000,0x000000a10d600000)]

Other Threads:
  0x00000260f060cc00 VMThread "VM Thread" [stack: 0x000000a10c300000,0x000000a10c400000] [id=20464]
  0x00000260904e0fc0 WatcherThread [stack: 0x000000a10cf00000,0x000000a10d000000] [id=5048]
  0x00000260f05a57d0 GCTaskThread "GC Thread#0" [stack: 0x000000a10be00000,0x000000a10bf00000] [id=10992]
  0x00000260905f46a0 GCTaskThread "GC Thread#1" [stack: 0x000000a10d000000,0x000000a10d100000] [id=18844]
  0x0000026090649410 GCTaskThread "GC Thread#2" [stack: 0x000000a10d100000,0x000000a10d200000] [id=21080]
  0x00000260906496d0 GCTaskThread "GC Thread#3" [stack: 0x000000a10d200000,0x000000a10d300000] [id=21536]
  0x0000026090740430 GCTaskThread "GC Thread#4" [stack: 0x000000a10d300000,0x000000a10d400000] [id=11812]
  0x0000026090789a30 GCTaskThread "GC Thread#5" [stack: 0x000000a10d400000,0x000000a10d500000] [id=15828]
  0x000002609132d490 GCTaskThread "GC Thread#6" [stack: 0x000000a10d600000,0x000000a10d700000] [id=15860]
  0x00000260915253f0 GCTaskThread "GC Thread#7" [stack: 0x000000a10d800000,0x000000a10d900000] [id=29276]
  0x00000260f05b60f0 ConcurrentGCThread "G1 Main Marker" [stack: 0x000000a10bf00000,0x000000a10c000000] [id=8880]
  0x00000260f05b6a10 ConcurrentGCThread "G1 Conc#0" [stack: 0x000000a10c000000,0x000000a10c100000] [id=23636]
  0x00000260913f50f0 ConcurrentGCThread "G1 Conc#1" [stack: 0x000000a10d700000,0x000000a10d800000] [id=11800]
  0x00000260f05df690 ConcurrentGCThread "G1 Refine#0" [stack: 0x000000a10c100000,0x000000a10c200000] [id=9076]
  0x00000260f05dffd0 ConcurrentGCThread "G1 Service" [stack: 0x000000a10c200000,0x000000a10c300000] [id=17180]

Threads with active compile tasks:
C2 CompilerThread0     1606 1362   !   4       com.sun.tools.javac.jvm.ClassReader::classSigToType (497 bytes)
C1 CompilerThread0     1606 1577       3       java.lang.invoke.InnerClassLambdaMetafactory::getParameterSize (27 bytes)
C2 CompilerThread1     1606 1487       4       com.sun.tools.javac.code.Scope$ScopeImpl::getIndex (101 bytes)

VM state: not at safepoint (normal execution)

VM Mutex/Monitor currently owned by a thread: None

Heap address: 0x0000000082a00000, size: 2006 MB, Compressed Oops mode: 32-bit

CDS archive(s) mapped at: [0x0000000800000000-0x0000000800c00000-0x0000000800c00000), size 12582912, SharedBaseAddress: 0x0000000800000000, ArchiveRelocationMode: 0.
Compressed class space mapped at: 0x0000000800c00000-0x0000000840c00000, reserved size: 1073741824
Narrow klass base: 0x0000000800000000, Narrow klass shift: 0, Narrow klass range: 0x100000000

GC Precious Log:
 CPUs: 8 total, 8 available
 Memory: 8023M
 Large Page Support: Disabled
 NUMA Support: Disabled
 Compressed Oops: Enabled (32-bit)
 Heap Region Size: 1M
 Heap Min Capacity: 8M
 Heap Initial Capacity: 8M
 Heap Max Capacity: 2006M
 Pre-touch: Disabled
 Parallel Workers: 8
 Concurrent Workers: 2
 Concurrent Refinement Workers: 8
 Periodic GC: Disabled

Heap:
 garbage-first heap   total 24576K, used 12258K [0x0000000082a00000, 0x0000000100000000)
  region size 1024K, 7 young (7168K), 2 survivors (2048K)
 Metaspace       used 9946K, committed 10240K, reserved 1064960K
  class space    used 1199K, committed 1344K, reserved 1048576K

Heap Regions: E=young(eden), S=young(survivor), O=old, HS=humongous(starts), HC=humongous(continues), CS=collection set, F=free, OA=open archive, CA=closed archive, TAMS=top-at-mark-start (previous, next)
|   0|0x0000000082a00000, 0x0000000082b00000, 0x0000000082b00000|100%| O|  |TAMS 0x0000000082b00000, 0x0000000082a00000| Untracked 
|   1|0x0000000082b00000, 0x0000000082bf8800, 0x0000000082c00000| 97%| O|  |TAMS 0x0000000082b00000, 0x0000000082b00000| Untracked 
|   2|0x0000000082c00000, 0x0000000082d00000, 0x0000000082d00000|100%| O|  |TAMS 0x0000000082d00000, 0x0000000082c00000| Untracked 
|   3|0x0000000082d00000, 0x0000000082e00000, 0x0000000082e00000|100%| O|  |TAMS 0x0000000082e00000, 0x0000000082d00000| Untracked 
|   4|0x0000000082e00000, 0x0000000082f00000, 0x0000000082f00000|100%| O|  |TAMS 0x0000000082e31200, 0x0000000082e00000| Untracked 
|   5|0x0000000082f00000, 0x0000000083000000, 0x0000000083000000|100%| O|  |TAMS 0x0000000082f00000, 0x0000000082f00000| Untracked 
|   6|0x0000000083000000, 0x0000000083000000, 0x0000000083100000|  0%| F|  |TAMS 0x0000000083000000, 0x0000000083000000| Untracked 
|   7|0x0000000083100000, 0x0000000083100000, 0x0000000083200000|  0%| F|  |TAMS 0x0000000083100000, 0x0000000083100000| Untracked 
|   8|0x0000000083200000, 0x0000000083200000, 0x0000000083300000|  0%| F|  |TAMS 0x0000000083200000, 0x0000000083200000| Untracked 
|   9|0x0000000083300000, 0x0000000083300000, 0x0000000083400000|  0%| F|  |TAMS 0x0000000083300000, 0x0000000083300000| Untracked 
|  10|0x0000000083400000, 0x0000000083400000, 0x0000000083500000|  0%| F|  |TAMS 0x0000000083400000, 0x0000000083400000| Untracked 
|  11|0x0000000083500000, 0x0000000083500000, 0x0000000083600000|  0%| F|  |TAMS 0x0000000083500000, 0x0000000083500000| Untracked 
|  12|0x0000000083600000, 0x0000000083600000, 0x0000000083700000|  0%| F|  |TAMS 0x0000000083600000, 0x0000000083600000| Untracked 
|  13|0x0000000083700000, 0x0000000083800000, 0x0000000083800000|100%| S|CS|TAMS 0x0000000083700000, 0x0000000083700000| Complete 
|  14|0x0000000083800000, 0x0000000083900000, 0x0000000083900000|100%| S|CS|TAMS 0x0000000083800000, 0x0000000083800000| Complete 
|  15|0x0000000083900000, 0x0000000083900000, 0x0000000083a00000|  0%| F|  |TAMS 0x0000000083900000, 0x0000000083900000| Untracked 
|  16|0x0000000083a00000, 0x0000000083a00000, 0x0000000083b00000|  0%| F|  |TAMS 0x0000000083a00000, 0x0000000083a00000| Untracked 
|  17|0x0000000083b00000, 0x0000000083b00000, 0x0000000083c00000|  0%| F|  |TAMS 0x0000000083b00000, 0x0000000083b00000| Untracked 
|  18|0x0000000083c00000, 0x0000000083c00000, 0x0000000083d00000|  0%| F|  |TAMS 0x0000000083c00000, 0x0000000083c00000| Untracked 
|  19|0x0000000083d00000, 0x0000000083d479b8, 0x0000000083e00000| 27%| E|  |TAMS 0x0000000083d00000, 0x0000000083d00000| Complete 
|  20|0x0000000083e00000, 0x0000000083f00000, 0x0000000083f00000|100%| E|CS|TAMS 0x0000000083e00000, 0x0000000083e00000| Complete 
|  21|0x0000000083f00000, 0x0000000084000000, 0x0000000084000000|100%| E|CS|TAMS 0x0000000083f00000, 0x0000000083f00000| Complete 
|  22|0x0000000084000000, 0x0000000084100000, 0x0000000084100000|100%| E|CS|TAMS 0x0000000084000000, 0x0000000084000000| Complete 
|  23|0x0000000084100000, 0x0000000084200000, 0x0000000084200000|100%| E|CS|TAMS 0x0000000084100000, 0x0000000084100000| Complete 

Card table byte_map: [0x00000260f9880000,0x00000260f9c70000] _byte_map_base: 0x00000260f946b000

Marking Bits (Prev, Next): (CMBitMap*) 0x00000260f05a5d40, (CMBitMap*) 0x00000260f05a5d00
 Prev Bits: [0x00000260fbfc0000, 0x00000260fdf18000)
 Next Bits: [0x00000260fa060000, 0x00000260fbfb8000)

Polling page: 0x00000260ee550000

Metaspace:

Usage:
  Non-class:      8.55 MB used.
      Class:      1.17 MB used.
       Both:      9.72 MB used.

Virtual space:
  Non-class space:       16.00 MB reserved,       8.69 MB ( 54%) committed,  2 nodes.
      Class space:        1.00 GB reserved,       1.31 MB ( <1%) committed,  1 nodes.
             Both:        1.02 GB reserved,      10.00 MB ( <1%) committed. 

Chunk freelists:
   Non-Class:  1.48 MB
       Class:  2.73 MB
        Both:  4.22 MB

MaxMetaspaceSize: unlimited
CompressedClassSpaceSize: 1.00 GB
Initial GC threshold: 21.00 MB
Current GC threshold: 21.00 MB
CDS: on
MetaspaceReclaimPolicy: balanced
 - commit_granule_bytes: 65536.
 - commit_granule_words: 8192.
 - virtual_space_node_default_size: 1048576.
 - enlarge_chunks_in_place: 1.
 - new_chunks_are_fully_committed: 0.
 - uncommit_free_chunks: 1.
 - use_allocation_guard: 0.
 - handle_deallocations: 1.


Internal statistics:

num_allocs_failed_limit: 0.
num_arena_births: 86.
num_arena_deaths: 0.
num_vsnodes_births: 3.
num_vsnodes_deaths: 0.
num_space_committed: 160.
num_space_uncommitted: 0.
num_chunks_returned_to_freelist: 0.
num_chunks_taken_from_freelist: 430.
num_chunk_merges: 0.
num_chunk_splits: 289.
num_chunks_enlarged: 223.
num_purges: 0.
num_inconsistent_stats: 0.

CodeHeap 'non-profiled nmethods': size=120000Kb used=470Kb max_used=470Kb free=119530Kb
 bounds [0x0000026087ad0000, 0x0000026087d40000, 0x000002608f000000]
CodeHeap 'profiled nmethods': size=120000Kb used=2803Kb max_used=2803Kb free=117196Kb
 bounds [0x0000026080000000, 0x00000260802c0000, 0x0000026087530000]
CodeHeap 'non-nmethods': size=5760Kb used=1144Kb max_used=1174Kb free=4615Kb
 bounds [0x0000026087530000, 0x00000260877a0000, 0x0000026087ad0000]
 total_blobs=2004 nmethods=1572 adapters=344
 compilation: enabled
              stopped_count=0, restarted_count=0
 full_count=0

Compilation events (20 events):
Event: 1.552 Thread 0x000002609119fae0 nmethod 1488 0x0000026087b40710 code [0x0000026087b40900, 0x0000026087b41808]
Event: 1.552 Thread 0x000002609119fae0 1486   !   4       java.util.regex.Pattern::RemoveQEQuoting (370 bytes)
Event: 1.552 Thread 0x000002608f9bef30 nmethod 1540 0x00000260802a2f90 code [0x00000260802a3180, 0x00000260802a36c8]
Event: 1.553 Thread 0x000002608f9bef30 1543       1       com.sun.tools.javac.code.Type::isErroneous (2 bytes)
Event: 1.554 Thread 0x000002608f9bef30 nmethod 1543 0x0000026087b41e10 code [0x0000026087b41fa0, 0x0000026087b42078]
Event: 1.554 Thread 0x000002608f9bef30 1544       3       com.sun.tools.javac.code.Types$UnaryVisitor::visit (7 bytes)
Event: 1.554 Thread 0x000002608f9bef30 nmethod 1544 0x00000260802a3a10 code [0x00000260802a3bc0, 0x00000260802a3da8]
Event: 1.554 Thread 0x000002608f9bef30 1545       3       java.lang.Enum::hashCode (5 bytes)
Event: 1.554 Thread 0x000002608f9bef30 nmethod 1545 0x00000260802a3e90 code [0x00000260802a4020, 0x00000260802a4168]
Event: 1.556 Thread 0x000002609119fae0 nmethod 1486 0x0000026087b42110 code [0x0000026087b422a0, 0x0000026087b42538]
Event: 1.556 Thread 0x000002609119fae0 1542       4       java.util.regex.Pattern::compile (500 bytes)
Event: 1.558 Thread 0x000002608f9bef30 1546       3       com.sun.tools.javac.code.Scope$ScopeImpl::getSymbolsByName (10 bytes)
Event: 1.559 Thread 0x000002608f9bef30 nmethod 1546 0x00000260802a4210 code [0x00000260802a4400, 0x00000260802a4b68]
Event: 1.559 Thread 0x000002608f9bef30 1547       3       com.sun.tools.javac.code.Scope$ScopeImpl$$Lambda$147/0x0000000800d1b990::<init> (26 bytes)
Event: 1.559 Thread 0x000002608f9bef30 nmethod 1547 0x00000260802a4e10 code [0x00000260802a4fc0, 0x00000260802a5298]
Event: 1.560 Thread 0x000002608f9bef30 1549       3       jdk.internal.jimage.ImageReader$Directory::create (21 bytes)
Event: 1.560 Thread 0x000002608f9bef30 nmethod 1549 0x00000260802a5390 code [0x00000260802a55e0, 0x00000260802a6128]
Event: 1.573 Thread 0x000002608f9bef30 1550       3       jdk.internal.jimage.ImageStringsReader::hashCode (9 bytes)
Event: 1.573 Thread 0x000002608f9bef30 nmethod 1550 0x00000260802a6510 code [0x00000260802a66a0, 0x00000260802a67c8]
Event: 1.580 Thread 0x000002608f9bef30 1554       3       com.sun.tools.javac.jvm.ClassReader::readClass (670 bytes)

GC Heap History (20 events):
Event: 1.028 GC heap before
{Heap before GC invocations=3 (full 0):
 garbage-first heap   total 8192K, used 3315K [0x0000000082a00000, 0x0000000100000000)
  region size 1024K, 2 young (2048K), 1 survivors (1024K)
 Metaspace       used 7718K, committed 7872K, reserved 1064960K
  class space    used 902K, committed 960K, reserved 1048576K
}
Event: 1.032 GC heap after
{Heap after GC invocations=4 (full 0):
 garbage-first heap   total 8192K, used 2628K [0x0000000082a00000, 0x0000000100000000)
  region size 1024K, 1 young (1024K), 1 survivors (1024K)
 Metaspace       used 7718K, committed 7872K, reserved 1064960K
  class space    used 902K, committed 960K, reserved 1048576K
}
Event: 1.086 GC heap before
{Heap before GC invocations=4 (full 0):
 garbage-first heap   total 8192K, used 3652K [0x0000000082a00000, 0x0000000100000000)
  region size 1024K, 2 young (2048K), 1 survivors (1024K)
 Metaspace       used 7975K, committed 8128K, reserved 1064960K
  class space    used 928K, committed 1024K, reserved 1048576K
}
Event: 1.089 GC heap after
{Heap after GC invocations=5 (full 0):
 garbage-first heap   total 8192K, used 3014K [0x0000000082a00000, 0x0000000100000000)
  region size 1024K, 1 young (1024K), 1 survivors (1024K)
 Metaspace       used 7975K, committed 8128K, reserved 1064960K
  class space    used 928K, committed 1024K, reserved 1048576K
}
Event: 1.123 GC heap before
{Heap before GC invocations=5 (full 0):
 garbage-first heap   total 8192K, used 4038K [0x0000000082a00000, 0x0000000100000000)
  region size 1024K, 2 young (2048K), 1 survivors (1024K)
 Metaspace       used 8021K, committed 8192K, reserved 1064960K
  class space    used 931K, committed 1024K, reserved 1048576K
}
Event: 1.130 GC heap after
{Heap after GC invocations=6 (full 0):
 garbage-first heap   total 10240K, used 3475K [0x0000000082a00000, 0x0000000100000000)
  region size 1024K, 1 young (1024K), 1 survivors (1024K)
 Metaspace       used 8021K, committed 8192K, reserved 1064960K
  class space    used 931K, committed 1024K, reserved 1048576K
}
Event: 1.276 GC heap before
{Heap before GC invocations=6 (full 0):
 garbage-first heap   total 10240K, used 5523K [0x0000000082a00000, 0x0000000100000000)
  region size 1024K, 3 young (3072K), 1 survivors (1024K)
 Metaspace       used 8750K, committed 8960K, reserved 1064960K
  class space    used 1026K, committed 1152K, reserved 1048576K
}
Event: 1.280 GC heap after
{Heap after GC invocations=7 (full 0):
 garbage-first heap   total 10240K, used 4268K [0x0000000082a00000, 0x0000000100000000)
  region size 1024K, 1 young (1024K), 1 survivors (1024K)
 Metaspace       used 8750K, committed 8960K, reserved 1064960K
  class space    used 1026K, committed 1152K, reserved 1048576K
}
Event: 1.291 GC heap before
{Heap before GC invocations=7 (full 0):
 garbage-first heap   total 10240K, used 5292K [0x0000000082a00000, 0x0000000100000000)
  region size 1024K, 2 young (2048K), 1 survivors (1024K)
 Metaspace       used 8772K, committed 8960K, reserved 1064960K
  class space    used 1026K, committed 1152K, reserved 1048576K
}
Event: 1.294 GC heap after
{Heap after GC invocations=8 (full 0):
 garbage-first heap   total 10240K, used 4556K [0x0000000082a00000, 0x0000000100000000)
  region size 1024K, 1 young (1024K), 1 survivors (1024K)
 Metaspace       used 8772K, committed 8960K, reserved 1064960K
  class space    used 1026K, committed 1152K, reserved 1048576K
}
Event: 1.314 GC heap before
{Heap before GC invocations=8 (full 0):
 garbage-first heap   total 10240K, used 5580K [0x0000000082a00000, 0x0000000100000000)
  region size 1024K, 2 young (2048K), 1 survivors (1024K)
 Metaspace       used 8821K, committed 9024K, reserved 1064960K
  class space    used 1026K, committed 1152K, reserved 1048576K
}
Event: 1.315 GC heap after
{Heap after GC invocations=9 (full 0):
 garbage-first heap   total 10240K, used 4624K [0x0000000082a00000, 0x0000000100000000)
  region size 1024K, 1 young (1024K), 1 survivors (1024K)
 Metaspace       used 8821K, committed 9024K, reserved 1064960K
  class space    used 1026K, committed 1152K, reserved 1048576K
}
Event: 1.349 GC heap before
{Heap before GC invocations=10 (full 0):
 garbage-first heap   total 12288K, used 4624K [0x0000000082a00000, 0x0000000100000000)
  region size 1024K, 2 young (2048K), 1 survivors (1024K)
 Metaspace       used 8945K, committed 9152K, reserved 1064960K
  class space    used 1047K, committed 1152K, reserved 1048576K
}
Event: 1.351 GC heap after
{Heap after GC invocations=11 (full 0):
 garbage-first heap   total 24576K, used 4838K [0x0000000082a00000, 0x0000000100000000)
  region size 1024K, 1 young (1024K), 1 survivors (1024K)
 Metaspace       used 8945K, committed 9152K, reserved 1064960K
  class space    used 1047K, committed 1152K, reserved 1048576K
}
Event: 1.368 GC heap before
{Heap before GC invocations=11 (full 0):
 garbage-first heap   total 24576K, used 5862K [0x0000000082a00000, 0x0000000100000000)
  region size 1024K, 2 young (2048K), 1 survivors (1024K)
 Metaspace       used 9008K, committed 9152K, reserved 1064960K
  class space    used 1051K, committed 1152K, reserved 1048576K
}
Event: 1.372 GC heap after
{Heap after GC invocations=12 (full 0):
 garbage-first heap   total 24576K, used 4988K [0x0000000082a00000, 0x0000000100000000)
  region size 1024K, 1 young (1024K), 1 survivors (1024K)
 Metaspace       used 9008K, committed 9152K, reserved 1064960K
  class space    used 1051K, committed 1152K, reserved 1048576K
}
Event: 1.443 GC heap before
{Heap before GC invocations=12 (full 0):
 garbage-first heap   total 24576K, used 12156K [0x0000000082a00000, 0x0000000100000000)
  region size 1024K, 8 young (8192K), 1 survivors (1024K)
 Metaspace       used 9162K, committed 9408K, reserved 1064960K
  class space    used 1067K, committed 1216K, reserved 1048576K
}
Event: 1.448 GC heap after
{Heap after GC invocations=13 (full 0):
 garbage-first heap   total 24576K, used 6261K [0x0000000082a00000, 0x0000000100000000)
  region size 1024K, 1 young (1024K), 1 survivors (1024K)
 Metaspace       used 9162K, committed 9408K, reserved 1064960K
  class space    used 1067K, committed 1216K, reserved 1048576K
}
Event: 1.563 GC heap before
{Heap before GC invocations=13 (full 0):
 garbage-first heap   total 24576K, used 14453K [0x0000000082a00000, 0x0000000100000000)
  region size 1024K, 9 young (9216K), 1 survivors (1024K)
 Metaspace       used 9794K, committed 9984K, reserved 1064960K
  class space    used 1171K, committed 1280K, reserved 1048576K
}
Event: 1.569 GC heap after
{Heap after GC invocations=14 (full 0):
 garbage-first heap   total 24576K, used 8162K [0x0000000082a00000, 0x0000000100000000)
  region size 1024K, 2 young (2048K), 2 survivors (2048K)
 Metaspace       used 9794K, committed 9984K, reserved 1064960K
  class space    used 1171K, committed 1280K, reserved 1048576K
}

Dll operation events (6 events):
Event: 0.021 Loaded shared library C:\zulu17.40.19-ca-fx-jdk17.0.6-win_x64\zulu17.40.19-ca-fx-jdk17.0.6-win_x64\bin\java.dll
Event: 0.037 Loaded shared library C:\zulu17.40.19-ca-fx-jdk17.0.6-win_x64\zulu17.40.19-ca-fx-jdk17.0.6-win_x64\bin\jsvml.dll
Event: 0.201 Loaded shared library C:\zulu17.40.19-ca-fx-jdk17.0.6-win_x64\zulu17.40.19-ca-fx-jdk17.0.6-win_x64\bin\jimage.dll
Event: 0.433 Loaded shared library C:\zulu17.40.19-ca-fx-jdk17.0.6-win_x64\zulu17.40.19-ca-fx-jdk17.0.6-win_x64\bin\net.dll
Event: 0.435 Loaded shared library C:\zulu17.40.19-ca-fx-jdk17.0.6-win_x64\zulu17.40.19-ca-fx-jdk17.0.6-win_x64\bin\nio.dll
Event: 0.510 Loaded shared library C:\zulu17.40.19-ca-fx-jdk17.0.6-win_x64\zulu17.40.19-ca-fx-jdk17.0.6-win_x64\bin\zip.dll

Deoptimization events (20 events):
Event: 1.389 Thread 0x00000260f054a560 DEOPT PACKING pc=0x00000260800f37a6 sp=0x000000a10bdfd8e0
Event: 1.389 Thread 0x00000260f054a560 DEOPT UNPACKING pc=0x0000026087587143 sp=0x000000a10bdfcd68 mode 0
Event: 1.390 Thread 0x00000260f054a560 DEOPT PACKING pc=0x00000260800f37a6 sp=0x000000a10bdfd9a0
Event: 1.390 Thread 0x00000260f054a560 DEOPT UNPACKING pc=0x0000026087587143 sp=0x000000a10bdfce28 mode 0
Event: 1.390 Thread 0x00000260f054a560 DEOPT PACKING pc=0x00000260800f37a6 sp=0x000000a10bdfd9a0
Event: 1.390 Thread 0x00000260f054a560 DEOPT UNPACKING pc=0x0000026087587143 sp=0x000000a10bdfce28 mode 0
Event: 1.391 Thread 0x00000260f054a560 DEOPT PACKING pc=0x00000260800f37a6 sp=0x000000a10bdfd9a0
Event: 1.391 Thread 0x00000260f054a560 DEOPT UNPACKING pc=0x0000026087587143 sp=0x000000a10bdfce28 mode 0
Event: 1.391 Thread 0x00000260f054a560 DEOPT PACKING pc=0x00000260800f37a6 sp=0x000000a10bdfd9a0
Event: 1.391 Thread 0x00000260f054a560 DEOPT UNPACKING pc=0x0000026087587143 sp=0x000000a10bdfce28 mode 0
Event: 1.392 Thread 0x00000260f054a560 DEOPT PACKING pc=0x00000260800f37a6 sp=0x000000a10bdfd8e0
Event: 1.392 Thread 0x00000260f054a560 DEOPT UNPACKING pc=0x0000026087587143 sp=0x000000a10bdfcd68 mode 0
Event: 1.392 Thread 0x00000260f054a560 DEOPT PACKING pc=0x00000260800f37a6 sp=0x000000a10bdfd8e0
Event: 1.392 Thread 0x00000260f054a560 DEOPT UNPACKING pc=0x0000026087587143 sp=0x000000a10bdfcd68 mode 0
Event: 1.392 Thread 0x00000260f054a560 DEOPT PACKING pc=0x00000260800f37a6 sp=0x000000a10bdfd8e0
Event: 1.392 Thread 0x00000260f054a560 DEOPT UNPACKING pc=0x0000026087587143 sp=0x000000a10bdfcd68 mode 0
Event: 1.396 Thread 0x00000260f054a560 DEOPT PACKING pc=0x00000260800f37a6 sp=0x000000a10bdfd8e0
Event: 1.396 Thread 0x00000260f054a560 DEOPT UNPACKING pc=0x0000026087587143 sp=0x000000a10bdfcd68 mode 0
Event: 1.397 Thread 0x00000260f054a560 DEOPT PACKING pc=0x00000260800f37a6 sp=0x000000a10bdfda00
Event: 1.397 Thread 0x00000260f054a560 DEOPT UNPACKING pc=0x0000026087587143 sp=0x000000a10bdfce88 mode 0

Classes unloaded (0 events):
No events

Classes redefined (0 events):
No events

Internal exceptions (20 events):
Event: 1.011 Thread 0x00000260f054a560 Exception <a 'sun/nio/fs/WindowsException'{0x00000000831aa470}> (0x00000000831aa470) 
thrown [s\src\hotspot\share\prims\jni.cpp, line 516]
Event: 1.012 Thread 0x00000260f054a560 Exception <a 'sun/nio/fs/WindowsException'{0x00000000831ab130}> (0x00000000831ab130) 
thrown [s\src\hotspot\share\prims\jni.cpp, line 516]
Event: 1.013 Thread 0x00000260f054a560 Exception <a 'sun/nio/fs/WindowsException'{0x00000000831ab4c0}> (0x00000000831ab4c0) 
thrown [s\src\hotspot\share\prims\jni.cpp, line 516]
Event: 1.055 Thread 0x00000260f054a560 Exception <a 'java/lang/NoSuchMethodError'{0x0000000083184be0}: 'java.lang.Object java.lang.invoke.DirectMethodHandle$Holder.invokeVirtual(java.lang.Object, java.lang.Object, java.lang.Object, int, int)'> (0x0000000083184be0) 
thrown [s\src\hotspot\share\interpreter\linkResolver.cpp, line 759]
Event: 1.058 Thread 0x00000260f054a560 Exception <a 'java/lang/NoSuchMethodError'{0x000000008318ba80}: 'java.lang.Object java.lang.invoke.DirectMethodHandle$Holder.invokeVirtual(java.lang.Object, java.lang.Object, int)'> (0x000000008318ba80) 
thrown [s\src\hotspot\share\interpreter\linkResolver.cpp, line 759]
Event: 1.062 Thread 0x00000260f054a560 Exception <a 'java/lang/NoSuchMethodError'{0x0000000083195d00}: 'java.lang.Object java.lang.invoke.DirectMethodHandle$Holder.invokeSpecial(java.lang.Object, java.lang.Object, java.lang.Object, int, int)'> (0x0000000083195d00) 
thrown [s\src\hotspot\share\interpreter\linkResolver.cpp, line 759]
Event: 1.251 Thread 0x00000260f054a560 Exception <a 'java/lang/NoSuchMethodError'{0x0000000083284ea8}: 'void java.lang.invoke.DirectMethodHandle$Holder.invokeStatic(java.lang.Object, java.lang.Object)'> (0x0000000083284ea8) 
thrown [s\src\hotspot\share\interpreter\linkResolver.cpp, line 759]
Event: 1.253 Thread 0x00000260f054a560 Exception <a 'sun/nio/fs/WindowsException'{0x000000008328ee30}> (0x000000008328ee30) 
thrown [s\src\hotspot\share\prims\jni.cpp, line 516]
Event: 1.264 Thread 0x00000260f054a560 Exception <a 'sun/nio/fs/WindowsException'{0x000000008329c0c8}> (0x000000008329c0c8) 
thrown [s\src\hotspot\share\prims\jni.cpp, line 516]
Event: 1.324 Thread 0x00000260f054a560 Exception <a 'java/lang/NoSuchMethodError'{0x000000008333ed88}: 'int java.lang.invoke.DirectMethodHandle$Holder.invokeSpecial(java.lang.Object, java.lang.Object, java.lang.Object)'> (0x000000008333ed88) 
thrown [s\src\hotspot\share\interpreter\linkResolver.cpp, line 759]
Event: 1.327 Thread 0x00000260f054a560 Exception <a 'sun/nio/fs/WindowsException'{0x00000000833497f0}> (0x00000000833497f0) 
thrown [s\src\hotspot\share\prims\jni.cpp, line 516]
Event: 1.327 Thread 0x00000260f054a560 Exception <a 'sun/nio/fs/WindowsException'{0x0000000083349b40}> (0x0000000083349b40) 
thrown [s\src\hotspot\share\prims\jni.cpp, line 516]
Event: 1.328 Thread 0x00000260f054a560 Exception <a 'sun/nio/fs/WindowsException'{0x000000008334aba8}> (0x000000008334aba8) 
thrown [s\src\hotspot\share\prims\jni.cpp, line 516]
Event: 1.328 Thread 0x00000260f054a560 Exception <a 'sun/nio/fs/WindowsException'{0x000000008334aec0}> (0x000000008334aec0) 
thrown [s\src\hotspot\share\prims\jni.cpp, line 516]
Event: 1.333 Thread 0x00000260f054a560 Exception <a 'java/lang/NoSuchMethodError'{0x000000008336ce90}: 'java.lang.Object java.lang.invoke.DirectMethodHandle$Holder.invokeStatic(java.lang.Object, java.lang.Object, int, int)'> (0x000000008336ce90) 
thrown [s\src\hotspot\share\interpreter\linkResolver.cpp, line 759]
Event: 1.432 Thread 0x00000260f054a560 Exception <a 'java/lang/NoSuchMethodError'{0x0000000083bf91e8}: 'java.lang.Object java.lang.invoke.DirectMethodHandle$Holder.invokeInterface(java.lang.Object, java.lang.Object)'> (0x0000000083bf91e8) 
thrown [s\src\hotspot\share\interpreter\linkResolver.cpp, line 759]
Event: 1.436 Thread 0x00000260f054a560 Exception <a 'java/lang/NoSuchMethodError'{0x0000000083a0a898}: 'void java.lang.invoke.DirectMethodHandle$Holder.invokeSpecial(java.lang.Object, java.lang.Object, java.lang.Object, java.lang.Object, java.lang.Object)'> (0x0000000083a0a898) 
thrown [s\src\hotspot\share\interpreter\linkResolver.cpp, line 759]
Event: 1.531 Thread 0x00000260f054a560 Exception <a 'java/lang/NoSuchMethodError'{0x0000000083c54d58}: 'int java.lang.invoke.DirectMethodHandle$Holder.invokeVirtual(java.lang.Object, java.lang.Object, java.lang.Object, java.lang.Object)'> (0x0000000083c54d58) 
thrown [s\src\hotspot\share\interpreter\linkResolver.cpp, line 759]
Event: 1.533 Thread 0x00000260f054a560 Exception <a 'java/lang/NoSuchMethodError'{0x0000000083c5fe90}: 'java.lang.Object java.lang.invoke.DirectMethodHandle$Holder.newInvokeSpecial(java.lang.Object, java.lang.Object, int, java.lang.Object)'> (0x0000000083c5fe90) 
thrown [s\src\hotspot\share\interpreter\linkResolver.cpp, line 759]
Event: 1.533 Thread 0x00000260f054a560 Exception <a 'java/lang/NoSuchMethodError'{0x0000000083c64518}: 'java.lang.Object java.lang.invoke.DirectMethodHandle$Holder.invokeSpecial(java.lang.Object, java.lang.Object, java.lang.Object, int, java.lang.Object)'> (0x0000000083c64518) 
thrown [s\src\hotspot\share\interpreter\linkResolver.cpp, line 759]

VM Operations (20 events):
Event: 1.276 Executing VM operation: G1CollectForAllocation
Event: 1.280 Executing VM operation: G1CollectForAllocation done
Event: 1.291 Executing VM operation: G1CollectForAllocation
Event: 1.294 Executing VM operation: G1CollectForAllocation done
Event: 1.314 Executing VM operation: G1CollectForAllocation
Event: 1.315 Executing VM operation: G1CollectForAllocation done
Event: 1.321 Executing VM operation: G1Concurrent
Event: 1.323 Executing VM operation: G1Concurrent done
Event: 1.325 Executing VM operation: G1Concurrent
Event: 1.325 Executing VM operation: G1Concurrent done
Event: 1.340 Executing VM operation: HandshakeAllThreads
Event: 1.340 Executing VM operation: HandshakeAllThreads done
Event: 1.349 Executing VM operation: G1CollectForAllocation
Event: 1.351 Executing VM operation: G1CollectForAllocation done
Event: 1.368 Executing VM operation: G1CollectForAllocation
Event: 1.372 Executing VM operation: G1CollectForAllocation done
Event: 1.443 Executing VM operation: G1CollectForAllocation
Event: 1.448 Executing VM operation: G1CollectForAllocation done
Event: 1.562 Executing VM operation: G1CollectForAllocation
Event: 1.569 Executing VM operation: G1CollectForAllocation done

Events (20 events):
Event: 1.339 loading class jdk/internal/jimage/ImageReader$LinkNode
Event: 1.339 loading class jdk/internal/jimage/ImageReader$LinkNode done
Event: 1.418 loading class java/lang/invoke/MethodHandle$1
Event: 1.418 loading class java/lang/invoke/MethodHandle$1 done
Event: 1.474 loading class java/util/stream/ReduceOps$1
Event: 1.474 loading class java/util/stream/ReduceOps$1 done
Event: 1.474 loading class java/util/stream/ReduceOps$1ReducingSink
Event: 1.475 loading class java/util/stream/ReduceOps$1ReducingSink done
Event: 1.526 loading class java/util/stream/Nodes$FixedNodeBuilder
Event: 1.526 loading class java/util/stream/Nodes$ArrayNode
Event: 1.526 loading class java/util/stream/Nodes$ArrayNode done
Event: 1.526 loading class java/util/stream/Nodes$FixedNodeBuilder done
Event: 1.542 loading class java/util/EnumMap$EntrySet
Event: 1.542 loading class java/util/EnumMap$EntrySet done
Event: 1.542 loading class java/util/EnumMap$EntryIterator
Event: 1.542 loading class java/util/EnumMap$EnumMapIterator
Event: 1.543 loading class java/util/EnumMap$EnumMapIterator done
Event: 1.543 loading class java/util/EnumMap$EntryIterator done
Event: 1.543 loading class java/util/EnumMap$EntryIterator$Entry
Event: 1.543 loading class java/util/EnumMap$EntryIterator$Entry done


Dynamic libraries:
0x00007ff7373f0000 - 0x00007ff7373f8000 	C:\zulu17.40.19-ca-fx-jdk17.0.6-win_x64\zulu17.40.19-ca-fx-jdk17.0.6-win_x64\bin\javac.exe
0x00007ffe1ab90000 - 0x00007ffe1ada4000 	C:\WINDOWS\SYSTEM32\ntdll.dll
0x00007ffe19040000 - 0x00007ffe19102000 	C:\WINDOWS\System32\KERNEL32.DLL
0x00007ffe185c0000 - 0x00007ffe18963000 	C:\WINDOWS\System32\KERNELBASE.dll
0x00007ffe183e0000 - 0x00007ffe184f1000 	C:\WINDOWS\System32\ucrtbase.dll
0x00007ffe0a640000 - 0x00007ffe0a658000 	C:\zulu17.40.19-ca-fx-jdk17.0.6-win_x64\zulu17.40.19-ca-fx-jdk17.0.6-win_x64\bin\jli.dll
0x00007ffe0a110000 - 0x00007ffe0a12b000 	C:\zulu17.40.19-ca-fx-jdk17.0.6-win_x64\zulu17.40.19-ca-fx-jdk17.0.6-win_x64\bin\VCRUNTIME140.dll
0x00007ffe18ab0000 - 0x00007ffe18c5b000 	C:\WINDOWS\System32\USER32.dll
0x00007ffe02120000 - 0x00007ffe023ae000 	C:\WINDOWS\WinSxS\amd64_microsoft.windows.common-controls_6595b64144ccf1df_6.0.22621.1635_none_270f70857386168e\COMCTL32.dll
0x00007ffe18e30000 - 0x00007ffe18ed7000 	C:\WINDOWS\System32\msvcrt.dll
0x00007ffe19430000 - 0x00007ffe19459000 	C:\WINDOWS\System32\GDI32.dll
0x00007ffe17f90000 - 0x00007ffe180a9000 	C:\WINDOWS\System32\gdi32full.dll
0x00007ffe18220000 - 0x00007ffe182ba000 	C:\WINDOWS\System32\msvcp_win.dll
0x00007ffe183b0000 - 0x00007ffe183d6000 	C:\WINDOWS\System32\win32u.dll
0x00007ffe18ee0000 - 0x00007ffe18f11000 	C:\WINDOWS\System32\IMM32.DLL
0x00007ffe15c10000 - 0x00007ffe15c1c000 	C:\zulu17.40.19-ca-fx-jdk17.0.6-win_x64\zulu17.40.19-ca-fx-jdk17.0.6-win_x64\bin\vcruntime140_1.dll
0x00007ffe087e0000 - 0x00007ffe0886d000 	C:\zulu17.40.19-ca-fx-jdk17.0.6-win_x64\zulu17.40.19-ca-fx-jdk17.0.6-win_x64\bin\msvcp140.dll
0x00007ffdd32d0000 - 0x00007ffdd3f35000 	C:\zulu17.40.19-ca-fx-jdk17.0.6-win_x64\zulu17.40.19-ca-fx-jdk17.0.6-win_x64\bin\server\jvm.dll
0x00007ffe19240000 - 0x00007ffe192ee000 	C:\WINDOWS\System32\ADVAPI32.dll
0x00007ffe18d80000 - 0x00007ffe18e24000 	C:\WINDOWS\System32\sechost.dll
0x00007ffe18c60000 - 0x00007ffe18d77000 	C:\WINDOWS\System32\RPCRT4.dll
0x00007ffe10130000 - 0x00007ffe10164000 	C:\WINDOWS\SYSTEM32\WINMM.dll
0x00007ffe14e50000 - 0x00007ffe14e59000 	C:\WINDOWS\SYSTEM32\WSOCK32.dll
0x00007ffe1aad0000 - 0x00007ffe1ab41000 	C:\WINDOWS\System32\WS2_32.dll
0x00007ffe0ea30000 - 0x00007ffe0ea3a000 	C:\WINDOWS\SYSTEM32\VERSION.dll
0x00007ffe17090000 - 0x00007ffe170a8000 	C:\WINDOWS\SYSTEM32\kernel.appcore.dll
0x00007ffe132f0000 - 0x00007ffe132fa000 	C:\zulu17.40.19-ca-fx-jdk17.0.6-win_x64\zulu17.40.19-ca-fx-jdk17.0.6-win_x64\bin\jimage.dll
0x00007ffe157c0000 - 0x00007ffe159ee000 	C:\WINDOWS\SYSTEM32\DBGHELP.DLL
0x00007ffe19460000 - 0x00007ffe197e9000 	C:\WINDOWS\System32\combase.dll
0x00007ffe19e80000 - 0x00007ffe19f57000 	C:\WINDOWS\System32\OLEAUT32.dll
0x00007ffdfdf80000 - 0x00007ffdfdfb2000 	C:\WINDOWS\SYSTEM32\dbgcore.DLL
0x00007ffe182c0000 - 0x00007ffe1833b000 	C:\WINDOWS\System32\bcryptPrimitives.dll
0x00007ffe0a0e0000 - 0x00007ffe0a105000 	C:\zulu17.40.19-ca-fx-jdk17.0.6-win_x64\zulu17.40.19-ca-fx-jdk17.0.6-win_x64\bin\java.dll
0x00007ffdddba0000 - 0x00007ffdddc77000 	C:\zulu17.40.19-ca-fx-jdk17.0.6-win_x64\zulu17.40.19-ca-fx-jdk17.0.6-win_x64\bin\jsvml.dll
0x00007ffe1a010000 - 0x00007ffe1a80a000 	C:\WINDOWS\System32\SHELL32.dll
0x00007ffe15f40000 - 0x00007ffe1680e000 	C:\WINDOWS\SYSTEM32\windows.storage.dll
0x00007ffe15e00000 - 0x00007ffe15f3e000 	C:\WINDOWS\SYSTEM32\wintypes.dll
0x00007ffe18f40000 - 0x00007ffe19031000 	C:\WINDOWS\System32\SHCORE.dll
0x00007ffe19300000 - 0x00007ffe1935e000 	C:\WINDOWS\System32\shlwapi.dll
0x00007ffe17ec0000 - 0x00007ffe17ee1000 	C:\WINDOWS\SYSTEM32\profapi.dll
0x00007ffe0a0c0000 - 0x00007ffe0a0d9000 	C:\zulu17.40.19-ca-fx-jdk17.0.6-win_x64\zulu17.40.19-ca-fx-jdk17.0.6-win_x64\bin\net.dll
0x00007ffe0fff0000 - 0x00007ffe10127000 	C:\WINDOWS\SYSTEM32\WINHTTP.dll
0x00007ffe17500000 - 0x00007ffe17569000 	C:\WINDOWS\system32\mswsock.dll
0x00007ffe0a070000 - 0x00007ffe0a086000 	C:\zulu17.40.19-ca-fx-jdk17.0.6-win_x64\zulu17.40.19-ca-fx-jdk17.0.6-win_x64\bin\nio.dll
0x00007ffe0a050000 - 0x00007ffe0a068000 	C:\zulu17.40.19-ca-fx-jdk17.0.6-win_x64\zulu17.40.19-ca-fx-jdk17.0.6-win_x64\bin\zip.dll

dbghelp: loaded successfully - version: 4.0.5 - missing functions: none
symbol engine: initialized successfully - sym options: 0x614 - pdb path: .;C:\zulu17.40.19-ca-fx-jdk17.0.6-win_x64\zulu17.40.19-ca-fx-jdk17.0.6-win_x64\bin;C:\WINDOWS\SYSTEM32;C:\WINDOWS\WinSxS\amd64_microsoft.windows.common-controls_6595b64144ccf1df_6.0.22621.1635_none_270f70857386168e;C:\zulu17.40.19-ca-fx-jdk17.0.6-win_x64\zulu17.40.19-ca-fx-jdk17.0.6-win_x64\bin\server

VM Arguments:
jvm_args: -Dapplication.home=C:\zulu17.40.19-ca-fx-jdk17.0.6-win_x64\zulu17.40.19-ca-fx-jdk17.0.6-win_x64 --add-modules=ALL-DEFAULT -Xms8m -Djdk.module.main=jdk.compiler 
java_command: jdk.compiler/com.sun.tools.javac.Main -d C:\Users\aleja\OneDrive\Documentos\NetBeansProjects\ProjetoSalaoFinal\build\classes -classpath C:\Users\aleja\OneDrive\Documentos\NetBeansProjects\ProjetoSalaoFinal\build\classes;C:\Users\aleja\OneDrive\햞ea de Trabalho\jdbc\mysql-connector-java-8.0.26\mysql-connector-java-8.0.26.jar -sourcepath C:\Users\aleja\OneDrive\Documentos\NetBeansProjects\ProjetoSalaoFinal\src -target 17 -encoding UTF-8 -g -processorpath C:\Users\aleja\OneDrive\햞ea de Trabalho\jdbc\mysql-connector-java-8.0.26\mysql-connector-java-8.0.26.jar;C:\Users\aleja\OneDrive\Documentos\NetBeansProjects\ProjetoSalaoFinal\build\empty -s C:\Users\aleja\OneDrive\Documentos\NetBeansProjects\ProjetoSalaoFinal\build\generated-sources\ap-source-output -source 17 C:\Users\aleja\OneDrive\Documentos\NetBeansProjects\ProjetoSalaoFinal\src\projetosalaofinal\ProjetoSalaoFinal.java
java_class_path (initial): <not set>
Launcher Type: SUN_STANDARD

[Global flags]
     intx CICompilerCount                          = 4                                         {product} {ergonomic}
     uint ConcGCThreads                            = 2                                         {product} {ergonomic}
     uint G1ConcRefinementThreads                  = 8                                         {product} {ergonomic}
   size_t G1HeapRegionSize                         = 1048576                                   {product} {ergonomic}
    uintx GCDrainStackTargetSize                   = 64                                        {product} {ergonomic}
   size_t InitialHeapSize                          = 8388608                                   {product} {command line}
   size_t MarkStackSize                            = 4194304                                   {product} {ergonomic}
   size_t MaxHeapSize                              = 2103443456                                {product} {ergonomic}
   size_t MaxNewSize                               = 1261436928                                {product} {ergonomic}
   size_t MinHeapDeltaBytes                        = 1048576                                   {product} {ergonomic}
   size_t MinHeapSize                              = 8388608                                   {product} {command line}
    uintx NonNMethodCodeHeapSize                   = 5839372                                {pd product} {ergonomic}
    uintx NonProfiledCodeHeapSize                  = 122909434                              {pd product} {ergonomic}
    uintx ProfiledCodeHeapSize                     = 122909434                              {pd product} {ergonomic}
    uintx ReservedCodeCacheSize                    = 251658240                              {pd product} {ergonomic}
     bool SegmentedCodeCache                       = true                                      {product} {ergonomic}
   size_t SoftMaxHeapSize                          = 2103443456                             {manageable} {ergonomic}
     bool UseCompressedClassPointers               = true                           {product lp64_product} {ergonomic}
     bool UseCompressedOops                        = true                           {product lp64_product} {ergonomic}
     bool UseG1GC                                  = true                                      {product} {ergonomic}
     bool UseLargePagesIndividualAllocation        = false                                  {pd product} {ergonomic}

Logging:
Log output configuration:
 #0: stdout all=warning uptime,level,tags
 #1: stderr all=off uptime,level,tags

Environment Variables:
PATH=C:\Program Files\Common Files\Oracle\Java\javapath;C:\Windows\system32;C:\Windows;C:\Windows\System32\Wbem;C:\Windows\System32\WindowsPowerShell\v1.0\;C:\Windows\System32\OpenSSH\;C:\Program Files (x86)\NVIDIA Corporation\PhysX\Common;C:\Program Files\NVIDIA Corporation\NVIDIA NvDLISR;C:\Program Files\dotnet\;C:\Program Files\TortoiseSVN\bin;C:\WINDOWS\system32;C:\WINDOWS;C:\WINDOWS\System32\Wbem;C:\WINDOWS\System32\WindowsPowerShell\v1.0\;C:\WINDOWS\System32\OpenSSH\;C:\Program Files\Git\cmd;C:\Program Files (x86)\Microsoft SQL Server\160\Tools\Binn\;C:\Program Files\Microsoft SQL Server\160\Tools\Binn\;C:\Program Files\Microsoft SQL Server\Client SDK\ODBC\170\Tools\Binn\;C:\Program Files\Microsoft SQL Server\160\DTS\Binn\;C:\Program Files (x86)\Microsoft SQL Server\160\DTS\Binn\;C:\Program Files\Azure Data Studio\bin;C:\Program Files\Microsoft SQL Server\150\Tools\Binn\;C:\Users\aleja\AppData\Local\Microsoft\WindowsApps;C:\Users\aleja\AppData\Local\Programs\Microsoft VS Code\bin;C:\Users\aleja\.dotnet\tools
USERNAME=aleja
OS=Windows_NT
PROCESSOR_IDENTIFIER=Intel64 Family 6 Model 165 Stepping 2, GenuineIntel
TMP=C:\Users\aleja\AppData\Local\Temp
TEMP=C:\Users\aleja\AppData\Local\Temp



---------------  S Y S T E M  ---------------

OS:
 Windows 11 , 64 bit Build 22621 (10.0.22621.1778)
OS uptime: 1 days 11:49 hours
Hyper-V role detected

CPU: total 8 (initial active 8) (4 cores per cpu, 2 threads per core) family 6 model 165 stepping 2 microcode 0xea, cx8, cmov, fxsr, ht, mmx, 3dnowpref, sse, sse2, sse3, ssse3, sse4.1, sse4.2, popcnt, lzcnt, tsc, tscinvbit, avx, avx2, aes, erms, clmul, bmi1, bmi2, adx, fma, vzeroupper, clflush, clflushopt, hv

Memory: 4k page, system-wide physical 8023M (414M free)
TotalPageFile size 32599M (AvailPageFile size 7M)
current process WorkingSet (physical memory assigned to process): 91M, peak: 93M
current process commit charge ("private bytes"): 129M, peak: 133M

vm_info: OpenJDK 64-Bit Server VM (17.0.6+10-LTS) for windows-amd64 JRE (17.0.6+10-LTS) (Zulu17.40+19-CA), built on Jan  4 2023 15:04:34 by "zulu_re" with MS VC++ 16.10 / 16.11 (VS2019)

END.
