#
# There is insufficient memory for the Java Runtime Environment to continue.
# Native memory allocation (malloc) failed to allocate 1012192 bytes for Chunk::new
# Possible reasons:
#   The system is out of physical RAM or swap space
#   The process is running with CompressedOops enabled, and the Java Heap may be blocking the growth of the native heap
# Possible solutions:
#   Reduce memory load on the system
#   Increase physical memory or swap space
#   Check if swap backing store is full
#   Decrease Java heap size (-Xmx/-Xms)
#   Decrease number of Java threads
#   Decrease Java thread stack sizes (-Xss)
#   Set larger code cache with -XX:ReservedCodeCacheSize=
#   JVM is running with Unscaled Compressed Oops mode in which the Java heap is
#     placed in the first 4GB address space. The Java Heap base address is the
#     maximum limit for the native heap growth. Please use -XX:HeapBaseMinAddress
#     to set the Java Heap base and to place the Java Heap above 4GB virtual address.
# This output file may be truncated or incomplete.
#
#  Out of Memory Error (arena.cpp:189), pid=9156, tid=7480
#
# JRE version: OpenJDK Runtime Environment Zulu17.40+19-CA (17.0.6+10) (build 17.0.6+10-LTS)
# Java VM: OpenJDK 64-Bit Server VM Zulu17.40+19-CA (17.0.6+10-LTS, mixed mode, sharing, tiered, compressed oops, compressed class ptrs, g1 gc, windows-amd64)
# No core dump will be written. Minidumps are not enabled by default on client versions of Windows
#

---------------  S U M M A R Y ------------

Command Line: -Dapplication.home=C:\zulu17.40.19-ca-fx-jdk17.0.6-win_x64\zulu17.40.19-ca-fx-jdk17.0.6-win_x64 --add-modules=ALL-DEFAULT -Xms8m -Djdk.module.main=jdk.compiler jdk.compiler/com.sun.tools.javac.Main -d C:\Users\aleja\OneDrive\Documentos\NetBeansProjects\ProjetoSalaoFinal\build\classes -classpath C:\Users\aleja\OneDrive\Documentos\NetBeansProjects\ProjetoSalaoFinal\build\classes;C:\Users\aleja\OneDrive\햞ea de Trabalho\jdbc\mysql-connector-java-8.0.26\mysql-connector-java-8.0.26.jar -sourcepath C:\Users\aleja\OneDrive\Documentos\NetBeansProjects\ProjetoSalaoFinal\build\empty -target 17 -encoding UTF-8 -g -processorpath C:\Users\aleja\OneDrive\햞ea de Trabalho\jdbc\mysql-connector-java-8.0.26\mysql-connector-java-8.0.26.jar;C:\Users\aleja\OneDrive\Documentos\NetBeansProjects\ProjetoSalaoFinal\build\empty -s C:\Users\aleja\OneDrive\Documentos\NetBeansProjects\ProjetoSalaoFinal\build\generated-sources\ap-source-output -source 17 C:\Users\aleja\OneDrive\Documentos\NetBeansProjects\ProjetoSalaoFinal\src\ConexaoBD\ConexaoBancoDeDados.java C:\Users\aleja\OneDrive\Documentos\NetBeansProjects\ProjetoSalaoFinal\src\Dao\ClienteDao.java C:\Users\aleja\OneDrive\Documentos\NetBeansProjects\ProjetoSalaoFinal\src\Dao\LoginUserDao.java C:\Users\aleja\OneDrive\Documentos\NetBeansProjects\ProjetoSalaoFinal\src\Dao\ServicoDao.java C:\Users\aleja\OneDrive\Documentos\NetBeansProjects\ProjetoSalaoFinal\src\controller\CadastroAdmController.java C:\Users\aleja\OneDrive\Documentos\NetBeansProjects\ProjetoSalaoFinal\src\controller\CadastroServicoController.java C:\Users\aleja\OneDrive\Documentos\NetBeansProjects\ProjetoSalaoFinal\src\controller\LoginViewFXMLController.java C:\Users\aleja\OneDrive\Documentos\NetBeansProjects\ProjetoSalaoFinal\src\controller\TelaCrudController.java C:\Users\aleja\OneDrive\Documentos\NetBeansProjects\ProjetoSalaoFinal\src\model\Cliente.java C:\Users\aleja\OneDrive\Documentos\NetBeansProjects\ProjetoSalaoFinal\src\model\Servico.java C:\Users\aleja\OneDrive\Documentos\NetBeansProjects\ProjetoSalaoFinal\src\model\Usuario.java C:\Users\aleja\OneDrive\Documentos\NetBeansProjects\ProjetoSalaoFinal\src\projetosalaofinal\ProjetoSalaoFinal.java

Host: Intel(R) Core(TM) i5-10300H CPU @ 2.50GHz, 8 cores, 7G,  Windows 11 , 64 bit Build 22621 (10.0.22621.1778)
Time: Sat Jun 17 00:21:33 2023 Hora oficial do Brasil elapsed time: 1.096192 seconds (0d 0h 0m 1s)

---------------  T H R E A D  ---------------

Current thread (0x00000196f0753e30):  JavaThread "C2 CompilerThread0" daemon [_thread_in_native, id=7480, stack(0x0000005326d00000,0x0000005326e00000)]


Current CompileTask:
C2:   1096  767   !   4       com.sun.tools.javac.parser.JavaTokenizer::readToken (1731 bytes)

Stack: [0x0000005326d00000,0x0000005326e00000]
Native frames: (J=compiled Java code, j=interpreted, Vv=VM code, C=native code)
V  [jvm.dll+0x67c72a]
V  [jvm.dll+0x83a2c4]
V  [jvm.dll+0x83ba6e]
V  [jvm.dll+0x83c0d3]
V  [jvm.dll+0x249415]
V  [jvm.dll+0xabc9c]
V  [jvm.dll+0xac26c]
V  [jvm.dll+0x367957]
V  [jvm.dll+0x1bc198]
V  [jvm.dll+0x218c29]
V  [jvm.dll+0x217ef1]
V  [jvm.dll+0x1a40bd]
V  [jvm.dll+0x22787a]
V  [jvm.dll+0x2259d5]
V  [jvm.dll+0x7efcac]
V  [jvm.dll+0x7ea20a]
V  [jvm.dll+0x67b5d5]
C  [ucrtbase.dll+0x29363]
C  [KERNEL32.DLL+0x126ad]
C  [ntdll.dll+0x5a9f8]


---------------  P R O C E S S  ---------------

Threads class SMR info:
_java_thread_list=0x00000196f18a7670, length=14, elements={
0x00000196d13acdb0, 0x00000196f07387c0, 0x00000196f0739380, 0x00000196f074f430,
0x00000196f0751d10, 0x00000196f07526d0, 0x00000196f0753090, 0x00000196f0753e30,
0x00000196f07741e0, 0x00000196f077ec30, 0x00000196f14080c0, 0x00000196f14f63f0,
0x00000196f1a857b0, 0x00000196f2aaee70
}

Java Threads: ( => current thread )
  0x00000196d13acdb0 JavaThread "main" [_thread_blocked, id=23632, stack(0x0000005325f00000,0x0000005326000000)]
  0x00000196f07387c0 JavaThread "Reference Handler" daemon [_thread_blocked, id=10908, stack(0x0000005326600000,0x0000005326700000)]
  0x00000196f0739380 JavaThread "Finalizer" daemon [_thread_blocked, id=12368, stack(0x0000005326700000,0x0000005326800000)]
  0x00000196f074f430 JavaThread "Signal Dispatcher" daemon [_thread_blocked, id=21732, stack(0x0000005326900000,0x0000005326a00000)]
  0x00000196f0751d10 JavaThread "Attach Listener" daemon [_thread_blocked, id=27180, stack(0x0000005326a00000,0x0000005326b00000)]
  0x00000196f07526d0 JavaThread "Service Thread" daemon [_thread_blocked, id=4832, stack(0x0000005326b00000,0x0000005326c00000)]
  0x00000196f0753090 JavaThread "Monitor Deflation Thread" daemon [_thread_blocked, id=15920, stack(0x0000005326c00000,0x0000005326d00000)]
=>0x00000196f0753e30 JavaThread "C2 CompilerThread0" daemon [_thread_in_native, id=7480, stack(0x0000005326d00000,0x0000005326e00000)]
  0x00000196f07741e0 JavaThread "C1 CompilerThread0" daemon [_thread_blocked, id=14308, stack(0x0000005326e00000,0x0000005326f00000)]
  0x00000196f077ec30 JavaThread "Sweeper thread" daemon [_thread_blocked, id=24396, stack(0x0000005326f00000,0x0000005327000000)]
  0x00000196f14080c0 JavaThread "Common-Cleaner" daemon [_thread_blocked, id=15692, stack(0x0000005327000000,0x0000005327100000)]
  0x00000196f14f63f0 JavaThread "Notification Thread" daemon [_thread_blocked, id=28080, stack(0x0000005327200000,0x0000005327300000)]
  0x00000196f1a857b0 JavaThread "C2 CompilerThread1" daemon [_thread_blocked, id=25872, stack(0x0000005327100000,0x0000005327200000)]
  0x00000196f2aaee70 JavaThread "C2 CompilerThread2" daemon [_thread_blocked, id=7552, stack(0x0000005327900000,0x0000005327a00000)]

Other Threads:
  0x00000196f0733060 VMThread "VM Thread" [stack: 0x0000005326500000,0x0000005326600000] [id=19144]
  0x00000196f14f68d0 WatcherThread [stack: 0x0000005327300000,0x0000005327400000] [id=9372]
  0x00000196d1407e90 GCTaskThread "GC Thread#0" [stack: 0x0000005326000000,0x0000005326100000] [id=9808]
  0x00000196f165d810 GCTaskThread "GC Thread#1" [stack: 0x0000005327400000,0x0000005327500000] [id=18600]
  0x00000196f177d9a0 GCTaskThread "GC Thread#2" [stack: 0x0000005327500000,0x0000005327600000] [id=16708]
  0x00000196f1781c70 GCTaskThread "GC Thread#3" [stack: 0x0000005327600000,0x0000005327700000] [id=5884]
  0x00000196f17f53a0 GCTaskThread "GC Thread#4" [stack: 0x0000005327700000,0x0000005327800000] [id=5300]
  0x00000196f18da8b0 GCTaskThread "GC Thread#5" [stack: 0x0000005327800000,0x0000005327900000] [id=27464]
  0x00000196f2f7b410 GCTaskThread "GC Thread#6" [stack: 0x0000005327a00000,0x0000005327b00000] [id=16924]
  0x00000196d14188a0 ConcurrentGCThread "G1 Main Marker" [stack: 0x0000005326100000,0x0000005326200000] [id=14756]
  0x00000196d14192b0 ConcurrentGCThread "G1 Conc#0" [stack: 0x0000005326200000,0x0000005326300000] [id=12488]
  0x00000196d1441500 ConcurrentGCThread "G1 Refine#0" [stack: 0x0000005326300000,0x0000005326400000] [id=19364]
  0x00000196d1443580 ConcurrentGCThread "G1 Service" [stack: 0x0000005326400000,0x0000005326500000] [id=5656]

Threads with active compile tasks:
C2 CompilerThread0     1126  767   !   4       com.sun.tools.javac.parser.JavaTokenizer::readToken (1731 bytes)
C1 CompilerThread0     1126 1157   !   3       jdk.internal.misc.ScopedMemoryAccess::getIntUnaligned (22 bytes)
C2 CompilerThread1     1126 1120       4       jdk.internal.jimage.ImageStringsReader::stringFromByteBuffer (73 bytes)
C2 CompilerThread2     1126 1154 %     4       java.lang.StringCoding::hasNegatives @ 2 (25 bytes)

VM state: at safepoint (normal execution)

VM Mutex/Monitor currently owned by a thread:  ([mutex/lock_event])
[0x00000196d13a8400] Threads_lock - owner thread: 0x00000196f0733060
[0x00000196d13a8ac0] Heap_lock - owner thread: 0x00000196d13acdb0

Heap address: 0x0000000082a00000, size: 2006 MB, Compressed Oops mode: 32-bit

CDS archive(s) mapped at: [0x0000000800000000-0x0000000800c00000-0x0000000800c00000), size 12582912, SharedBaseAddress: 0x0000000800000000, ArchiveRelocationMode: 0.
Compressed class space mapped at: 0x0000000800c00000-0x0000000840c00000, reserved size: 1073741824
Narrow klass base: 0x0000000800000000, Narrow klass shift: 0, Narrow klass range: 0x100000000

GC Precious Log:
 CPUs: 8 total, 8 available
 Memory: 8023M
 Large Page Support: Disabled
 NUMA Support: Disabled
 Compressed Oops: Enabled (32-bit)
 Heap Region Size: 1M
 Heap Min Capacity: 8M
 Heap Initial Capacity: 8M
 Heap Max Capacity: 2006M
 Pre-touch: Disabled
 Parallel Workers: 8
 Concurrent Workers: 2
 Concurrent Refinement Workers: 8
 Periodic GC: Disabled

Heap:
 garbage-first heap   total 10240K, used 4809K [0x0000000082a00000, 0x0000000100000000)
  region size 1024K, 1 young (1024K), 1 survivors (1024K)
 Metaspace       used 8911K, committed 9152K, reserved 1064960K
  class space    used 1030K, committed 1152K, reserved 1048576K

Heap Regions: E=young(eden), S=young(survivor), O=old, HS=humongous(starts), HC=humongous(continues), CS=collection set, F=free, OA=open archive, CA=closed archive, TAMS=top-at-mark-start (previous, next)
|   0|0x0000000082a00000, 0x0000000082b00000, 0x0000000082b00000|100%| O|  |TAMS 0x0000000082a00000, 0x0000000082b00000| Untracked 
|   1|0x0000000082b00000, 0x0000000082c00000, 0x0000000082c00000|100%| O|  |TAMS 0x0000000082b00000, 0x0000000082c00000| Untracked 
|   2|0x0000000082c00000, 0x0000000082d00000, 0x0000000082d00000|100%| O|  |TAMS 0x0000000082c00000, 0x0000000082d00000| Untracked 
|   3|0x0000000082d00000, 0x0000000082e00000, 0x0000000082e00000|100%| O|  |TAMS 0x0000000082d00000, 0x0000000082e00000| Untracked 
|   4|0x0000000082e00000, 0x0000000082e59000, 0x0000000082f00000| 34%| O|  |TAMS 0x0000000082e00000, 0x0000000082e59000| Untracked 
|   5|0x0000000082f00000, 0x0000000082f00000, 0x0000000083000000|  0%| F|  |TAMS 0x0000000082f00000, 0x0000000082f00000| Untracked 
|   6|0x0000000083000000, 0x0000000083000000, 0x0000000083100000|  0%| F|  |TAMS 0x0000000083000000, 0x0000000083000000| Untracked 
|   7|0x0000000083100000, 0x0000000083159600, 0x0000000083200000| 34%| S|CS|TAMS 0x0000000083100000, 0x0000000083100000| Complete 
|   8|0x0000000083200000, 0x0000000083200000, 0x0000000083300000|  0%| F|  |TAMS 0x0000000083200000, 0x0000000083200000| Untracked 
|   9|0x0000000083300000, 0x0000000083300000, 0x0000000083400000|  0%| F|  |TAMS 0x0000000083300000, 0x0000000083300000| Untracked 

Card table byte_map: [0x00000196e96e0000,0x00000196e9ad0000] _byte_map_base: 0x00000196e92cb000

Marking Bits (Prev, Next): (CMBitMap*) 0x00000196d14084b0, (CMBitMap*) 0x00000196d14084f0
 Prev Bits: [0x00000196e9ec0000, 0x00000196ebe18000)
 Next Bits: [0x00000196ebe20000, 0x00000196edd78000)

Polling page: 0x00000196cf360000

Metaspace:

Usage:
  Non-class:      7.70 MB used.
      Class:      1.01 MB used.
       Both:      8.70 MB used.

Virtual space:
  Non-class space:       16.00 MB reserved,       7.81 MB ( 49%) committed,  2 nodes.
      Class space:        1.00 GB reserved,       1.12 MB ( <1%) committed,  1 nodes.
             Both:        1.02 GB reserved,       8.94 MB ( <1%) committed. 

Chunk freelists:
   Non-Class:  2.09 MB
       Class:  2.91 MB
        Both:  5.01 MB

MaxMetaspaceSize: unlimited
CompressedClassSpaceSize: 1.00 GB
Initial GC threshold: 21.00 MB
Current GC threshold: 21.00 MB
CDS: on
MetaspaceReclaimPolicy: balanced
 - commit_granule_bytes: 65536.
 - commit_granule_words: 8192.
 - virtual_space_node_default_size: 1048576.
 - enlarge_chunks_in_place: 1.
 - new_chunks_are_fully_committed: 0.
 - uncommit_free_chunks: 1.
 - use_allocation_guard: 0.
 - handle_deallocations: 1.


Internal statistics:

num_allocs_failed_limit: 0.
num_arena_births: 64.
num_arena_deaths: 0.
num_vsnodes_births: 3.
num_vsnodes_deaths: 0.
num_space_committed: 143.
num_space_uncommitted: 0.
num_chunks_returned_to_freelist: 0.
num_chunks_taken_from_freelist: 357.
num_chunk_merges: 0.
num_chunk_splits: 248.
num_chunks_enlarged: 197.
num_purges: 0.
num_inconsistent_stats: 0.

CodeHeap 'non-profiled nmethods': size=120000Kb used=353Kb max_used=353Kb free=119646Kb
 bounds [0x00000196e1a90000, 0x00000196e1d00000, 0x00000196e8fc0000]
CodeHeap 'profiled nmethods': size=120000Kb used=2023Kb max_used=2023Kb free=117976Kb
 bounds [0x00000196d9fc0000, 0x00000196da230000, 0x00000196e14f0000]
CodeHeap 'non-nmethods': size=5760Kb used=1142Kb max_used=1181Kb free=4617Kb
 bounds [0x00000196e14f0000, 0x00000196e1760000, 0x00000196e1a90000]
 total_blobs=1570 nmethods=1141 adapters=342
 compilation: enabled
              stopped_count=0, restarted_count=0
 full_count=0

Compilation events (20 events):
Event: 1.084 Thread 0x00000196f07741e0 nmethod 1107 0x00000196da1a7e90 code [0x00000196da1a8020, 0x00000196da1a8118]
Event: 1.086 Thread 0x00000196f07741e0 1109       3       java.util.EnumSet::typeCheck (59 bytes)
Event: 1.090 Thread 0x00000196f07741e0 nmethod 1109 0x00000196da1a8190 code [0x00000196da1a8440, 0x00000196da1a8f38]
Event: 1.090 Thread 0x00000196f07741e0 1114       3       java.util.HashMap::get (19 bytes)
Event: 1.091 Thread 0x00000196f07741e0 nmethod 1114 0x00000196da1a9310 code [0x00000196da1a94c0, 0x00000196da1a9688]
Event: 1.091 Thread 0x00000196f07741e0 1113       3       jdk.internal.jimage.ImageReader$SharedImageReader::makeDirectories (54 bytes)
Event: 1.092 Thread 0x00000196f07741e0 nmethod 1113 0x00000196da1a9790 code [0x00000196da1a9a60, 0x00000196da1aa948]
Event: 1.092 Thread 0x00000196f07741e0 1115       3       jdk.internal.jimage.ImageLocation::getModuleOffset (7 bytes)
Event: 1.092 Thread 0x00000196f07741e0 nmethod 1115 0x00000196da1aae90 code [0x00000196da1ab020, 0x00000196da1ab168]
Event: 1.092 Thread 0x00000196f07741e0 1116       3       jdk.internal.jimage.ImageLocation::getModule (6 bytes)
Event: 1.093 Thread 0x00000196f07741e0 nmethod 1116 0x00000196da1ab210 code [0x00000196da1ab3a0, 0x00000196da1ab4e8]
Event: 1.093 Thread 0x00000196f07741e0 1117       3       jdk.internal.jimage.ImageLocation::getParentOffset (7 bytes)
Event: 1.093 Thread 0x00000196f07741e0 nmethod 1117 0x00000196da1ab590 code [0x00000196da1ab720, 0x00000196da1ab868]
Event: 1.093 Thread 0x00000196f07741e0 1122       3       jdk.internal.jimage.ImageLocation::getParent (6 bytes)
Event: 1.093 Thread 0x00000196f07741e0 nmethod 1122 0x00000196da1ab910 code [0x00000196da1abaa0, 0x00000196da1abbe8]
Event: 1.093 Thread 0x00000196f07741e0 1111       3       jdk.internal.jimage.ImageLocation::getBase (6 bytes)
Event: 1.093 Thread 0x00000196f07741e0 nmethod 1111 0x00000196da1abc90 code [0x00000196da1abe20, 0x00000196da1abf68]
Event: 1.093 Thread 0x00000196f07741e0 1112       3       jdk.internal.jimage.ImageLocation::getExtensionOffset (7 bytes)
Event: 1.093 Thread 0x00000196f07741e0 nmethod 1112 0x00000196da1ac010 code [0x00000196da1ac1a0, 0x00000196da1ac2e8]
Event: 1.093 Thread 0x00000196f07741e0 1110       3       jdk.internal.jimage.ImageLocation::getFullName (109 bytes)

GC Heap History (14 events):
Event: 0.331 GC heap before
{Heap before GC invocations=0 (full 0):
 garbage-first heap   total 8192K, used 3072K [0x0000000082a00000, 0x0000000100000000)
  region size 1024K, 3 young (3072K), 0 survivors (0K)
 Metaspace       used 2544K, committed 2752K, reserved 1056768K
  class space    used 283K, committed 384K, reserved 1048576K
}
Event: 0.337 GC heap after
{Heap after GC invocations=1 (full 0):
 garbage-first heap   total 8192K, used 1184K [0x0000000082a00000, 0x0000000100000000)
  region size 1024K, 1 young (1024K), 1 survivors (1024K)
 Metaspace       used 2544K, committed 2752K, reserved 1056768K
  class space    used 283K, committed 384K, reserved 1048576K
}
Event: 0.476 GC heap before
{Heap before GC invocations=1 (full 0):
 garbage-first heap   total 8192K, used 2208K [0x0000000082a00000, 0x0000000100000000)
  region size 1024K, 2 young (2048K), 1 survivors (1024K)
 Metaspace       used 4583K, committed 4736K, reserved 1056768K
  class space    used 567K, committed 640K, reserved 1048576K
}
Event: 0.480 GC heap after
{Heap after GC invocations=2 (full 0):
 garbage-first heap   total 8192K, used 1840K [0x0000000082a00000, 0x0000000100000000)
  region size 1024K, 1 young (1024K), 1 survivors (1024K)
 Metaspace       used 4583K, committed 4736K, reserved 1056768K
  class space    used 567K, committed 640K, reserved 1048576K
}
Event: 0.607 GC heap before
{Heap before GC invocations=2 (full 0):
 garbage-first heap   total 8192K, used 2864K [0x0000000082a00000, 0x0000000100000000)
  region size 1024K, 2 young (2048K), 1 survivors (1024K)
 Metaspace       used 6301K, committed 6464K, reserved 1064960K
  class space    used 752K, committed 832K, reserved 1048576K
}
Event: 0.611 GC heap after
{Heap after GC invocations=3 (full 0):
 garbage-first heap   total 8192K, used 2168K [0x0000000082a00000, 0x0000000100000000)
  region size 1024K, 1 young (1024K), 1 survivors (1024K)
 Metaspace       used 6301K, committed 6464K, reserved 1064960K
  class space    used 752K, committed 832K, reserved 1048576K
}
Event: 0.750 GC heap before
{Heap before GC invocations=3 (full 0):
 garbage-first heap   total 8192K, used 3192K [0x0000000082a00000, 0x0000000100000000)
  region size 1024K, 2 young (2048K), 1 survivors (1024K)
 Metaspace       used 7659K, committed 7808K, reserved 1064960K
  class space    used 888K, committed 960K, reserved 1048576K
}
Event: 0.752 GC heap after
{Heap after GC invocations=4 (full 0):
 garbage-first heap   total 8192K, used 2513K [0x0000000082a00000, 0x0000000100000000)
  region size 1024K, 1 young (1024K), 1 survivors (1024K)
 Metaspace       used 7659K, committed 7808K, reserved 1064960K
  class space    used 888K, committed 960K, reserved 1048576K
}
Event: 0.796 GC heap before
{Heap before GC invocations=4 (full 0):
 garbage-first heap   total 8192K, used 3537K [0x0000000082a00000, 0x0000000100000000)
  region size 1024K, 2 young (2048K), 1 survivors (1024K)
 Metaspace       used 7806K, committed 8000K, reserved 1064960K
  class space    used 892K, committed 960K, reserved 1048576K
}
Event: 0.799 GC heap after
{Heap after GC invocations=5 (full 0):
 garbage-first heap   total 10240K, used 2838K [0x0000000082a00000, 0x0000000100000000)
  region size 1024K, 1 young (1024K), 1 survivors (1024K)
 Metaspace       used 7806K, committed 8000K, reserved 1064960K
  class space    used 892K, committed 960K, reserved 1048576K
}
Event: 0.915 GC heap before
{Heap before GC invocations=5 (full 0):
 garbage-first heap   total 10240K, used 4886K [0x0000000082a00000, 0x0000000100000000)
  region size 1024K, 3 young (3072K), 1 survivors (1024K)
 Metaspace       used 8163K, committed 8320K, reserved 1064960K
  class space    used 934K, committed 1024K, reserved 1048576K
}
Event: 0.920 GC heap after
{Heap after GC invocations=6 (full 0):
 garbage-first heap   total 10240K, used 3494K [0x0000000082a00000, 0x0000000100000000)
  region size 1024K, 1 young (1024K), 1 survivors (1024K)
 Metaspace       used 8163K, committed 8320K, reserved 1064960K
  class space    used 934K, committed 1024K, reserved 1048576K
}
Event: 1.029 GC heap before
{Heap before GC invocations=6 (full 0):
 garbage-first heap   total 10240K, used 5542K [0x0000000082a00000, 0x0000000100000000)
  region size 1024K, 3 young (3072K), 1 survivors (1024K)
 Metaspace       used 8698K, committed 8896K, reserved 1064960K
  class space    used 1002K, committed 1088K, reserved 1048576K
}
Event: 1.033 GC heap after
{Heap after GC invocations=7 (full 0):
 garbage-first heap   total 10240K, used 4482K [0x0000000082a00000, 0x0000000100000000)
  region size 1024K, 1 young (1024K), 1 survivors (1024K)
 Metaspace       used 8698K, committed 8896K, reserved 1064960K
  class space    used 1002K, committed 1088K, reserved 1048576K
}

Dll operation events (6 events):
Event: 0.009 Loaded shared library C:\zulu17.40.19-ca-fx-jdk17.0.6-win_x64\zulu17.40.19-ca-fx-jdk17.0.6-win_x64\bin\java.dll
Event: 0.020 Loaded shared library C:\zulu17.40.19-ca-fx-jdk17.0.6-win_x64\zulu17.40.19-ca-fx-jdk17.0.6-win_x64\bin\jsvml.dll
Event: 0.121 Loaded shared library C:\zulu17.40.19-ca-fx-jdk17.0.6-win_x64\zulu17.40.19-ca-fx-jdk17.0.6-win_x64\bin\jimage.dll
Event: 0.227 Loaded shared library C:\zulu17.40.19-ca-fx-jdk17.0.6-win_x64\zulu17.40.19-ca-fx-jdk17.0.6-win_x64\bin\net.dll
Event: 0.230 Loaded shared library C:\zulu17.40.19-ca-fx-jdk17.0.6-win_x64\zulu17.40.19-ca-fx-jdk17.0.6-win_x64\bin\nio.dll
Event: 0.289 Loaded shared library C:\zulu17.40.19-ca-fx-jdk17.0.6-win_x64\zulu17.40.19-ca-fx-jdk17.0.6-win_x64\bin\zip.dll

Deoptimization events (20 events):
Event: 1.009 Thread 0x00000196d13acdb0 Uncommon trap: trap_request=0xffffffc6 fr.pc=0x00000196e1adcc3c relative=0x000000000000055c
Event: 1.009 Thread 0x00000196d13acdb0 Uncommon trap: reason=bimorphic_or_optimized_type_check action=maybe_recompile pc=0x00000196e1adcc3c method=java.util.HashMap.getNode(Ljava/lang/Object;)Ljava/util/HashMap$Node; @ 128 c2
Event: 1.009 Thread 0x00000196d13acdb0 DEOPT PACKING pc=0x00000196e1adcc3c sp=0x0000005325ffdd10
Event: 1.010 Thread 0x00000196d13acdb0 DEOPT UNPACKING pc=0x00000196e15469a3 sp=0x0000005325ffdca8 mode 2
Event: 1.010 Thread 0x00000196d13acdb0 Uncommon trap: trap_request=0xffffffc6 fr.pc=0x00000196e1adcc3c relative=0x000000000000055c
Event: 1.010 Thread 0x00000196d13acdb0 Uncommon trap: reason=bimorphic_or_optimized_type_check action=maybe_recompile pc=0x00000196e1adcc3c method=java.util.HashMap.getNode(Ljava/lang/Object;)Ljava/util/HashMap$Node; @ 128 c2
Event: 1.010 Thread 0x00000196d13acdb0 DEOPT PACKING pc=0x00000196e1adcc3c sp=0x0000005325ffdda0
Event: 1.010 Thread 0x00000196d13acdb0 DEOPT UNPACKING pc=0x00000196e15469a3 sp=0x0000005325ffdd38 mode 2
Event: 1.010 Thread 0x00000196d13acdb0 Uncommon trap: trap_request=0xffffffc6 fr.pc=0x00000196e1adcc3c relative=0x000000000000055c
Event: 1.010 Thread 0x00000196d13acdb0 Uncommon trap: reason=bimorphic_or_optimized_type_check action=maybe_recompile pc=0x00000196e1adcc3c method=java.util.HashMap.getNode(Ljava/lang/Object;)Ljava/util/HashMap$Node; @ 128 c2
Event: 1.010 Thread 0x00000196d13acdb0 DEOPT PACKING pc=0x00000196e1adcc3c sp=0x0000005325ffde10
Event: 1.010 Thread 0x00000196d13acdb0 DEOPT UNPACKING pc=0x00000196e15469a3 sp=0x0000005325ffdda8 mode 2
Event: 1.010 Thread 0x00000196d13acdb0 Uncommon trap: trap_request=0xffffffc6 fr.pc=0x00000196e1adcc3c relative=0x000000000000055c
Event: 1.010 Thread 0x00000196d13acdb0 Uncommon trap: reason=bimorphic_or_optimized_type_check action=maybe_recompile pc=0x00000196e1adcc3c method=java.util.HashMap.getNode(Ljava/lang/Object;)Ljava/util/HashMap$Node; @ 128 c2
Event: 1.010 Thread 0x00000196d13acdb0 DEOPT PACKING pc=0x00000196e1adcc3c sp=0x0000005325ffdd10
Event: 1.010 Thread 0x00000196d13acdb0 DEOPT UNPACKING pc=0x00000196e15469a3 sp=0x0000005325ffdca8 mode 2
Event: 1.086 Thread 0x00000196d13acdb0 Uncommon trap: trap_request=0xffffffde fr.pc=0x00000196e1accadc relative=0x000000000000051c
Event: 1.087 Thread 0x00000196d13acdb0 Uncommon trap: reason=class_check action=maybe_recompile pc=0x00000196e1accadc method=java.util.HashMap.getNode(Ljava/lang/Object;)Ljava/util/HashMap$Node; @ 128 c2
Event: 1.087 Thread 0x00000196d13acdb0 DEOPT PACKING pc=0x00000196e1accadc sp=0x0000005325ffe1e0
Event: 1.087 Thread 0x00000196d13acdb0 DEOPT UNPACKING pc=0x00000196e15469a3 sp=0x0000005325ffe0f8 mode 2

Classes unloaded (0 events):
No events

Classes redefined (0 events):
No events

Internal exceptions (20 events):
Event: 1.049 Thread 0x00000196d13acdb0 Exception <a 'sun/nio/fs/WindowsException'{0x000000008332b550}> (0x000000008332b550) 
thrown [s\src\hotspot\share\prims\jni.cpp, line 516]
Event: 1.049 Thread 0x00000196d13acdb0 Exception <a 'sun/nio/fs/WindowsException'{0x000000008332b8b0}> (0x000000008332b8b0) 
thrown [s\src\hotspot\share\prims\jni.cpp, line 516]
Event: 1.051 Thread 0x00000196d13acdb0 Exception <a 'sun/nio/fs/WindowsException'{0x0000000083330fb0}> (0x0000000083330fb0) 
thrown [s\src\hotspot\share\prims\jni.cpp, line 516]
Event: 1.051 Thread 0x00000196d13acdb0 Exception <a 'sun/nio/fs/WindowsException'{0x0000000083331308}> (0x0000000083331308) 
thrown [s\src\hotspot\share\prims\jni.cpp, line 516]
Event: 1.081 Thread 0x00000196d13acdb0 Exception <a 'sun/nio/fs/WindowsException'{0x00000000833470c8}> (0x00000000833470c8) 
thrown [s\src\hotspot\share\prims\jni.cpp, line 516]
Event: 1.081 Thread 0x00000196d13acdb0 Exception <a 'sun/nio/fs/WindowsException'{0x0000000083347408}> (0x0000000083347408) 
thrown [s\src\hotspot\share\prims\jni.cpp, line 516]
Event: 1.082 Thread 0x00000196d13acdb0 Exception <a 'sun/nio/fs/WindowsException'{0x0000000083348250}> (0x0000000083348250) 
thrown [s\src\hotspot\share\prims\jni.cpp, line 516]
Event: 1.082 Thread 0x00000196d13acdb0 Exception <a 'sun/nio/fs/WindowsException'{0x0000000083348580}> (0x0000000083348580) 
thrown [s\src\hotspot\share\prims\jni.cpp, line 516]
Event: 1.082 Thread 0x00000196d13acdb0 Exception <a 'sun/nio/fs/WindowsException'{0x000000008334b770}> (0x000000008334b770) 
thrown [s\src\hotspot\share\prims\jni.cpp, line 516]
Event: 1.082 Thread 0x00000196d13acdb0 Exception <a 'sun/nio/fs/WindowsException'{0x000000008334bad0}> (0x000000008334bad0) 
thrown [s\src\hotspot\share\prims\jni.cpp, line 516]
Event: 1.082 Thread 0x00000196d13acdb0 Exception <a 'sun/nio/fs/WindowsException'{0x000000008334c648}> (0x000000008334c648) 
thrown [s\src\hotspot\share\prims\jni.cpp, line 516]
Event: 1.083 Thread 0x00000196d13acdb0 Exception <a 'sun/nio/fs/WindowsException'{0x000000008334c9a8}> (0x000000008334c9a8) 
thrown [s\src\hotspot\share\prims\jni.cpp, line 516]
Event: 1.083 Thread 0x00000196d13acdb0 Exception <a 'sun/nio/fs/WindowsException'{0x0000000083350c40}> (0x0000000083350c40) 
thrown [s\src\hotspot\share\prims\jni.cpp, line 516]
Event: 1.083 Thread 0x00000196d13acdb0 Exception <a 'sun/nio/fs/WindowsException'{0x0000000083350f90}> (0x0000000083350f90) 
thrown [s\src\hotspot\share\prims\jni.cpp, line 516]
Event: 1.083 Thread 0x00000196d13acdb0 Exception <a 'sun/nio/fs/WindowsException'{0x0000000083351ad8}> (0x0000000083351ad8) 
thrown [s\src\hotspot\share\prims\jni.cpp, line 516]
Event: 1.083 Thread 0x00000196d13acdb0 Exception <a 'sun/nio/fs/WindowsException'{0x0000000083352080}> (0x0000000083352080) 
thrown [s\src\hotspot\share\prims\jni.cpp, line 516]
Event: 1.084 Thread 0x00000196d13acdb0 Exception <a 'sun/nio/fs/WindowsException'{0x0000000083355278}> (0x0000000083355278) 
thrown [s\src\hotspot\share\prims\jni.cpp, line 516]
Event: 1.084 Thread 0x00000196d13acdb0 Exception <a 'sun/nio/fs/WindowsException'{0x0000000083355608}> (0x0000000083355608) 
thrown [s\src\hotspot\share\prims\jni.cpp, line 516]
Event: 1.084 Thread 0x00000196d13acdb0 Exception <a 'sun/nio/fs/WindowsException'{0x00000000833561f0}> (0x00000000833561f0) 
thrown [s\src\hotspot\share\prims\jni.cpp, line 516]
Event: 1.084 Thread 0x00000196d13acdb0 Exception <a 'sun/nio/fs/WindowsException'{0x0000000083356578}> (0x0000000083356578) 
thrown [s\src\hotspot\share\prims\jni.cpp, line 516]

VM Operations (20 events):
Event: 0.260 Executing VM operation: HandshakeAllThreads
Event: 0.260 Executing VM operation: HandshakeAllThreads done
Event: 0.273 Executing VM operation: HandshakeAllThreads
Event: 0.273 Executing VM operation: HandshakeAllThreads done
Event: 0.330 Executing VM operation: G1CollectForAllocation
Event: 0.337 Executing VM operation: G1CollectForAllocation done
Event: 0.476 Executing VM operation: G1CollectForAllocation
Event: 0.480 Executing VM operation: G1CollectForAllocation done
Event: 0.607 Executing VM operation: G1CollectForAllocation
Event: 0.611 Executing VM operation: G1CollectForAllocation done
Event: 0.747 Executing VM operation: G1CollectForAllocation
Event: 0.753 Executing VM operation: G1CollectForAllocation done
Event: 0.795 Executing VM operation: G1CollectForAllocation
Event: 0.801 Executing VM operation: G1CollectForAllocation done
Event: 0.822 Executing VM operation: HandshakeAllThreads
Event: 0.822 Executing VM operation: HandshakeAllThreads done
Event: 0.901 Executing VM operation: G1CollectForAllocation
Event: 0.922 Executing VM operation: G1CollectForAllocation done
Event: 1.029 Executing VM operation: G1CollectForAllocation
Event: 1.034 Executing VM operation: G1CollectForAllocation done

Events (20 events):
Event: 1.009 loading class java/nio/file/FileTreeWalker$Event
Event: 1.009 loading class java/nio/file/FileTreeWalker$Event done
Event: 1.009 loading class java/nio/file/FileTreeWalker$EventType
Event: 1.009 loading class java/nio/file/FileTreeWalker$EventType done
Event: 1.009 loading class java/nio/file/Files$3
Event: 1.009 loading class java/nio/file/Files$3 done
Event: 1.009 loading class java/nio/file/FileVisitResult
Event: 1.009 loading class java/nio/file/FileVisitResult done
Event: 1.009 loading class sun/nio/fs/BasicFileAttributesHolder
Event: 1.009 loading class sun/nio/fs/BasicFileAttributesHolder done
Event: 1.047 loading class java/util/ComparableTimSort
Event: 1.048 loading class java/util/ComparableTimSort done
Event: 1.092 loading class java/nio/file/Files$2
Event: 1.092 loading class java/nio/file/Files$2 done
Event: 1.093 loading class java/util/ImmutableCollections$Access
Event: 1.093 loading class java/util/ImmutableCollections$Access done
Event: 1.093 loading class java/util/ImmutableCollections$Access$1
Event: 1.093 loading class jdk/internal/access/JavaUtilCollectionAccess
Event: 1.093 loading class jdk/internal/access/JavaUtilCollectionAccess done
Event: 1.093 loading class java/util/ImmutableCollections$Access$1 done


Dynamic libraries:
0x00007ff7373f0000 - 0x00007ff7373f8000 	C:\zulu17.40.19-ca-fx-jdk17.0.6-win_x64\zulu17.40.19-ca-fx-jdk17.0.6-win_x64\bin\javac.exe
0x00007ffe1ab90000 - 0x00007ffe1ada4000 	C:\WINDOWS\SYSTEM32\ntdll.dll
0x00007ffe19040000 - 0x00007ffe19102000 	C:\WINDOWS\System32\KERNEL32.DLL
0x00007ffe185c0000 - 0x00007ffe18963000 	C:\WINDOWS\System32\KERNELBASE.dll
0x00007ffe183e0000 - 0x00007ffe184f1000 	C:\WINDOWS\System32\ucrtbase.dll
0x00007ffe0a640000 - 0x00007ffe0a658000 	C:\zulu17.40.19-ca-fx-jdk17.0.6-win_x64\zulu17.40.19-ca-fx-jdk17.0.6-win_x64\bin\jli.dll
0x00007ffe18ab0000 - 0x00007ffe18c5b000 	C:\WINDOWS\System32\USER32.dll
0x00007ffe183b0000 - 0x00007ffe183d6000 	C:\WINDOWS\System32\win32u.dll
0x00007ffe0a110000 - 0x00007ffe0a12b000 	C:\zulu17.40.19-ca-fx-jdk17.0.6-win_x64\zulu17.40.19-ca-fx-jdk17.0.6-win_x64\bin\VCRUNTIME140.dll
0x00007ffe19430000 - 0x00007ffe19459000 	C:\WINDOWS\System32\GDI32.dll
0x00007ffe17f90000 - 0x00007ffe180a9000 	C:\WINDOWS\System32\gdi32full.dll
0x00007ffe02120000 - 0x00007ffe023ae000 	C:\WINDOWS\WinSxS\amd64_microsoft.windows.common-controls_6595b64144ccf1df_6.0.22621.1635_none_270f70857386168e\COMCTL32.dll
0x00007ffe18220000 - 0x00007ffe182ba000 	C:\WINDOWS\System32\msvcp_win.dll
0x00007ffe18e30000 - 0x00007ffe18ed7000 	C:\WINDOWS\System32\msvcrt.dll
0x00007ffe18ee0000 - 0x00007ffe18f11000 	C:\WINDOWS\System32\IMM32.DLL
0x00007ffe15c10000 - 0x00007ffe15c1c000 	C:\zulu17.40.19-ca-fx-jdk17.0.6-win_x64\zulu17.40.19-ca-fx-jdk17.0.6-win_x64\bin\vcruntime140_1.dll
0x00007ffe087e0000 - 0x00007ffe0886d000 	C:\zulu17.40.19-ca-fx-jdk17.0.6-win_x64\zulu17.40.19-ca-fx-jdk17.0.6-win_x64\bin\msvcp140.dll
0x00007ffdd32d0000 - 0x00007ffdd3f35000 	C:\zulu17.40.19-ca-fx-jdk17.0.6-win_x64\zulu17.40.19-ca-fx-jdk17.0.6-win_x64\bin\server\jvm.dll
0x00007ffe19240000 - 0x00007ffe192ee000 	C:\WINDOWS\System32\ADVAPI32.dll
0x00007ffe18d80000 - 0x00007ffe18e24000 	C:\WINDOWS\System32\sechost.dll
0x00007ffe18c60000 - 0x00007ffe18d77000 	C:\WINDOWS\System32\RPCRT4.dll
0x00007ffe10130000 - 0x00007ffe10164000 	C:\WINDOWS\SYSTEM32\WINMM.dll
0x00007ffe0ea30000 - 0x00007ffe0ea3a000 	C:\WINDOWS\SYSTEM32\VERSION.dll
0x00007ffe14e50000 - 0x00007ffe14e59000 	C:\WINDOWS\SYSTEM32\WSOCK32.dll
0x00007ffe1aad0000 - 0x00007ffe1ab41000 	C:\WINDOWS\System32\WS2_32.dll
0x00007ffe17090000 - 0x00007ffe170a8000 	C:\WINDOWS\SYSTEM32\kernel.appcore.dll
0x00007ffe132f0000 - 0x00007ffe132fa000 	C:\zulu17.40.19-ca-fx-jdk17.0.6-win_x64\zulu17.40.19-ca-fx-jdk17.0.6-win_x64\bin\jimage.dll
0x00007ffe157c0000 - 0x00007ffe159ee000 	C:\WINDOWS\SYSTEM32\DBGHELP.DLL
0x00007ffe19460000 - 0x00007ffe197e9000 	C:\WINDOWS\System32\combase.dll
0x00007ffe19e80000 - 0x00007ffe19f57000 	C:\WINDOWS\System32\OLEAUT32.dll
0x00007ffdfdf80000 - 0x00007ffdfdfb2000 	C:\WINDOWS\SYSTEM32\dbgcore.DLL
0x00007ffe182c0000 - 0x00007ffe1833b000 	C:\WINDOWS\System32\bcryptPrimitives.dll
0x00007ffe0a0e0000 - 0x00007ffe0a105000 	C:\zulu17.40.19-ca-fx-jdk17.0.6-win_x64\zulu17.40.19-ca-fx-jdk17.0.6-win_x64\bin\java.dll
0x00007ffdddba0000 - 0x00007ffdddc77000 	C:\zulu17.40.19-ca-fx-jdk17.0.6-win_x64\zulu17.40.19-ca-fx-jdk17.0.6-win_x64\bin\jsvml.dll
0x00007ffe1a010000 - 0x00007ffe1a80a000 	C:\WINDOWS\System32\SHELL32.dll
0x00007ffe15f40000 - 0x00007ffe1680e000 	C:\WINDOWS\SYSTEM32\windows.storage.dll
0x00007ffe15e00000 - 0x00007ffe15f3e000 	C:\WINDOWS\SYSTEM32\wintypes.dll
0x00007ffe18f40000 - 0x00007ffe19031000 	C:\WINDOWS\System32\SHCORE.dll
0x00007ffe19300000 - 0x00007ffe1935e000 	C:\WINDOWS\System32\shlwapi.dll
0x00007ffe17ec0000 - 0x00007ffe17ee1000 	C:\WINDOWS\SYSTEM32\profapi.dll
0x00007ffe0a0c0000 - 0x00007ffe0a0d9000 	C:\zulu17.40.19-ca-fx-jdk17.0.6-win_x64\zulu17.40.19-ca-fx-jdk17.0.6-win_x64\bin\net.dll
0x00007ffe0fff0000 - 0x00007ffe10127000 	C:\WINDOWS\SYSTEM32\WINHTTP.dll
0x00007ffe17500000 - 0x00007ffe17569000 	C:\WINDOWS\system32\mswsock.dll
0x00007ffe0a070000 - 0x00007ffe0a086000 	C:\zulu17.40.19-ca-fx-jdk17.0.6-win_x64\zulu17.40.19-ca-fx-jdk17.0.6-win_x64\bin\nio.dll
0x00007ffe0a050000 - 0x00007ffe0a068000 	C:\zulu17.40.19-ca-fx-jdk17.0.6-win_x64\zulu17.40.19-ca-fx-jdk17.0.6-win_x64\bin\zip.dll

dbghelp: loaded successfully - version: 4.0.5 - missing functions: none
symbol engine: initialized successfully - sym options: 0x614 - pdb path: .;C:\zulu17.40.19-ca-fx-jdk17.0.6-win_x64\zulu17.40.19-ca-fx-jdk17.0.6-win_x64\bin;C:\WINDOWS\SYSTEM32;C:\WINDOWS\WinSxS\amd64_microsoft.windows.common-controls_6595b64144ccf1df_6.0.22621.1635_none_270f70857386168e;C:\zulu17.40.19-ca-fx-jdk17.0.6-win_x64\zulu17.40.19-ca-fx-jdk17.0.6-win_x64\bin\server

VM Arguments:
jvm_args: -Dapplication.home=C:\zulu17.40.19-ca-fx-jdk17.0.6-win_x64\zulu17.40.19-ca-fx-jdk17.0.6-win_x64 --add-modules=ALL-DEFAULT -Xms8m -Djdk.module.main=jdk.compiler 
java_command: jdk.compiler/com.sun.tools.javac.Main -d C:\Users\aleja\OneDrive\Documentos\NetBeansProjects\ProjetoSalaoFinal\build\classes -classpath C:\Users\aleja\OneDrive\Documentos\NetBeansProjects\ProjetoSalaoFinal\build\classes;C:\Users\aleja\OneDrive\햞ea de Trabalho\jdbc\mysql-connector-java-8.0.26\mysql-connector-java-8.0.26.jar -sourcepath C:\Users\aleja\OneDrive\Documentos\NetBeansProjects\ProjetoSalaoFinal\build\empty -target 17 -encoding UTF-8 -g -processorpath C:\Users\aleja\OneDrive\햞ea de Trabalho\jdbc\mysql-connector-java-8.0.26\mysql-connector-java-8.0.26.jar;C:\Users\aleja\OneDrive\Documentos\NetBeansProjects\ProjetoSalaoFinal\build\empty -s C:\Users\aleja\OneDrive\Documentos\NetBeansProjects\ProjetoSalaoFinal\build\generated-sources\ap-source-output -source 17 C:\Users\aleja\OneDrive\Documentos\NetBeansProjects\ProjetoSalaoFinal\src\ConexaoBD\ConexaoBancoDeDados.java C:\Users\aleja\OneDrive\Documentos\NetBeansProjects\ProjetoSalaoFinal\src\Dao\ClienteDao.java C:\Users\aleja\OneDrive\Documentos\NetBeansProjects\ProjetoSalaoFinal\src\Dao\LoginUserDao.java C:\Users\aleja\OneDrive\Documentos\NetBeansProjects\ProjetoSalaoFinal\src\Dao\ServicoDao.java C:\Users\aleja\OneDrive\Documentos\NetBeansProjects\ProjetoSalaoFinal\src\controller\CadastroAdmController.java C:\Users\aleja\OneDrive\Documentos\NetBeansProjects\ProjetoSalaoFinal\src\controller\CadastroServicoController.java C:\Users\aleja\OneDrive\Documentos\NetBeansProjects\ProjetoSalaoFinal\src\controller\LoginViewFXMLController.java C:\Users\aleja\OneDrive\Documentos\NetBeansProjects\ProjetoSalaoFinal\src\controller\TelaCrudController.java C:\Users\aleja\OneDrive\Documentos\NetBeansProjects\ProjetoSalaoFinal\src\model\Cliente.java C:\Users\aleja\OneDrive\Documentos\NetBeansProjects\ProjetoSalaoFinal\src\model\Servico.java C:\Users\aleja\OneDrive\Documentos\NetBeansProjects\ProjetoSalaoFinal\src\model\Usuario.java C:\Users\aleja\OneDrive\Documentos\NetBeansProjects\ProjetoSalaoFinal\src\projetosa
java_class_path (initial): <not set>
Launcher Type: SUN_STANDARD

[Global flags]
     intx CICompilerCount                          = 4                                         {product} {ergonomic}
     uint ConcGCThreads                            = 2                                         {product} {ergonomic}
     uint G1ConcRefinementThreads                  = 8                                         {product} {ergonomic}
   size_t G1HeapRegionSize                         = 1048576                                   {product} {ergonomic}
    uintx GCDrainStackTargetSize                   = 64                                        {product} {ergonomic}
   size_t InitialHeapSize                          = 8388608                                   {product} {command line}
   size_t MarkStackSize                            = 4194304                                   {product} {ergonomic}
   size_t MaxHeapSize                              = 2103443456                                {product} {ergonomic}
   size_t MaxNewSize                               = 1261436928                                {product} {ergonomic}
   size_t MinHeapDeltaBytes                        = 1048576                                   {product} {ergonomic}
   size_t MinHeapSize                              = 8388608                                   {product} {command line}
    uintx NonNMethodCodeHeapSize                   = 5839372                                {pd product} {ergonomic}
    uintx NonProfiledCodeHeapSize                  = 122909434                              {pd product} {ergonomic}
    uintx ProfiledCodeHeapSize                     = 122909434                              {pd product} {ergonomic}
    uintx ReservedCodeCacheSize                    = 251658240                              {pd product} {ergonomic}
     bool SegmentedCodeCache                       = true                                      {product} {ergonomic}
   size_t SoftMaxHeapSize                          = 2103443456                             {manageable} {ergonomic}
     bool UseCompressedClassPointers               = true                           {product lp64_product} {ergonomic}
     bool UseCompressedOops                        = true                           {product lp64_product} {ergonomic}
     bool UseG1GC                                  = true                                      {product} {ergonomic}
     bool UseLargePagesIndividualAllocation        = false                                  {pd product} {ergonomic}

Logging:
Log output configuration:
 #0: stdout all=warning uptime,level,tags
 #1: stderr all=off uptime,level,tags

Environment Variables:
PATH=C:\Program Files\Common Files\Oracle\Java\javapath;C:\Windows\system32;C:\Windows;C:\Windows\System32\Wbem;C:\Windows\System32\WindowsPowerShell\v1.0\;C:\Windows\System32\OpenSSH\;C:\Program Files (x86)\NVIDIA Corporation\PhysX\Common;C:\Program Files\NVIDIA Corporation\NVIDIA NvDLISR;C:\Program Files\dotnet\;C:\Program Files\TortoiseSVN\bin;C:\WINDOWS\system32;C:\WINDOWS;C:\WINDOWS\System32\Wbem;C:\WINDOWS\System32\WindowsPowerShell\v1.0\;C:\WINDOWS\System32\OpenSSH\;C:\Program Files\Git\cmd;C:\Program Files (x86)\Microsoft SQL Server\160\Tools\Binn\;C:\Program Files\Microsoft SQL Server\160\Tools\Binn\;C:\Program Files\Microsoft SQL Server\Client SDK\ODBC\170\Tools\Binn\;C:\Program Files\Microsoft SQL Server\160\DTS\Binn\;C:\Program Files (x86)\Microsoft SQL Server\160\DTS\Binn\;C:\Program Files\Azure Data Studio\bin;C:\Program Files\Microsoft SQL Server\150\Tools\Binn\;C:\Users\aleja\AppData\Local\Microsoft\WindowsApps;C:\Users\aleja\AppData\Local\Programs\Microsoft VS Code\bin;C:\Users\aleja\.dotnet\tools
USERNAME=aleja
OS=Windows_NT
PROCESSOR_IDENTIFIER=Intel64 Family 6 Model 165 Stepping 2, GenuineIntel
TMP=C:\Users\aleja\AppData\Local\Temp
TEMP=C:\Users\aleja\AppData\Local\Temp



---------------  S Y S T E M  ---------------

OS:
 Windows 11 , 64 bit Build 22621 (10.0.22621.1778)
OS uptime: 1 days 11:48 hours
Hyper-V role detected

CPU: total 8 (initial active 8) (4 cores per cpu, 2 threads per core) family 6 model 165 stepping 2 microcode 0xea, cx8, cmov, fxsr, ht, mmx, 3dnowpref, sse, sse2, sse3, ssse3, sse4.1, sse4.2, popcnt, lzcnt, tsc, tscinvbit, avx, avx2, aes, erms, clmul, bmi1, bmi2, adx, fma, vzeroupper, clflush, clflushopt, hv

Memory: 4k page, system-wide physical 8023M (654M free)
TotalPageFile size 32599M (AvailPageFile size 5M)
current process WorkingSet (physical memory assigned to process): 78M, peak: 79M
current process commit charge ("private bytes"): 117M, peak: 122M

vm_info: OpenJDK 64-Bit Server VM (17.0.6+10-LTS) for windows-amd64 JRE (17.0.6+10-LTS) (Zulu17.40+19-CA), built on Jan  4 2023 15:04:34 by "zulu_re" with MS VC++ 16.10 / 16.11 (VS2019)

END.
