#
# There is insufficient memory for the Java Runtime Environment to continue.
# Native memory allocation (mmap) failed to map 30408704 bytes for G1 virtual space
# Possible reasons:
#   The system is out of physical RAM or swap space
#   The process is running with CompressedOops enabled, and the Java Heap may be blocking the growth of the native heap
# Possible solutions:
#   Reduce memory load on the system
#   Increase physical memory or swap space
#   Check if swap backing store is full
#   Decrease Java heap size (-Xmx/-Xms)
#   Decrease number of Java threads
#   Decrease Java thread stack sizes (-Xss)
#   Set larger code cache with -XX:ReservedCodeCacheSize=
#   JVM is running with Unscaled Compressed Oops mode in which the Java heap is
#     placed in the first 4GB address space. The Java Heap base address is the
#     maximum limit for the native heap growth. Please use -XX:HeapBaseMinAddress
#     to set the Java Heap base and to place the Java Heap above 4GB virtual address.
# This output file may be truncated or incomplete.
#
#  Out of Memory Error (os_windows.cpp:3557), pid=6264, tid=4052
#
# JRE version: OpenJDK Runtime Environment Zulu17.40+19-CA (17.0.6+10) (build 17.0.6+10-LTS)
# Java VM: OpenJDK 64-Bit Server VM Zulu17.40+19-CA (17.0.6+10-LTS, mixed mode, sharing, tiered, compressed oops, compressed class ptrs, g1 gc, windows-amd64)
# No core dump will be written. Minidumps are not enabled by default on client versions of Windows
#

---------------  S U M M A R Y ------------

Command Line: -Dapplication.home=C:\zulu17.40.19-ca-fx-jdk17.0.6-win_x64\zulu17.40.19-ca-fx-jdk17.0.6-win_x64 --add-modules=ALL-DEFAULT -Xms8m -Djdk.module.main=jdk.compiler jdk.compiler/com.sun.tools.javac.Main -d C:\Users\aleja\OneDrive\Documentos\NetBeansProjects\ProjetoSalaoFinal\build\classes -classpath C:\Users\aleja\OneDrive\Documentos\NetBeansProjects\ProjetoSalaoFinal\build\classes;C:\Users\aleja\OneDrive\햞ea de Trabalho\jdbc\mysql-connector-java-8.0.26\mysql-connector-java-8.0.26.jar -sourcepath C:\Users\aleja\OneDrive\Documentos\NetBeansProjects\ProjetoSalaoFinal\build\empty -target 17 -encoding UTF-8 -g -processorpath C:\Users\aleja\OneDrive\햞ea de Trabalho\jdbc\mysql-connector-java-8.0.26\mysql-connector-java-8.0.26.jar;C:\Users\aleja\OneDrive\Documentos\NetBeansProjects\ProjetoSalaoFinal\build\empty -s C:\Users\aleja\OneDrive\Documentos\NetBeansProjects\ProjetoSalaoFinal\build\generated-sources\ap-source-output -source 17 C:\Users\aleja\OneDrive\Documentos\NetBeansProjects\ProjetoSalaoFinal\src\ConexaoBD\ConexaoBancoDeDados.java C:\Users\aleja\OneDrive\Documentos\NetBeansProjects\ProjetoSalaoFinal\src\Dao\ClienteDao.java C:\Users\aleja\OneDrive\Documentos\NetBeansProjects\ProjetoSalaoFinal\src\Dao\LoginUserDao.java C:\Users\aleja\OneDrive\Documentos\NetBeansProjects\ProjetoSalaoFinal\src\Dao\ServicoDao.java C:\Users\aleja\OneDrive\Documentos\NetBeansProjects\ProjetoSalaoFinal\src\controller\CadastroAdmController.java C:\Users\aleja\OneDrive\Documentos\NetBeansProjects\ProjetoSalaoFinal\src\controller\CadastroServicoController.java C:\Users\aleja\OneDrive\Documentos\NetBeansProjects\ProjetoSalaoFinal\src\controller\LoginViewFXMLController.java C:\Users\aleja\OneDrive\Documentos\NetBeansProjects\ProjetoSalaoFinal\src\controller\TelaCrudController.java C:\Users\aleja\OneDrive\Documentos\NetBeansProjects\ProjetoSalaoFinal\src\model\Cliente.java C:\Users\aleja\OneDrive\Documentos\NetBeansProjects\ProjetoSalaoFinal\src\model\Servico.java C:\Users\aleja\OneDrive\Documentos\NetBeansProjects\ProjetoSalaoFinal\src\model\Usuario.java C:\Users\aleja\OneDrive\Documentos\NetBeansProjects\ProjetoSalaoFinal\src\projetosalaofinal\ProjetoSalaoFinal.java

Host: Intel(R) Core(TM) i5-10300H CPU @ 2.50GHz, 8 cores, 7G,  Windows 11 , 64 bit Build 22621 (10.0.22621.1778)
Time: Sat Jun 17 00:12:21 2023 Hora oficial do Brasil elapsed time: 2.184005 seconds (0d 0h 0m 2s)

---------------  T H R E A D  ---------------

Current thread (0x000002a3ff094d80):  VMThread "VM Thread" [stack: 0x000000ea0b300000,0x000000ea0b400000] [id=4052]

Stack: [0x000000ea0b300000,0x000000ea0b400000]
Native frames: (J=compiled Java code, j=interpreted, Vv=VM code, C=native code)
V  [jvm.dll+0x67c72a]
V  [jvm.dll+0x83a2c4]
V  [jvm.dll+0x83ba6e]
V  [jvm.dll+0x83c0d3]
V  [jvm.dll+0x249415]
V  [jvm.dll+0x679659]
V  [jvm.dll+0x66dd0a]
V  [jvm.dll+0x3083eb]
V  [jvm.dll+0x30f8a6]
V  [jvm.dll+0x35f9ee]
V  [jvm.dll+0x35fc1f]
V  [jvm.dll+0x2df398]
V  [jvm.dll+0x2dd664]
V  [jvm.dll+0x2dcc6c]
V  [jvm.dll+0x32085b]
V  [jvm.dll+0x8405ab]
V  [jvm.dll+0x8412e4]
V  [jvm.dll+0x8417fd]
V  [jvm.dll+0x841bd4]
V  [jvm.dll+0x841ca0]
V  [jvm.dll+0x7ea20a]
V  [jvm.dll+0x67b5d5]
C  [ucrtbase.dll+0x29363]
C  [KERNEL32.DLL+0x126ad]
C  [ntdll.dll+0x5a9f8]

VM_Operation (0x000000ea0adfc5a0): G1CollectForAllocation, mode: safepoint, requested by thread 0x000002a3fd71d3e0


---------------  P R O C E S S  ---------------

Threads class SMR info:
_java_thread_list=0x000002a39db4e4f0, length=14, elements={
0x000002a3fd71d3e0, 0x000002a3ff09a2f0, 0x000002a3ff09adc0, 0x000002a3ff0af0f0,
0x000002a3ff0b1ac0, 0x000002a3ff0b2480, 0x000002a3ff0b2e40, 0x000002a3ff0bb100,
0x000002a3ff0c5bd0, 0x000002a3ff0cf5c0, 0x000002a3ffc514e0, 0x000002a3ffd05cb0,
0x000002a39dbea4a0, 0x000002a39dbea9c0
}

Java Threads: ( => current thread )
  0x000002a3fd71d3e0 JavaThread "main" [_thread_blocked, id=8388, stack(0x000000ea0ad00000,0x000000ea0ae00000)]
  0x000002a3ff09a2f0 JavaThread "Reference Handler" daemon [_thread_blocked, id=14352, stack(0x000000ea0b400000,0x000000ea0b500000)]
  0x000002a3ff09adc0 JavaThread "Finalizer" daemon [_thread_blocked, id=12008, stack(0x000000ea0b500000,0x000000ea0b600000)]
  0x000002a3ff0af0f0 JavaThread "Signal Dispatcher" daemon [_thread_blocked, id=12724, stack(0x000000ea0b600000,0x000000ea0b700000)]
  0x000002a3ff0b1ac0 JavaThread "Attach Listener" daemon [_thread_blocked, id=22104, stack(0x000000ea0b700000,0x000000ea0b800000)]
  0x000002a3ff0b2480 JavaThread "Service Thread" daemon [_thread_blocked, id=12640, stack(0x000000ea0b800000,0x000000ea0b900000)]
  0x000002a3ff0b2e40 JavaThread "Monitor Deflation Thread" daemon [_thread_blocked, id=7676, stack(0x000000ea0b900000,0x000000ea0ba00000)]
  0x000002a3ff0bb100 JavaThread "C2 CompilerThread0" daemon [_thread_blocked, id=29392, stack(0x000000ea0ba00000,0x000000ea0bb00000)]
  0x000002a3ff0c5bd0 JavaThread "C1 CompilerThread0" daemon [_thread_blocked, id=9904, stack(0x000000ea0bb00000,0x000000ea0bc00000)]
  0x000002a3ff0cf5c0 JavaThread "Sweeper thread" daemon [_thread_blocked, id=17356, stack(0x000000ea0bc00000,0x000000ea0bd00000)]
  0x000002a3ffc514e0 JavaThread "Common-Cleaner" daemon [_thread_blocked, id=10556, stack(0x000000ea0bd00000,0x000000ea0be00000)]
  0x000002a3ffd05cb0 JavaThread "Notification Thread" daemon [_thread_blocked, id=27996, stack(0x000000ea0be00000,0x000000ea0bf00000)]
  0x000002a39dbea4a0 JavaThread "C2 CompilerThread1" daemon [_thread_blocked, id=29488, stack(0x000000ea0c500000,0x000000ea0c600000)]
  0x000002a39dbea9c0 JavaThread "C2 CompilerThread2" daemon [_thread_blocked, id=23028, stack(0x000000ea0c600000,0x000000ea0c700000)]

Other Threads:
=>0x000002a3ff094d80 VMThread "VM Thread" [stack: 0x000000ea0b300000,0x000000ea0b400000] [id=4052]
  0x000002a3fd7a0a60 WatcherThread [stack: 0x000000ea0bf00000,0x000000ea0c000000] [id=23824]
  0x000002a3fd779150 GCTaskThread "GC Thread#0" [stack: 0x000000ea0ae00000,0x000000ea0af00000] [id=8432]
  0x000002a3ffe96c10 GCTaskThread "GC Thread#1" [stack: 0x000000ea0c000000,0x000000ea0c100000] [id=2064]
  0x000002a3ffe863d0 GCTaskThread "GC Thread#2" [stack: 0x000000ea0c100000,0x000000ea0c200000] [id=28972]
  0x000002a3ffe88ab0 GCTaskThread "GC Thread#3" [stack: 0x000000ea0c200000,0x000000ea0c300000] [id=26360]
  0x000002a3fff5c330 GCTaskThread "GC Thread#4" [stack: 0x000000ea0c300000,0x000000ea0c400000] [id=18384]
  0x000002a39da999d0 GCTaskThread "GC Thread#5" [stack: 0x000000ea0c400000,0x000000ea0c500000] [id=22668]
  0x000002a39f547900 GCTaskThread "GC Thread#6" [stack: 0x000000ea0c700000,0x000000ea0c800000] [id=2536]
  0x000002a39f83bfa0 GCTaskThread "GC Thread#7" [stack: 0x000000ea0c900000,0x000000ea0ca00000] [id=9768]
  0x000002a3fd789a00 ConcurrentGCThread "G1 Main Marker" [stack: 0x000000ea0af00000,0x000000ea0b000000] [id=27596]
  0x000002a3fd78aa50 ConcurrentGCThread "G1 Conc#0" [stack: 0x000000ea0b000000,0x000000ea0b100000] [id=14840]
  0x000002a39f919a90 ConcurrentGCThread "G1 Conc#1" [stack: 0x000000ea0c800000,0x000000ea0c900000] [id=22368]
  0x000002a3fd7b8120 ConcurrentGCThread "G1 Refine#0" [stack: 0x000000ea0b100000,0x000000ea0b200000] [id=27044]
  0x000002a3fd7b89f0 ConcurrentGCThread "G1 Service" [stack: 0x000000ea0b200000,0x000000ea0b300000] [id=28068]

Threads with active compile tasks:
C2 CompilerThread0     2219 2389       4       com.sun.tools.javac.jvm.ClassReader::enterClass (13 bytes)
C1 CompilerThread0     2219 2460       3       com.sun.tools.javac.code.Type$MethodType::isErroneous (33 bytes)
C2 CompilerThread1     2219 1871       4       com.sun.tools.javac.code.Symtab::enterClass (71 bytes)
C2 CompilerThread2     2219 2464       4       com.sun.tools.javac.code.Scope$ScopeImpl::enter (108 bytes)

VM state: at safepoint (normal execution)

VM Mutex/Monitor currently owned by a thread:  ([mutex/lock_event])
[0x000002a3fd718f40] Threads_lock - owner thread: 0x000002a3ff094d80
[0x000002a3fd71a1d0] Heap_lock - owner thread: 0x000002a3fd71d3e0

Heap address: 0x0000000082a00000, size: 2006 MB, Compressed Oops mode: 32-bit

CDS archive(s) mapped at: [0x0000000800000000-0x0000000800c00000-0x0000000800c00000), size 12582912, SharedBaseAddress: 0x0000000800000000, ArchiveRelocationMode: 0.
Compressed class space mapped at: 0x0000000800c00000-0x0000000840c00000, reserved size: 1073741824
Narrow klass base: 0x0000000800000000, Narrow klass shift: 0, Narrow klass range: 0x100000000

GC Precious Log:
 CPUs: 8 total, 8 available
 Memory: 8023M
 Large Page Support: Disabled
 NUMA Support: Disabled
 Compressed Oops: Enabled (32-bit)
 Heap Region Size: 1M
 Heap Min Capacity: 8M
 Heap Initial Capacity: 8M
 Heap Max Capacity: 2006M
 Pre-touch: Disabled
 Parallel Workers: 8
 Concurrent Workers: 2
 Concurrent Refinement Workers: 8
 Periodic GC: Disabled

Heap:
 garbage-first heap   total 32768K, used 15913K [0x0000000082a00000, 0x0000000100000000)
  region size 1024K, 2 young (2048K), 2 survivors (2048K)
 Metaspace       used 11435K, committed 11648K, reserved 1064960K
  class space    used 1294K, committed 1408K, reserved 1048576K

Heap Regions: E=young(eden), S=young(survivor), O=old, HS=humongous(starts), HC=humongous(continues), CS=collection set, F=free, OA=open archive, CA=closed archive, TAMS=top-at-mark-start (previous, next)
|   0|0x0000000082a00000, 0x0000000082b00000, 0x0000000082b00000|100%| O|  |TAMS 0x0000000082b00000, 0x0000000082a00000| Untracked 
|   1|0x0000000082b00000, 0x0000000082c00000, 0x0000000082c00000|100%| O|  |TAMS 0x0000000082c00000, 0x0000000082b00000| Untracked 
|   2|0x0000000082c00000, 0x0000000082d00000, 0x0000000082d00000|100%| O|  |TAMS 0x0000000082d00000, 0x0000000082c00000| Untracked 
|   3|0x0000000082d00000, 0x0000000082e00000, 0x0000000082e00000|100%| O|  |TAMS 0x0000000082e00000, 0x0000000082d00000| Untracked 
|   4|0x0000000082e00000, 0x0000000082f00000, 0x0000000082f00000|100%| O|  |TAMS 0x0000000082e5b800, 0x0000000082e00000| Untracked 
|   5|0x0000000082f00000, 0x0000000083000000, 0x0000000083000000|100%| O|  |TAMS 0x0000000082f00000, 0x0000000082f00000| Untracked 
|   6|0x0000000083000000, 0x0000000083100000, 0x0000000083100000|100%| O|  |TAMS 0x0000000083000000, 0x0000000083000000| Untracked 
|   7|0x0000000083100000, 0x0000000083200000, 0x0000000083200000|100%| O|  |TAMS 0x0000000083100000, 0x0000000083100000| Untracked 
|   8|0x0000000083200000, 0x0000000083300000, 0x0000000083300000|100%|HS|  |TAMS 0x0000000083200000, 0x0000000083200000| Complete 
|   9|0x0000000083300000, 0x0000000083400000, 0x0000000083400000|100%| O|  |TAMS 0x0000000083300000, 0x0000000083300000| Untracked 
|  10|0x0000000083400000, 0x0000000083500000, 0x0000000083500000|100%| O|  |TAMS 0x0000000083400000, 0x0000000083400000| Untracked 
|  11|0x0000000083500000, 0x0000000083600000, 0x0000000083600000|100%| O|  |TAMS 0x0000000083500000, 0x0000000083500000| Untracked 
|  12|0x0000000083600000, 0x0000000083700000, 0x0000000083700000|100%| O|  |TAMS 0x0000000083600000, 0x0000000083600000| Untracked 
|  13|0x0000000083700000, 0x0000000083800000, 0x0000000083800000|100%| O|  |TAMS 0x0000000083700000, 0x0000000083700000| Untracked 
|  14|0x0000000083800000, 0x000000008384c600, 0x0000000083900000| 29%| O|  |TAMS 0x0000000083800000, 0x0000000083800000| Untracked 
|  15|0x0000000083900000, 0x0000000083900000, 0x0000000083a00000|  0%| F|  |TAMS 0x0000000083900000, 0x0000000083900000| Untracked 
|  16|0x0000000083a00000, 0x0000000083a00000, 0x0000000083b00000|  0%| F|  |TAMS 0x0000000083a00000, 0x0000000083a00000| Untracked 
|  17|0x0000000083b00000, 0x0000000083b00000, 0x0000000083c00000|  0%| F|  |TAMS 0x0000000083b00000, 0x0000000083b00000| Untracked 
|  18|0x0000000083c00000, 0x0000000083c00000, 0x0000000083d00000|  0%| F|  |TAMS 0x0000000083c00000, 0x0000000083c00000| Untracked 
|  19|0x0000000083d00000, 0x0000000083d00000, 0x0000000083e00000|  0%| F|  |TAMS 0x0000000083d00000, 0x0000000083d00000| Untracked 
|  20|0x0000000083e00000, 0x0000000083e00000, 0x0000000083f00000|  0%| F|  |TAMS 0x0000000083e00000, 0x0000000083e00000| Untracked 
|  21|0x0000000083f00000, 0x0000000083f00000, 0x0000000084000000|  0%| F|  |TAMS 0x0000000083f00000, 0x0000000083f00000| Untracked 
|  22|0x0000000084000000, 0x000000008403df30, 0x0000000084100000| 24%| S|CS|TAMS 0x0000000084000000, 0x0000000084000000| Complete 
|  23|0x0000000084100000, 0x0000000084200000, 0x0000000084200000|100%| S|CS|TAMS 0x0000000084100000, 0x0000000084100000| Complete 
|  24|0x0000000084200000, 0x0000000084200000, 0x0000000084300000|  0%| F|  |TAMS 0x0000000084200000, 0x0000000084200000| Untracked 
|  25|0x0000000084300000, 0x0000000084300000, 0x0000000084400000|  0%| F|  |TAMS 0x0000000084300000, 0x0000000084300000| Untracked 
|  26|0x0000000084400000, 0x0000000084400000, 0x0000000084500000|  0%| F|  |TAMS 0x0000000084400000, 0x0000000084400000| Untracked 
|  27|0x0000000084500000, 0x0000000084500000, 0x0000000084600000|  0%| F|  |TAMS 0x0000000084500000, 0x0000000084500000| Untracked 
|  28|0x0000000084600000, 0x0000000084600000, 0x0000000084700000|  0%| F|  |TAMS 0x0000000084600000, 0x0000000084600000| Untracked 
|  29|0x0000000084700000, 0x0000000084700000, 0x0000000084800000|  0%| F|  |TAMS 0x0000000084700000, 0x0000000084700000| Untracked 
|  30|0x0000000084800000, 0x0000000084800000, 0x0000000084900000|  0%| F|  |TAMS 0x0000000084800000, 0x0000000084800000| Untracked 
|  31|0x0000000084900000, 0x0000000084900000, 0x0000000084a00000|  0%| F|  |TAMS 0x0000000084900000, 0x0000000084900000| Untracked 

Card table byte_map: [0x000002a3fdf00000,0x000002a3fe2f0000] _byte_map_base: 0x000002a3fdaeb000

Marking Bits (Prev, Next): (CMBitMap*) 0x000002a3fd779650, (CMBitMap*) 0x000002a3fd779610
 Prev Bits: [0x000002a399ab0000, 0x000002a39ba08000)
 Next Bits: [0x000002a397b50000, 0x000002a399aa8000)

Polling page: 0x000002a3fb520000

Metaspace:

Usage:
  Non-class:      9.90 MB used.
      Class:      1.26 MB used.
       Both:     11.17 MB used.

Virtual space:
  Non-class space:       16.00 MB reserved,      10.00 MB ( 62%) committed,  2 nodes.
      Class space:        1.00 GB reserved,       1.38 MB ( <1%) committed,  1 nodes.
             Both:        1.02 GB reserved,      11.38 MB (  1%) committed. 

Chunk freelists:
   Non-Class:  208.00 KB
       Class:  2.66 MB
        Both:  2.86 MB

MaxMetaspaceSize: unlimited
CompressedClassSpaceSize: 1.00 GB
Initial GC threshold: 21.00 MB
Current GC threshold: 21.00 MB
CDS: on
MetaspaceReclaimPolicy: balanced
 - commit_granule_bytes: 65536.
 - commit_granule_words: 8192.
 - virtual_space_node_default_size: 1048576.
 - enlarge_chunks_in_place: 1.
 - new_chunks_are_fully_committed: 0.
 - uncommit_free_chunks: 1.
 - use_allocation_guard: 0.
 - handle_deallocations: 1.


Internal statistics:

num_allocs_failed_limit: 0.
num_arena_births: 90.
num_arena_deaths: 0.
num_vsnodes_births: 3.
num_vsnodes_deaths: 0.
num_space_committed: 182.
num_space_uncommitted: 0.
num_chunks_returned_to_freelist: 0.
num_chunks_taken_from_freelist: 479.
num_chunk_merges: 0.
num_chunk_splits: 332.
num_chunks_enlarged: 268.
num_purges: 0.
num_inconsistent_stats: 0.

CodeHeap 'non-profiled nmethods': size=120000Kb used=955Kb max_used=955Kb free=119044Kb
 bounds [0x000002a390620000, 0x000002a390890000, 0x000002a397b50000]
CodeHeap 'profiled nmethods': size=120000Kb used=5192Kb max_used=5192Kb free=114808Kb
 bounds [0x000002a388b50000, 0x000002a389070000, 0x000002a390080000]
CodeHeap 'non-nmethods': size=5760Kb used=1152Kb max_used=1283Kb free=4608Kb
 bounds [0x000002a390080000, 0x000002a3902f0000, 0x000002a390620000]
 total_blobs=2890 nmethods=2455 adapters=346
 compilation: enabled
              stopped_count=0, restarted_count=0
 full_count=0

Compilation events (20 events):
Event: 2.101 Thread 0x000002a3ff0c5bd0 nmethod 2448 0x000002a389056f10 code [0x000002a389057140, 0x000002a3890579b8]
Event: 2.101 Thread 0x000002a3ff0c5bd0 2449       3       java.util.stream.AbstractPipeline::evaluateToArrayNode (78 bytes)
Event: 2.101 Thread 0x000002a3ff0c5bd0 nmethod 2449 0x000002a389057c90 code [0x000002a389057ea0, 0x000002a389058538]
Event: 2.102 Thread 0x000002a3ff0c5bd0 2450       3       com.sun.tools.javac.comp.Infer$IncorporationAction::<init> (20 bytes)
Event: 2.102 Thread 0x000002a3ff0c5bd0 nmethod 2450 0x000002a389058790 code [0x000002a389058940, 0x000002a389058bb8]
Event: 2.102 Thread 0x000002a3ff0c5bd0 2451       3       java.util.RegularEnumSet$EnumSetIterator::next (60 bytes)
Event: 2.103 Thread 0x000002a3ff0c5bd0 nmethod 2451 0x000002a389058c90 code [0x000002a389058e60, 0x000002a3890590f8]
Event: 2.103 Thread 0x000002a3ff0c5bd0 2452       3       com.sun.tools.javac.comp.Check::checkMethod (555 bytes)
Event: 2.103 Thread 0x000002a39dbea9c0 nmethod 2445 0x000002a39070dc90 code [0x000002a39070de00, 0x000002a39070e3b8]
Event: 2.103 Thread 0x000002a39dbea9c0 2446       4       com.sun.tools.javac.code.Scope$Entry::<init> (35 bytes)
Event: 2.109 Thread 0x000002a3ff0c5bd0 nmethod 2452 0x000002a389059290 code [0x000002a389059960, 0x000002a38905e298]
Event: 2.109 Thread 0x000002a3ff0c5bd0 2463       3       com.sun.tools.javac.code.Symbol$MethodSymbol::overrides (11 bytes)
Event: 2.109 Thread 0x000002a3ff0c5bd0 nmethod 2463 0x000002a38905fe90 code [0x000002a389060020, 0x000002a3890601e8]
Event: 2.109 Thread 0x000002a3ff0c5bd0 2465       2       com.sun.tools.javac.code.Scope$ScopeListenerList::walkReferences (101 bytes)
Event: 2.109 Thread 0x000002a39dbea9c0 nmethod 2446 0x000002a39070e890 code [0x000002a39070ea00, 0x000002a39070ef38]
Event: 2.109 Thread 0x000002a39dbea9c0 2464       4       com.sun.tools.javac.code.Scope$ScopeImpl::enter (108 bytes)
Event: 2.110 Thread 0x000002a3ff0c5bd0 nmethod 2465 0x000002a389060290 code [0x000002a3890604a0, 0x000002a389060a68]
Event: 2.110 Thread 0x000002a3ff0c5bd0 2459       3       java.util.Spliterators::spliterator (25 bytes)
Event: 2.110 Thread 0x000002a3ff0c5bd0 nmethod 2459 0x000002a389060d10 code [0x000002a389060ee0, 0x000002a389061318]
Event: 2.110 Thread 0x000002a3ff0c5bd0 2460       3       com.sun.tools.javac.code.Type$MethodType::isErroneous (33 bytes)

GC Heap History (20 events):
Event: 0.751 GC heap after
{Heap after GC invocations=7 (full 0):
 garbage-first heap   total 10240K, used 4483K [0x0000000082a00000, 0x0000000100000000)
  region size 1024K, 1 young (1024K), 1 survivors (1024K)
 Metaspace       used 8732K, committed 8896K, reserved 1064960K
  class space    used 1001K, committed 1088K, reserved 1048576K
}
Event: 0.780 GC heap before
{Heap before GC invocations=7 (full 0):
 garbage-first heap   total 10240K, used 5507K [0x0000000082a00000, 0x0000000100000000)
  region size 1024K, 2 young (2048K), 1 survivors (1024K)
 Metaspace       used 8931K, committed 9152K, reserved 1064960K
  class space    used 1029K, committed 1152K, reserved 1048576K
}
Event: 0.783 GC heap after
{Heap after GC invocations=8 (full 0):
 garbage-first heap   total 10240K, used 4716K [0x0000000082a00000, 0x0000000100000000)
  region size 1024K, 1 young (1024K), 1 survivors (1024K)
 Metaspace       used 8931K, committed 9152K, reserved 1064960K
  class space    used 1029K, committed 1152K, reserved 1048576K
}
Event: 0.795 GC heap before
{Heap before GC invocations=8 (full 0):
 garbage-first heap   total 10240K, used 5740K [0x0000000082a00000, 0x0000000100000000)
  region size 1024K, 2 young (2048K), 1 survivors (1024K)
 Metaspace       used 8950K, committed 9152K, reserved 1064960K
  class space    used 1029K, committed 1152K, reserved 1048576K
}
Event: 0.797 GC heap after
{Heap after GC invocations=9 (full 0):
 garbage-first heap   total 16384K, used 4811K [0x0000000082a00000, 0x0000000100000000)
  region size 1024K, 1 young (1024K), 1 survivors (1024K)
 Metaspace       used 8950K, committed 9152K, reserved 1064960K
  class space    used 1029K, committed 1152K, reserved 1048576K
}
Event: 0.913 GC heap before
{Heap before GC invocations=10 (full 0):
 garbage-first heap   total 16384K, used 8907K [0x0000000082a00000, 0x0000000100000000)
  region size 1024K, 5 young (5120K), 1 survivors (1024K)
 Metaspace       used 9300K, committed 9536K, reserved 1064960K
  class space    used 1066K, committed 1216K, reserved 1048576K
}
Event: 0.921 GC heap after
{Heap after GC invocations=11 (full 0):
 garbage-first heap   total 16384K, used 5637K [0x0000000082a00000, 0x0000000100000000)
  region size 1024K, 1 young (1024K), 1 survivors (1024K)
 Metaspace       used 9300K, committed 9536K, reserved 1064960K
  class space    used 1066K, committed 1216K, reserved 1048576K
}
Event: 0.944 GC heap before
{Heap before GC invocations=11 (full 0):
 garbage-first heap   total 16384K, used 9733K [0x0000000082a00000, 0x0000000100000000)
  region size 1024K, 5 young (5120K), 1 survivors (1024K)
 Metaspace       used 9306K, committed 9536K, reserved 1064960K
  class space    used 1067K, committed 1216K, reserved 1048576K
}
Event: 0.953 GC heap after
{Heap after GC invocations=12 (full 0):
 garbage-first heap   total 16384K, used 6282K [0x0000000082a00000, 0x0000000100000000)
  region size 1024K, 1 young (1024K), 1 survivors (1024K)
 Metaspace       used 9306K, committed 9536K, reserved 1064960K
  class space    used 1067K, committed 1216K, reserved 1048576K
}
Event: 1.005 GC heap before
{Heap before GC invocations=12 (full 0):
 garbage-first heap   total 16384K, used 10378K [0x0000000082a00000, 0x0000000100000000)
  region size 1024K, 5 young (5120K), 1 survivors (1024K)
 Metaspace       used 9336K, committed 9600K, reserved 1064960K
  class space    used 1067K, committed 1216K, reserved 1048576K
}
Event: 1.009 GC heap after
{Heap after GC invocations=13 (full 0):
 garbage-first heap   total 16384K, used 7578K [0x0000000082a00000, 0x0000000100000000)
  region size 1024K, 1 young (1024K), 1 survivors (1024K)
 Metaspace       used 9336K, committed 9600K, reserved 1064960K
  class space    used 1067K, committed 1216K, reserved 1048576K
}
Event: 1.039 GC heap before
{Heap before GC invocations=13 (full 0):
 garbage-first heap   total 16384K, used 10650K [0x0000000082a00000, 0x0000000100000000)
  region size 1024K, 4 young (4096K), 1 survivors (1024K)
 Metaspace       used 9363K, committed 9600K, reserved 1064960K
  class space    used 1068K, committed 1216K, reserved 1048576K
}
Event: 1.042 GC heap after
{Heap after GC invocations=14 (full 0):
 garbage-first heap   total 32768K, used 8010K [0x0000000082a00000, 0x0000000100000000)
  region size 1024K, 1 young (1024K), 1 survivors (1024K)
 Metaspace       used 9363K, committed 9600K, reserved 1064960K
  class space    used 1068K, committed 1216K, reserved 1048576K
}
Event: 1.148 GC heap before
{Heap before GC invocations=14 (full 0):
 garbage-first heap   total 32768K, used 21322K [0x0000000082a00000, 0x0000000100000000)
  region size 1024K, 13 young (13312K), 1 survivors (1024K)
 Metaspace       used 9499K, committed 9728K, reserved 1064960K
  class space    used 1072K, committed 1216K, reserved 1048576K
}
Event: 1.156 GC heap after
{Heap after GC invocations=15 (full 0):
 garbage-first heap   total 32768K, used 11407K [0x0000000082a00000, 0x0000000100000000)
  region size 1024K, 2 young (2048K), 2 survivors (2048K)
 Metaspace       used 9499K, committed 9728K, reserved 1064960K
  class space    used 1072K, committed 1216K, reserved 1048576K
}
Event: 1.217 GC heap before
{Heap before GC invocations=15 (full 0):
 garbage-first heap   total 32768K, used 19599K [0x0000000082a00000, 0x0000000100000000)
  region size 1024K, 10 young (10240K), 2 survivors (2048K)
 Metaspace       used 9575K, committed 9792K, reserved 1064960K
  class space    used 1077K, committed 1216K, reserved 1048576K
}
Event: 1.226 GC heap after
{Heap after GC invocations=16 (full 0):
 garbage-first heap   total 32768K, used 13249K [0x0000000082a00000, 0x0000000100000000)
  region size 1024K, 2 young (2048K), 2 survivors (2048K)
 Metaspace       used 9575K, committed 9792K, reserved 1064960K
  class space    used 1077K, committed 1216K, reserved 1048576K
}
Event: 1.801 GC heap before
{Heap before GC invocations=16 (full 0):
 garbage-first heap   total 32768K, used 20417K [0x0000000082a00000, 0x0000000100000000)
  region size 1024K, 9 young (9216K), 2 survivors (2048K)
 Metaspace       used 11026K, committed 11200K, reserved 1064960K
  class space    used 1250K, committed 1344K, reserved 1048576K
}
Event: 1.814 GC heap after
{Heap after GC invocations=17 (full 0):
 garbage-first heap   total 32768K, used 14632K [0x0000000082a00000, 0x0000000100000000)
  region size 1024K, 2 young (2048K), 2 survivors (2048K)
 Metaspace       used 11026K, committed 11200K, reserved 1064960K
  class space    used 1250K, committed 1344K, reserved 1048576K
}
Event: 2.111 GC heap before
{Heap before GC invocations=17 (full 0):
 garbage-first heap   total 32768K, used 20776K [0x0000000082a00000, 0x0000000100000000)
  region size 1024K, 9 young (9216K), 2 survivors (2048K)
 Metaspace       used 11435K, committed 11648K, reserved 1064960K
  class space    used 1294K, committed 1408K, reserved 1048576K
}

Dll operation events (6 events):
Event: 0.012 Loaded shared library C:\zulu17.40.19-ca-fx-jdk17.0.6-win_x64\zulu17.40.19-ca-fx-jdk17.0.6-win_x64\bin\java.dll
Event: 0.020 Loaded shared library C:\zulu17.40.19-ca-fx-jdk17.0.6-win_x64\zulu17.40.19-ca-fx-jdk17.0.6-win_x64\bin\jsvml.dll
Event: 0.076 Loaded shared library C:\zulu17.40.19-ca-fx-jdk17.0.6-win_x64\zulu17.40.19-ca-fx-jdk17.0.6-win_x64\bin\jimage.dll
Event: 0.156 Loaded shared library C:\zulu17.40.19-ca-fx-jdk17.0.6-win_x64\zulu17.40.19-ca-fx-jdk17.0.6-win_x64\bin\net.dll
Event: 0.158 Loaded shared library C:\zulu17.40.19-ca-fx-jdk17.0.6-win_x64\zulu17.40.19-ca-fx-jdk17.0.6-win_x64\bin\nio.dll
Event: 0.208 Loaded shared library C:\zulu17.40.19-ca-fx-jdk17.0.6-win_x64\zulu17.40.19-ca-fx-jdk17.0.6-win_x64\bin\zip.dll

Deoptimization events (20 events):
Event: 1.964 Thread 0x000002a3fd71d3e0 Uncommon trap: trap_request=0xffffffde fr.pc=0x000002a3906f0b44 relative=0x0000000000000c64
Event: 1.964 Thread 0x000002a3fd71d3e0 Uncommon trap: reason=class_check action=maybe_recompile pc=0x000002a3906f0b44 method=com.sun.tools.javac.code.Scope$ScopeListenerList.walkReferences(Lcom/sun/tools/javac/code/Symbol;Lcom/sun/tools/javac/code/Scope;Z)V @ 20 c2
Event: 1.964 Thread 0x000002a3fd71d3e0 DEOPT PACKING pc=0x000002a3906f0b44 sp=0x000000ea0adfec90
Event: 1.964 Thread 0x000002a3fd71d3e0 DEOPT UNPACKING pc=0x000002a3900d69a3 sp=0x000000ea0adfeb70 mode 2
Event: 1.964 Thread 0x000002a3fd71d3e0 Uncommon trap: trap_request=0xffffffde fr.pc=0x000002a3906f0b44 relative=0x0000000000000c64
Event: 1.964 Thread 0x000002a3fd71d3e0 Uncommon trap: reason=class_check action=maybe_recompile pc=0x000002a3906f0b44 method=com.sun.tools.javac.code.Scope$ScopeListenerList.walkReferences(Lcom/sun/tools/javac/code/Symbol;Lcom/sun/tools/javac/code/Scope;Z)V @ 20 c2
Event: 1.964 Thread 0x000002a3fd71d3e0 DEOPT PACKING pc=0x000002a3906f0b44 sp=0x000000ea0adfec90
Event: 1.965 Thread 0x000002a3fd71d3e0 DEOPT UNPACKING pc=0x000002a3900d69a3 sp=0x000000ea0adfeb70 mode 2
Event: 1.965 Thread 0x000002a3fd71d3e0 Uncommon trap: trap_request=0xffffffde fr.pc=0x000002a3906f0b44 relative=0x0000000000000c64
Event: 1.965 Thread 0x000002a3fd71d3e0 Uncommon trap: reason=class_check action=maybe_recompile pc=0x000002a3906f0b44 method=com.sun.tools.javac.code.Scope$ScopeListenerList.walkReferences(Lcom/sun/tools/javac/code/Symbol;Lcom/sun/tools/javac/code/Scope;Z)V @ 20 c2
Event: 1.965 Thread 0x000002a3fd71d3e0 DEOPT PACKING pc=0x000002a3906f0b44 sp=0x000000ea0adfec90
Event: 1.965 Thread 0x000002a3fd71d3e0 DEOPT UNPACKING pc=0x000002a3900d69a3 sp=0x000000ea0adfeb70 mode 2
Event: 1.965 Thread 0x000002a3fd71d3e0 Uncommon trap: trap_request=0xffffffde fr.pc=0x000002a3906f0b44 relative=0x0000000000000c64
Event: 1.965 Thread 0x000002a3fd71d3e0 Uncommon trap: reason=class_check action=maybe_recompile pc=0x000002a3906f0b44 method=com.sun.tools.javac.code.Scope$ScopeListenerList.walkReferences(Lcom/sun/tools/javac/code/Symbol;Lcom/sun/tools/javac/code/Scope;Z)V @ 20 c2
Event: 1.965 Thread 0x000002a3fd71d3e0 DEOPT PACKING pc=0x000002a3906f0b44 sp=0x000000ea0adfec90
Event: 1.965 Thread 0x000002a3fd71d3e0 DEOPT UNPACKING pc=0x000002a3900d69a3 sp=0x000000ea0adfeb70 mode 2
Event: 1.965 Thread 0x000002a3fd71d3e0 Uncommon trap: trap_request=0xffffffde fr.pc=0x000002a3906eb268 relative=0x00000000000001c8
Event: 1.965 Thread 0x000002a3fd71d3e0 Uncommon trap: reason=class_check action=maybe_recompile pc=0x000002a3906eb268 method=com.sun.tools.javac.code.Scope$ScopeListenerList.walkReferences(Lcom/sun/tools/javac/code/Symbol;Lcom/sun/tools/javac/code/Scope;Z)V @ 20 c2
Event: 1.965 Thread 0x000002a3fd71d3e0 DEOPT PACKING pc=0x000002a3906eb268 sp=0x000000ea0adfebf0
Event: 1.965 Thread 0x000002a3fd71d3e0 DEOPT UNPACKING pc=0x000002a3900d69a3 sp=0x000000ea0adfeb90 mode 2

Classes unloaded (0 events):
No events

Classes redefined (0 events):
No events

Internal exceptions (20 events):
Event: 1.304 Thread 0x000002a3fd71d3e0 Exception <a 'sun/nio/fs/WindowsException'{0x0000000084835a88}> (0x0000000084835a88) 
thrown [s\src\hotspot\share\prims\jni.cpp, line 516]
Event: 1.304 Thread 0x000002a3fd71d3e0 Exception <a 'sun/nio/fs/WindowsException'{0x0000000084835f48}> (0x0000000084835f48) 
thrown [s\src\hotspot\share\prims\jni.cpp, line 516]
Event: 1.318 Thread 0x000002a3fd71d3e0 Exception <a 'java/lang/NoSuchMethodError'{0x0000000084851bd8}: 'int java.lang.invoke.DirectMethodHandle$Holder.invokeVirtual(java.lang.Object, java.lang.Object, java.lang.Object, java.lang.Object)'> (0x0000000084851bd8) 
thrown [s\src\hotspot\share\interpreter\linkResolver.cpp, line 759]
Event: 1.322 Thread 0x000002a3fd71d3e0 Exception <a 'java/lang/NoSuchMethodError'{0x000000008485ccc0}: 'java.lang.Object java.lang.invoke.DirectMethodHandle$Holder.newInvokeSpecial(java.lang.Object, java.lang.Object, int, java.lang.Object)'> (0x000000008485ccc0) 
thrown [s\src\hotspot\share\interpreter\linkResolver.cpp, line 759]
Event: 1.322 Thread 0x000002a3fd71d3e0 Exception <a 'java/lang/NoSuchMethodError'{0x0000000084861348}: 'java.lang.Object java.lang.invoke.DirectMethodHandle$Holder.invokeSpecial(java.lang.Object, java.lang.Object, java.lang.Object, int, java.lang.Object)'> (0x0000000084861348) 
thrown [s\src\hotspot\share\interpreter\linkResolver.cpp, line 759]
Event: 1.345 Thread 0x000002a3fd71d3e0 Exception <a 'java/lang/NoSuchMethodError'{0x00000000848b76e8}: 'void java.lang.invoke.DirectMethodHandle$Holder.invokeVirtual(java.lang.Object, java.lang.Object)'> (0x00000000848b76e8) 
thrown [s\src\hotspot\share\interpreter\linkResolver.cpp, line 759]
Event: 1.387 Thread 0x000002a3fd71d3e0 Exception <a 'java/lang/NoSuchMethodError'{0x000000008475db20}: 'int java.lang.invoke.DirectMethodHandle$Holder.invokeStatic(java.lang.Object, java.lang.Object, java.lang.Object, java.lang.Object)'> (0x000000008475db20) 
thrown [s\src\hotspot\share\interpreter\linkResolver.cpp, line 759]
Event: 1.478 Thread 0x000002a3fd71d3e0 Exception <a 'sun/nio/fs/WindowsException'{0x00000000847feb50}> (0x00000000847feb50) 
thrown [s\src\hotspot\share\prims\jni.cpp, line 516]
Event: 1.478 Thread 0x000002a3fd71d3e0 Exception <a 'sun/nio/fs/WindowsException'{0x00000000847feff8}> (0x00000000847feff8) 
thrown [s\src\hotspot\share\prims\jni.cpp, line 516]
Event: 1.491 Thread 0x000002a3fd71d3e0 Exception <a 'sun/nio/fs/WindowsException'{0x0000000084619948}> (0x0000000084619948) 
thrown [s\src\hotspot\share\prims\jni.cpp, line 516]
Event: 1.491 Thread 0x000002a3fd71d3e0 Exception <a 'sun/nio/fs/WindowsException'{0x0000000084619e00}> (0x0000000084619e00) 
thrown [s\src\hotspot\share\prims\jni.cpp, line 516]
Event: 1.531 Thread 0x000002a3fd71d3e0 Exception <a 'sun/nio/fs/WindowsException'{0x0000000084654898}> (0x0000000084654898) 
thrown [s\src\hotspot\share\prims\jni.cpp, line 516]
Event: 1.541 Thread 0x000002a3fd71d3e0 Exception <a 'sun/nio/fs/WindowsException'{0x0000000084669f50}> (0x0000000084669f50) 
thrown [s\src\hotspot\share\prims\jni.cpp, line 516]
Event: 1.601 Thread 0x000002a3fd71d3e0 Exception <a 'sun/nio/fs/WindowsException'{0x00000000844123d0}> (0x00000000844123d0) 
thrown [s\src\hotspot\share\prims\jni.cpp, line 516]
Event: 1.601 Thread 0x000002a3fd71d3e0 Exception <a 'sun/nio/fs/WindowsException'{0x0000000084412890}> (0x0000000084412890) 
thrown [s\src\hotspot\share\prims\jni.cpp, line 516]
Event: 1.723 Thread 0x000002a3fd71d3e0 Exception <a 'sun/nio/fs/WindowsException'{0x000000008433ac70}> (0x000000008433ac70) 
thrown [s\src\hotspot\share\prims\jni.cpp, line 516]
Event: 1.946 Thread 0x000002a3fd71d3e0 Implicit null exception at 0x000002a39068ad6c to 0x000002a39068af64
Event: 1.946 Thread 0x000002a3fd71d3e0 Implicit null exception at 0x000002a39067812f to 0x000002a3906787f0
Event: 1.946 Thread 0x000002a3fd71d3e0 Implicit null exception at 0x000002a39067108f to 0x000002a390671109
Event: 1.990 Thread 0x000002a3fd71d3e0 Exception <a 'sun/nio/fs/WindowsException'{0x000000008439c7e0}> (0x000000008439c7e0) 
thrown [s\src\hotspot\share\prims\jni.cpp, line 516]

VM Operations (20 events):
Event: 1.200 Executing VM operation: HandshakeAllThreads done
Event: 1.217 Executing VM operation: G1CollectForAllocation
Event: 1.226 Executing VM operation: G1CollectForAllocation done
Event: 1.262 Executing VM operation: HandshakeAllThreads
Event: 1.262 Executing VM operation: HandshakeAllThreads done
Event: 1.271 Executing VM operation: HandshakeAllThreads
Event: 1.271 Executing VM operation: HandshakeAllThreads done
Event: 1.395 Executing VM operation: ICBufferFull
Event: 1.412 Executing VM operation: ICBufferFull done
Event: 1.658 Executing VM operation: ICBufferFull
Event: 1.659 Executing VM operation: ICBufferFull done
Event: 1.663 Executing VM operation: HandshakeAllThreads
Event: 1.663 Executing VM operation: HandshakeAllThreads done
Event: 1.664 Executing VM operation: HandshakeAllThreads
Event: 1.664 Executing VM operation: HandshakeAllThreads done
Event: 1.800 Executing VM operation: G1CollectForAllocation
Event: 1.814 Executing VM operation: G1CollectForAllocation done
Event: 2.094 Executing VM operation: ICBufferFull
Event: 2.094 Executing VM operation: ICBufferFull done
Event: 2.110 Executing VM operation: G1CollectForAllocation

Events (20 events):
Event: 1.269 loading class java/util/stream/Nodes$ArrayNode done
Event: 1.269 loading class java/util/stream/Nodes$FixedNodeBuilder done
Event: 1.305 loading class java/nio/channels/Channels$1
Event: 1.306 loading class java/nio/channels/Channels$1 done
Event: 1.333 loading class java/util/EnumMap$EntrySet
Event: 1.333 loading class java/util/EnumMap$EntrySet done
Event: 1.333 loading class java/util/EnumMap$EntryIterator
Event: 1.333 loading class java/util/EnumMap$EnumMapIterator
Event: 1.333 loading class java/util/EnumMap$EnumMapIterator done
Event: 1.333 loading class java/util/EnumMap$EntryIterator done
Event: 1.333 loading class java/util/EnumMap$EntryIterator$Entry
Event: 1.333 loading class java/util/EnumMap$EntryIterator$Entry done
Event: 1.469 loading class java/util/function/ToIntBiFunction
Event: 1.469 loading class java/util/function/ToIntBiFunction done
Event: 1.951 loading class java/util/stream/ReduceOps$2
Event: 1.951 loading class java/util/stream/ReduceOps$2 done
Event: 1.952 loading class java/util/stream/ReduceOps$2ReducingSink
Event: 1.952 loading class java/util/stream/ReduceOps$2ReducingSink done
Event: 1.978 loading class java/io/DataOutputStream
Event: 1.979 loading class java/io/DataOutputStream done


Dynamic libraries:
0x00007ff6148d0000 - 0x00007ff6148d8000 	C:\zulu17.40.19-ca-fx-jdk17.0.6-win_x64\zulu17.40.19-ca-fx-jdk17.0.6-win_x64\bin\javac.exe
0x00007ffe1ab90000 - 0x00007ffe1ada4000 	C:\WINDOWS\SYSTEM32\ntdll.dll
0x00007ffe19040000 - 0x00007ffe19102000 	C:\WINDOWS\System32\KERNEL32.DLL
0x00007ffe185c0000 - 0x00007ffe18963000 	C:\WINDOWS\System32\KERNELBASE.dll
0x00007ffe183e0000 - 0x00007ffe184f1000 	C:\WINDOWS\System32\ucrtbase.dll
0x00007ffe0a640000 - 0x00007ffe0a658000 	C:\zulu17.40.19-ca-fx-jdk17.0.6-win_x64\zulu17.40.19-ca-fx-jdk17.0.6-win_x64\bin\jli.dll
0x00007ffe0a070000 - 0x00007ffe0a08b000 	C:\zulu17.40.19-ca-fx-jdk17.0.6-win_x64\zulu17.40.19-ca-fx-jdk17.0.6-win_x64\bin\VCRUNTIME140.dll
0x00007ffe18ab0000 - 0x00007ffe18c5b000 	C:\WINDOWS\System32\USER32.dll
0x00007ffe183b0000 - 0x00007ffe183d6000 	C:\WINDOWS\System32\win32u.dll
0x00007ffe19430000 - 0x00007ffe19459000 	C:\WINDOWS\System32\GDI32.dll
0x00007ffe02120000 - 0x00007ffe023ae000 	C:\WINDOWS\WinSxS\amd64_microsoft.windows.common-controls_6595b64144ccf1df_6.0.22621.1635_none_270f70857386168e\COMCTL32.dll
0x00007ffe17f90000 - 0x00007ffe180a9000 	C:\WINDOWS\System32\gdi32full.dll
0x00007ffe18e30000 - 0x00007ffe18ed7000 	C:\WINDOWS\System32\msvcrt.dll
0x00007ffe18220000 - 0x00007ffe182ba000 	C:\WINDOWS\System32\msvcp_win.dll
0x00007ffe18ee0000 - 0x00007ffe18f11000 	C:\WINDOWS\System32\IMM32.DLL
0x00007ffe15c10000 - 0x00007ffe15c1c000 	C:\zulu17.40.19-ca-fx-jdk17.0.6-win_x64\zulu17.40.19-ca-fx-jdk17.0.6-win_x64\bin\vcruntime140_1.dll
0x00007ffdeb620000 - 0x00007ffdeb6ad000 	C:\zulu17.40.19-ca-fx-jdk17.0.6-win_x64\zulu17.40.19-ca-fx-jdk17.0.6-win_x64\bin\msvcp140.dll
0x00007ffd4d770000 - 0x00007ffd4e3d5000 	C:\zulu17.40.19-ca-fx-jdk17.0.6-win_x64\zulu17.40.19-ca-fx-jdk17.0.6-win_x64\bin\server\jvm.dll
0x00007ffe19240000 - 0x00007ffe192ee000 	C:\WINDOWS\System32\ADVAPI32.dll
0x00007ffe18d80000 - 0x00007ffe18e24000 	C:\WINDOWS\System32\sechost.dll
0x00007ffe18c60000 - 0x00007ffe18d77000 	C:\WINDOWS\System32\RPCRT4.dll
0x00007ffe14e50000 - 0x00007ffe14e59000 	C:\WINDOWS\SYSTEM32\WSOCK32.dll
0x00007ffe10130000 - 0x00007ffe10164000 	C:\WINDOWS\SYSTEM32\WINMM.dll
0x00007ffe1aad0000 - 0x00007ffe1ab41000 	C:\WINDOWS\System32\WS2_32.dll
0x00007ffe0ea30000 - 0x00007ffe0ea3a000 	C:\WINDOWS\SYSTEM32\VERSION.dll
0x00007ffe17090000 - 0x00007ffe170a8000 	C:\WINDOWS\SYSTEM32\kernel.appcore.dll
0x00007ffe132f0000 - 0x00007ffe132fa000 	C:\zulu17.40.19-ca-fx-jdk17.0.6-win_x64\zulu17.40.19-ca-fx-jdk17.0.6-win_x64\bin\jimage.dll
0x00007ffe157c0000 - 0x00007ffe159ee000 	C:\WINDOWS\SYSTEM32\DBGHELP.DLL
0x00007ffe19460000 - 0x00007ffe197e9000 	C:\WINDOWS\System32\combase.dll
0x00007ffe19e80000 - 0x00007ffe19f57000 	C:\WINDOWS\System32\OLEAUT32.dll
0x00007ffdfdf80000 - 0x00007ffdfdfb2000 	C:\WINDOWS\SYSTEM32\dbgcore.DLL
0x00007ffe182c0000 - 0x00007ffe1833b000 	C:\WINDOWS\System32\bcryptPrimitives.dll
0x00007ffe09de0000 - 0x00007ffe09e05000 	C:\zulu17.40.19-ca-fx-jdk17.0.6-win_x64\zulu17.40.19-ca-fx-jdk17.0.6-win_x64\bin\java.dll
0x00007ffddac80000 - 0x00007ffddad57000 	C:\zulu17.40.19-ca-fx-jdk17.0.6-win_x64\zulu17.40.19-ca-fx-jdk17.0.6-win_x64\bin\jsvml.dll
0x00007ffe1a010000 - 0x00007ffe1a80a000 	C:\WINDOWS\System32\SHELL32.dll
0x00007ffe15f40000 - 0x00007ffe1680e000 	C:\WINDOWS\SYSTEM32\windows.storage.dll
0x00007ffe15e00000 - 0x00007ffe15f3e000 	C:\WINDOWS\SYSTEM32\wintypes.dll
0x00007ffe18f40000 - 0x00007ffe19031000 	C:\WINDOWS\System32\SHCORE.dll
0x00007ffe19300000 - 0x00007ffe1935e000 	C:\WINDOWS\System32\shlwapi.dll
0x00007ffe17ec0000 - 0x00007ffe17ee1000 	C:\WINDOWS\SYSTEM32\profapi.dll
0x00007ffe0a050000 - 0x00007ffe0a069000 	C:\zulu17.40.19-ca-fx-jdk17.0.6-win_x64\zulu17.40.19-ca-fx-jdk17.0.6-win_x64\bin\net.dll
0x00007ffe0fff0000 - 0x00007ffe10127000 	C:\WINDOWS\SYSTEM32\WINHTTP.dll
0x00007ffe17500000 - 0x00007ffe17569000 	C:\WINDOWS\system32\mswsock.dll
0x00007ffe08b10000 - 0x00007ffe08b26000 	C:\zulu17.40.19-ca-fx-jdk17.0.6-win_x64\zulu17.40.19-ca-fx-jdk17.0.6-win_x64\bin\nio.dll
0x00007ffe07300000 - 0x00007ffe07318000 	C:\zulu17.40.19-ca-fx-jdk17.0.6-win_x64\zulu17.40.19-ca-fx-jdk17.0.6-win_x64\bin\zip.dll

dbghelp: loaded successfully - version: 4.0.5 - missing functions: none
symbol engine: initialized successfully - sym options: 0x614 - pdb path: .;C:\zulu17.40.19-ca-fx-jdk17.0.6-win_x64\zulu17.40.19-ca-fx-jdk17.0.6-win_x64\bin;C:\WINDOWS\SYSTEM32;C:\WINDOWS\WinSxS\amd64_microsoft.windows.common-controls_6595b64144ccf1df_6.0.22621.1635_none_270f70857386168e;C:\zulu17.40.19-ca-fx-jdk17.0.6-win_x64\zulu17.40.19-ca-fx-jdk17.0.6-win_x64\bin\server

VM Arguments:
jvm_args: -Dapplication.home=C:\zulu17.40.19-ca-fx-jdk17.0.6-win_x64\zulu17.40.19-ca-fx-jdk17.0.6-win_x64 --add-modules=ALL-DEFAULT -Xms8m -Djdk.module.main=jdk.compiler 
java_command: jdk.compiler/com.sun.tools.javac.Main -d C:\Users\aleja\OneDrive\Documentos\NetBeansProjects\ProjetoSalaoFinal\build\classes -classpath C:\Users\aleja\OneDrive\Documentos\NetBeansProjects\ProjetoSalaoFinal\build\classes;C:\Users\aleja\OneDrive\햞ea de Trabalho\jdbc\mysql-connector-java-8.0.26\mysql-connector-java-8.0.26.jar -sourcepath C:\Users\aleja\OneDrive\Documentos\NetBeansProjects\ProjetoSalaoFinal\build\empty -target 17 -encoding UTF-8 -g -processorpath C:\Users\aleja\OneDrive\햞ea de Trabalho\jdbc\mysql-connector-java-8.0.26\mysql-connector-java-8.0.26.jar;C:\Users\aleja\OneDrive\Documentos\NetBeansProjects\ProjetoSalaoFinal\build\empty -s C:\Users\aleja\OneDrive\Documentos\NetBeansProjects\ProjetoSalaoFinal\build\generated-sources\ap-source-output -source 17 C:\Users\aleja\OneDrive\Documentos\NetBeansProjects\ProjetoSalaoFinal\src\ConexaoBD\ConexaoBancoDeDados.java C:\Users\aleja\OneDrive\Documentos\NetBeansProjects\ProjetoSalaoFinal\src\Dao\ClienteDao.java C:\Users\aleja\OneDrive\Documentos\NetBeansProjects\ProjetoSalaoFinal\src\Dao\LoginUserDao.java C:\Users\aleja\OneDrive\Documentos\NetBeansProjects\ProjetoSalaoFinal\src\Dao\ServicoDao.java C:\Users\aleja\OneDrive\Documentos\NetBeansProjects\ProjetoSalaoFinal\src\controller\CadastroAdmController.java C:\Users\aleja\OneDrive\Documentos\NetBeansProjects\ProjetoSalaoFinal\src\controller\CadastroServicoController.java C:\Users\aleja\OneDrive\Documentos\NetBeansProjects\ProjetoSalaoFinal\src\controller\LoginViewFXMLController.java C:\Users\aleja\OneDrive\Documentos\NetBeansProjects\ProjetoSalaoFinal\src\controller\TelaCrudController.java C:\Users\aleja\OneDrive\Documentos\NetBeansProjects\ProjetoSalaoFinal\src\model\Cliente.java C:\Users\aleja\OneDrive\Documentos\NetBeansProjects\ProjetoSalaoFinal\src\model\Servico.java C:\Users\aleja\OneDrive\Documentos\NetBeansProjects\ProjetoSalaoFinal\src\model\Usuario.java C:\Users\aleja\OneDrive\Documentos\NetBeansProjects\ProjetoSalaoFinal\src\projetosa
java_class_path (initial): <not set>
Launcher Type: SUN_STANDARD

[Global flags]
     intx CICompilerCount                          = 4                                         {product} {ergonomic}
     uint ConcGCThreads                            = 2                                         {product} {ergonomic}
     uint G1ConcRefinementThreads                  = 8                                         {product} {ergonomic}
   size_t G1HeapRegionSize                         = 1048576                                   {product} {ergonomic}
    uintx GCDrainStackTargetSize                   = 64                                        {product} {ergonomic}
   size_t InitialHeapSize                          = 8388608                                   {product} {command line}
   size_t MarkStackSize                            = 4194304                                   {product} {ergonomic}
   size_t MaxHeapSize                              = 2103443456                                {product} {ergonomic}
   size_t MaxNewSize                               = 1261436928                                {product} {ergonomic}
   size_t MinHeapDeltaBytes                        = 1048576                                   {product} {ergonomic}
   size_t MinHeapSize                              = 8388608                                   {product} {command line}
    uintx NonNMethodCodeHeapSize                   = 5839372                                {pd product} {ergonomic}
    uintx NonProfiledCodeHeapSize                  = 122909434                              {pd product} {ergonomic}
    uintx ProfiledCodeHeapSize                     = 122909434                              {pd product} {ergonomic}
    uintx ReservedCodeCacheSize                    = 251658240                              {pd product} {ergonomic}
     bool SegmentedCodeCache                       = true                                      {product} {ergonomic}
   size_t SoftMaxHeapSize                          = 2103443456                             {manageable} {ergonomic}
     bool UseCompressedClassPointers               = true                           {product lp64_product} {ergonomic}
     bool UseCompressedOops                        = true                           {product lp64_product} {ergonomic}
     bool UseG1GC                                  = true                                      {product} {ergonomic}
     bool UseLargePagesIndividualAllocation        = false                                  {pd product} {ergonomic}

Logging:
Log output configuration:
 #0: stdout all=warning uptime,level,tags
 #1: stderr all=off uptime,level,tags

Environment Variables:
PATH=C:\Program Files\Common Files\Oracle\Java\javapath;C:\Windows\system32;C:\Windows;C:\Windows\System32\Wbem;C:\Windows\System32\WindowsPowerShell\v1.0\;C:\Windows\System32\OpenSSH\;C:\Program Files (x86)\NVIDIA Corporation\PhysX\Common;C:\Program Files\NVIDIA Corporation\NVIDIA NvDLISR;C:\Program Files\dotnet\;C:\Program Files\TortoiseSVN\bin;C:\WINDOWS\system32;C:\WINDOWS;C:\WINDOWS\System32\Wbem;C:\WINDOWS\System32\WindowsPowerShell\v1.0\;C:\WINDOWS\System32\OpenSSH\;C:\Program Files\Git\cmd;C:\Program Files (x86)\Microsoft SQL Server\160\Tools\Binn\;C:\Program Files\Microsoft SQL Server\160\Tools\Binn\;C:\Program Files\Microsoft SQL Server\Client SDK\ODBC\170\Tools\Binn\;C:\Program Files\Microsoft SQL Server\160\DTS\Binn\;C:\Program Files (x86)\Microsoft SQL Server\160\DTS\Binn\;C:\Program Files\Azure Data Studio\bin;C:\Program Files\Microsoft SQL Server\150\Tools\Binn\;C:\Users\aleja\AppData\Local\Microsoft\WindowsApps;C:\Users\aleja\AppData\Local\Programs\Microsoft VS Code\bin;C:\Users\aleja\.dotnet\tools
USERNAME=aleja
OS=Windows_NT
PROCESSOR_IDENTIFIER=Intel64 Family 6 Model 165 Stepping 2, GenuineIntel
TMP=C:\Users\aleja\AppData\Local\Temp
TEMP=C:\Users\aleja\AppData\Local\Temp



---------------  S Y S T E M  ---------------

OS:
 Windows 11 , 64 bit Build 22621 (10.0.22621.1778)
OS uptime: 1 days 11:39 hours
Hyper-V role detected

CPU: total 8 (initial active 8) (4 cores per cpu, 2 threads per core) family 6 model 165 stepping 2 microcode 0xea, cx8, cmov, fxsr, ht, mmx, 3dnowpref, sse, sse2, sse3, ssse3, sse4.1, sse4.2, popcnt, lzcnt, tsc, tscinvbit, avx, avx2, aes, erms, clmul, bmi1, bmi2, adx, fma, vzeroupper, clflush, clflushopt, hv

Memory: 4k page, system-wide physical 8023M (449M free)
TotalPageFile size 32599M (AvailPageFile size 13M)
current process WorkingSet (physical memory assigned to process): 138M, peak: 143M
current process commit charge ("private bytes"): 173M, peak: 202M

vm_info: OpenJDK 64-Bit Server VM (17.0.6+10-LTS) for windows-amd64 JRE (17.0.6+10-LTS) (Zulu17.40+19-CA), built on Jan  4 2023 15:04:34 by "zulu_re" with MS VC++ 16.10 / 16.11 (VS2019)

END.
