#
# There is insufficient memory for the Java Runtime Environment to continue.
# Native memory allocation (mmap) failed to map 29360128 bytes for G1 virtual space
# Possible reasons:
#   The system is out of physical RAM or swap space
#   The process is running with CompressedOops enabled, and the Java Heap may be blocking the growth of the native heap
# Possible solutions:
#   Reduce memory load on the system
#   Increase physical memory or swap space
#   Check if swap backing store is full
#   Decrease Java heap size (-Xmx/-Xms)
#   Decrease number of Java threads
#   Decrease Java thread stack sizes (-Xss)
#   Set larger code cache with -XX:ReservedCodeCacheSize=
#   JVM is running with Unscaled Compressed Oops mode in which the Java heap is
#     placed in the first 4GB address space. The Java Heap base address is the
#     maximum limit for the native heap growth. Please use -XX:HeapBaseMinAddress
#     to set the Java Heap base and to place the Java Heap above 4GB virtual address.
# This output file may be truncated or incomplete.
#
#  Out of Memory Error (os_windows.cpp:3557), pid=14528, tid=18204
#
# JRE version: OpenJDK Runtime Environment Zulu17.40+19-CA (17.0.6+10) (build 17.0.6+10-LTS)
# Java VM: OpenJDK 64-Bit Server VM Zulu17.40+19-CA (17.0.6+10-LTS, mixed mode, sharing, tiered, compressed oops, compressed class ptrs, g1 gc, windows-amd64)
# No core dump will be written. Minidumps are not enabled by default on client versions of Windows
#

---------------  S U M M A R Y ------------

Command Line: -Dapplication.home=C:\zulu17.40.19-ca-fx-jdk17.0.6-win_x64\zulu17.40.19-ca-fx-jdk17.0.6-win_x64 --add-modules=ALL-DEFAULT -Xms8m -Djdk.module.main=jdk.compiler jdk.compiler/com.sun.tools.javac.Main -d C:\Users\aleja\OneDrive\Documentos\NetBeansProjects\ProjetoSalaoFinal\build\classes -classpath C:\Users\aleja\OneDrive\Documentos\NetBeansProjects\ProjetoSalaoFinal\build\classes;C:\Users\aleja\OneDrive\햞ea de Trabalho\jdbc\mysql-connector-java-8.0.26\mysql-connector-java-8.0.26.jar -sourcepath C:\Users\aleja\OneDrive\Documentos\NetBeansProjects\ProjetoSalaoFinal\src -target 17 -encoding UTF-8 -g -processorpath C:\Users\aleja\OneDrive\햞ea de Trabalho\jdbc\mysql-connector-java-8.0.26\mysql-connector-java-8.0.26.jar;C:\Users\aleja\OneDrive\Documentos\NetBeansProjects\ProjetoSalaoFinal\build\empty -s C:\Users\aleja\OneDrive\Documentos\NetBeansProjects\ProjetoSalaoFinal\build\generated-sources\ap-source-output -source 17 C:\Users\aleja\OneDrive\Documentos\NetBeansProjects\ProjetoSalaoFinal\src\projetosalaofinal\ProjetoSalaoFinal.java

Host: Intel(R) Core(TM) i5-10300H CPU @ 2.50GHz, 8 cores, 7G,  Windows 11 , 64 bit Build 22621 (10.0.22621.1778)
Time: Sat Jun 17 00:16:46 2023 Hora oficial do Brasil elapsed time: 3.394157 seconds (0d 0h 0m 3s)

---------------  T H R E A D  ---------------

Current thread (0x00000208d14de410):  VMThread "VM Thread" [stack: 0x0000005c19300000,0x0000005c19400000] [id=18204]

Stack: [0x0000005c19300000,0x0000005c19400000]
Native frames: (J=compiled Java code, j=interpreted, Vv=VM code, C=native code)
V  [jvm.dll+0x67c72a]
V  [jvm.dll+0x83a2c4]
V  [jvm.dll+0x83ba6e]
V  [jvm.dll+0x83c0d3]
V  [jvm.dll+0x249415]
V  [jvm.dll+0x679659]
V  [jvm.dll+0x66dd0a]
V  [jvm.dll+0x3083eb]
V  [jvm.dll+0x30f8a6]
V  [jvm.dll+0x35f9ee]
V  [jvm.dll+0x35fc1f]
V  [jvm.dll+0x2df398]
V  [jvm.dll+0x2dd664]
V  [jvm.dll+0x2dcc6c]
V  [jvm.dll+0x32085b]
V  [jvm.dll+0x8405ab]
V  [jvm.dll+0x8412e4]
V  [jvm.dll+0x8417fd]
V  [jvm.dll+0x841bd4]
V  [jvm.dll+0x841ca0]
V  [jvm.dll+0x7ea20a]
V  [jvm.dll+0x67b5d5]
C  [ucrtbase.dll+0x29363]
C  [KERNEL32.DLL+0x126ad]
C  [ntdll.dll+0x5a9f8]

VM_Operation (0x0000005c18dfab40): G1CollectForAllocation, mode: safepoint, requested by thread 0x00000208d141aeb0


---------------  P R O C E S S  ---------------

Threads class SMR info:
_java_thread_list=0x00000208f1aa1190, length=12, elements={
0x00000208d141aeb0, 0x00000208f07a7f00, 0x00000208f07a87d0, 0x00000208f07bd1a0,
0x00000208f07bdb70, 0x00000208f07c0450, 0x00000208f07c0d20, 0x00000208f07c19d0,
0x00000208f0834bc0, 0x00000208f0835900, 0x00000208d14d1020, 0x00000208f1511060
}

Java Threads: ( => current thread )
  0x00000208d141aeb0 JavaThread "main" [_thread_blocked, id=9592, stack(0x0000005c18d00000,0x0000005c18e00000)]
  0x00000208f07a7f00 JavaThread "Reference Handler" daemon [_thread_blocked, id=26952, stack(0x0000005c19400000,0x0000005c19500000)]
  0x00000208f07a87d0 JavaThread "Finalizer" daemon [_thread_blocked, id=13184, stack(0x0000005c19500000,0x0000005c19600000)]
  0x00000208f07bd1a0 JavaThread "Signal Dispatcher" daemon [_thread_blocked, id=29596, stack(0x0000005c19600000,0x0000005c19700000)]
  0x00000208f07bdb70 JavaThread "Attach Listener" daemon [_thread_blocked, id=16264, stack(0x0000005c19700000,0x0000005c19800000)]
  0x00000208f07c0450 JavaThread "Service Thread" daemon [_thread_blocked, id=9292, stack(0x0000005c19800000,0x0000005c19900000)]
  0x00000208f07c0d20 JavaThread "Monitor Deflation Thread" daemon [_thread_blocked, id=18944, stack(0x0000005c19900000,0x0000005c19a00000)]
  0x00000208f07c19d0 JavaThread "C2 CompilerThread0" daemon [_thread_blocked, id=6952, stack(0x0000005c19a00000,0x0000005c19b00000)]
  0x00000208f0834bc0 JavaThread "C1 CompilerThread0" daemon [_thread_blocked, id=9336, stack(0x0000005c19b00000,0x0000005c19c00000)]
  0x00000208f0835900 JavaThread "Sweeper thread" daemon [_thread_blocked, id=20100, stack(0x0000005c19c00000,0x0000005c19d00000)]
  0x00000208d14d1020 JavaThread "Common-Cleaner" daemon [_thread_blocked, id=15476, stack(0x0000005c19d00000,0x0000005c19e00000)]
  0x00000208f1511060 JavaThread "Notification Thread" daemon [_thread_blocked, id=26356, stack(0x0000005c19f00000,0x0000005c1a000000)]

Other Threads:
=>0x00000208d14de410 VMThread "VM Thread" [stack: 0x0000005c19300000,0x0000005c19400000] [id=18204]
  0x00000208d148cfd0 WatcherThread [stack: 0x0000005c1a000000,0x0000005c1a100000] [id=16252]
  0x00000208d1476080 GCTaskThread "GC Thread#0" [stack: 0x0000005c18e00000,0x0000005c18f00000] [id=23780]
  0x00000208f1794520 GCTaskThread "GC Thread#1" [stack: 0x0000005c1a100000,0x0000005c1a200000] [id=22492]
  0x00000208f179dc70 GCTaskThread "GC Thread#2" [stack: 0x0000005c1a200000,0x0000005c1a300000] [id=12388]
  0x00000208f179df30 GCTaskThread "GC Thread#3" [stack: 0x0000005c1a300000,0x0000005c1a400000] [id=20500]
  0x00000208f1854b40 GCTaskThread "GC Thread#4" [stack: 0x0000005c1a400000,0x0000005c1a500000] [id=17580]
  0x00000208f18df690 GCTaskThread "GC Thread#5" [stack: 0x0000005c19e00000,0x0000005c19f00000] [id=24340]
  0x00000208f1a93350 GCTaskThread "GC Thread#6" [stack: 0x0000005c1a500000,0x0000005c1a600000] [id=1420]
  0x00000208f1bba6e0 GCTaskThread "GC Thread#7" [stack: 0x0000005c1a900000,0x0000005c1aa00000] [id=13092]
  0x00000208d14869a0 ConcurrentGCThread "G1 Main Marker" [stack: 0x0000005c18f00000,0x0000005c19000000] [id=3700]
  0x00000208d14872c0 ConcurrentGCThread "G1 Conc#0" [stack: 0x0000005c19000000,0x0000005c19100000] [id=15164]
  0x00000208f1ac2a80 ConcurrentGCThread "G1 Conc#1" [stack: 0x0000005c1a600000,0x0000005c1a700000] [id=4708]
  0x00000208d14b1e00 ConcurrentGCThread "G1 Refine#0" [stack: 0x0000005c19100000,0x0000005c19200000] [id=24052]
  0x00000208d14b2740 ConcurrentGCThread "G1 Service" [stack: 0x0000005c19200000,0x0000005c19300000] [id=16144]

Threads with active compile tasks:
C2 CompilerThread0     3426 1539       4       com.sun.tools.javac.file.BaseFileManager::getKind (55 bytes)

VM state: at safepoint (normal execution)

VM Mutex/Monitor currently owned by a thread:  ([mutex/lock_event])
[0x00000208d14175e0] Threads_lock - owner thread: 0x00000208d14de410
[0x00000208d1416350] Heap_lock - owner thread: 0x00000208d141aeb0

Heap address: 0x0000000082a00000, size: 2006 MB, Compressed Oops mode: 32-bit

CDS archive(s) mapped at: [0x0000000800000000-0x0000000800c00000-0x0000000800c00000), size 12582912, SharedBaseAddress: 0x0000000800000000, ArchiveRelocationMode: 0.
Compressed class space mapped at: 0x0000000800c00000-0x0000000840c00000, reserved size: 1073741824
Narrow klass base: 0x0000000800000000, Narrow klass shift: 0, Narrow klass range: 0x100000000

GC Precious Log:
 CPUs: 8 total, 8 available
 Memory: 8023M
 Large Page Support: Disabled
 NUMA Support: Disabled
 Compressed Oops: Enabled (32-bit)
 Heap Region Size: 1M
 Heap Min Capacity: 8M
 Heap Initial Capacity: 8M
 Heap Max Capacity: 2006M
 Pre-touch: Disabled
 Parallel Workers: 8
 Concurrent Workers: 2
 Concurrent Refinement Workers: 8
 Periodic GC: Disabled

Heap:
 garbage-first heap   total 19456K, used 8755K [0x0000000082a00000, 0x0000000100000000)
  region size 1024K, 1 young (1024K), 1 survivors (1024K)
 Metaspace       used 9786K, committed 9984K, reserved 1064960K
  class space    used 1171K, committed 1280K, reserved 1048576K

Heap Regions: E=young(eden), S=young(survivor), O=old, HS=humongous(starts), HC=humongous(continues), CS=collection set, F=free, OA=open archive, CA=closed archive, TAMS=top-at-mark-start (previous, next)
|   0|0x0000000082a00000, 0x0000000082b00000, 0x0000000082b00000|100%| O|  |TAMS 0x0000000082b00000, 0x0000000082a00000| Untracked 
|   1|0x0000000082b00000, 0x0000000082c00000, 0x0000000082c00000|100%| O|  |TAMS 0x0000000082b00000, 0x0000000082b00000| Untracked 
|   2|0x0000000082c00000, 0x0000000082d00000, 0x0000000082d00000|100%| O|  |TAMS 0x0000000082d00000, 0x0000000082c00000| Untracked 
|   3|0x0000000082d00000, 0x0000000082e00000, 0x0000000082e00000|100%| O|  |TAMS 0x0000000082d35e00, 0x0000000082d00000| Untracked 
|   4|0x0000000082e00000, 0x0000000082f00000, 0x0000000082f00000|100%| O|  |TAMS 0x0000000082e00000, 0x0000000082e00000| Untracked 
|   5|0x0000000082f00000, 0x0000000083000000, 0x0000000083000000|100%| O|  |TAMS 0x0000000082f00000, 0x0000000082f00000| Untracked 
|   6|0x0000000083000000, 0x0000000083100000, 0x0000000083100000|100%| O|  |TAMS 0x0000000083000000, 0x0000000083000000| Untracked 
|   7|0x0000000083100000, 0x00000000831af600, 0x0000000083200000| 68%| O|  |TAMS 0x0000000083100000, 0x0000000083100000| Untracked 
|   8|0x0000000083200000, 0x0000000083200000, 0x0000000083300000|  0%| F|  |TAMS 0x0000000083200000, 0x0000000083200000| Untracked 
|   9|0x0000000083300000, 0x0000000083300000, 0x0000000083400000|  0%| F|  |TAMS 0x0000000083300000, 0x0000000083300000| Untracked 
|  10|0x0000000083400000, 0x0000000083400000, 0x0000000083500000|  0%| F|  |TAMS 0x0000000083400000, 0x0000000083400000| Untracked 
|  11|0x0000000083500000, 0x0000000083500000, 0x0000000083600000|  0%| F|  |TAMS 0x0000000083500000, 0x0000000083500000| Untracked 
|  12|0x0000000083600000, 0x0000000083600000, 0x0000000083700000|  0%| F|  |TAMS 0x0000000083600000, 0x0000000083600000| Untracked 
|  13|0x0000000083700000, 0x0000000083700000, 0x0000000083800000|  0%| F|  |TAMS 0x0000000083700000, 0x0000000083700000| Untracked 
|  14|0x0000000083800000, 0x00000000838dd810, 0x0000000083900000| 86%| S|CS|TAMS 0x0000000083800000, 0x0000000083800000| Complete 
|  15|0x0000000083900000, 0x0000000083900000, 0x0000000083a00000|  0%| F|  |TAMS 0x0000000083900000, 0x0000000083900000| Untracked 
|  16|0x0000000083a00000, 0x0000000083a00000, 0x0000000083b00000|  0%| F|  |TAMS 0x0000000083a00000, 0x0000000083a00000| Untracked 
|  17|0x0000000083b00000, 0x0000000083b00000, 0x0000000083c00000|  0%| F|  |TAMS 0x0000000083b00000, 0x0000000083b00000| Untracked 
|  18|0x0000000083c00000, 0x0000000083c00000, 0x0000000083d00000|  0%| F|  |TAMS 0x0000000083c00000, 0x0000000083c00000| Untracked 

Card table byte_map: [0x00000208e9750000,0x00000208e9b40000] _byte_map_base: 0x00000208e933b000

Marking Bits (Prev, Next): (CMBitMap*) 0x00000208d14765f0, (CMBitMap*) 0x00000208d14765b0
 Prev Bits: [0x00000208ebe90000, 0x00000208edde8000)
 Next Bits: [0x00000208e9f30000, 0x00000208ebe88000)

Polling page: 0x00000208cf2f0000

Metaspace:

Usage:
  Non-class:      8.41 MB used.
      Class:      1.14 MB used.
       Both:      9.56 MB used.

Virtual space:
  Non-class space:       16.00 MB reserved,       8.50 MB ( 53%) committed,  2 nodes.
      Class space:        1.00 GB reserved,       1.25 MB ( <1%) committed,  1 nodes.
             Both:        1.02 GB reserved,       9.75 MB ( <1%) committed. 

Chunk freelists:
   Non-Class:  1.59 MB
       Class:  2.76 MB
        Both:  4.36 MB

MaxMetaspaceSize: unlimited
CompressedClassSpaceSize: 1.00 GB
Initial GC threshold: 21.00 MB
Current GC threshold: 21.00 MB
CDS: on
MetaspaceReclaimPolicy: balanced
 - commit_granule_bytes: 65536.
 - commit_granule_words: 8192.
 - virtual_space_node_default_size: 1048576.
 - enlarge_chunks_in_place: 1.
 - new_chunks_are_fully_committed: 0.
 - uncommit_free_chunks: 1.
 - use_allocation_guard: 0.
 - handle_deallocations: 1.


Internal statistics:

num_allocs_failed_limit: 0.
num_arena_births: 84.
num_arena_deaths: 0.
num_vsnodes_births: 3.
num_vsnodes_deaths: 0.
num_space_committed: 156.
num_space_uncommitted: 0.
num_chunks_returned_to_freelist: 0.
num_chunks_taken_from_freelist: 424.
num_chunk_merges: 0.
num_chunk_splits: 284.
num_chunks_enlarged: 218.
num_purges: 0.
num_inconsistent_stats: 0.

CodeHeap 'non-profiled nmethods': size=120000Kb used=524Kb max_used=524Kb free=119475Kb
 bounds [0x00000208e1b00000, 0x00000208e1d70000, 0x00000208e9030000]
CodeHeap 'profiled nmethods': size=120000Kb used=2704Kb max_used=2704Kb free=117295Kb
 bounds [0x00000208da030000, 0x00000208da2e0000, 0x00000208e1560000]
CodeHeap 'non-nmethods': size=5760Kb used=1150Kb max_used=1178Kb free=4610Kb
 bounds [0x00000208e1560000, 0x00000208e17d0000, 0x00000208e1b00000]
 total_blobs=1976 nmethods=1544 adapters=344
 compilation: enabled
              stopped_count=0, restarted_count=0
 full_count=0

Compilation events (20 events):
Event: 3.210 Thread 0x00000208f0834bc0 1540  s    3       java.io.ByteArrayInputStream::read (73 bytes)
Event: 3.211 Thread 0x00000208f0834bc0 nmethod 1540 0x00000208da2cfd90 code [0x00000208da2cff80, 0x00000208da2d0578]
Event: 3.211 Thread 0x00000208f0834bc0 1538       3       jdk.internal.jrtfs.JrtPath::toRealPath (6 bytes)
Event: 3.219 Thread 0x00000208f0834bc0 nmethod 1538 0x00000208da2d0710 code [0x00000208da2d08c0, 0x00000208da2d0a88]
Event: 3.219 Thread 0x00000208f0834bc0 1541   !   3       jdk.internal.misc.ScopedMemoryAccess::copyMemory (31 bytes)
Event: 3.220 Thread 0x00000208f0834bc0 nmethod 1541 0x00000208da2d0b90 code [0x00000208da2d0da0, 0x00000208da2d1458]
Event: 3.220 Thread 0x00000208f0834bc0 1543       1       com.sun.tools.javac.code.Type::isErroneous (2 bytes)
Event: 3.220 Thread 0x00000208f0834bc0 nmethod 1543 0x00000208e1b7f310 code [0x00000208e1b7f4a0, 0x00000208e1b7f578]
Event: 3.230 Thread 0x00000208f0834bc0 1544       3       com.sun.tools.javac.code.Scope$ScopeImpl::getSymbolsByName (10 bytes)
Event: 3.231 Thread 0x00000208f0834bc0 nmethod 1544 0x00000208da2d1810 code [0x00000208da2d1a00, 0x00000208da2d2168]
Event: 3.231 Thread 0x00000208f0834bc0 1545       3       com.sun.tools.javac.code.Scope$ScopeImpl$$Lambda$147/0x0000000800d1b990::<init> (26 bytes)
Event: 3.231 Thread 0x00000208f0834bc0 nmethod 1545 0x00000208da2d2410 code [0x00000208da2d25c0, 0x00000208da2d2898]
Event: 3.231 Thread 0x00000208f0834bc0 1546       3       com.sun.tools.javac.code.Scope$ScopeImpl$$Lambda$147/0x0000000800d1b990::iterator (20 bytes)
Event: 3.231 Thread 0x00000208f0834bc0 nmethod 1546 0x00000208da2d2990 code [0x00000208da2d2b40, 0x00000208da2d2ca8]
Event: 3.360 Thread 0x00000208f0834bc0 1547       3       jdk.internal.jimage.ImageReader$Directory::create (21 bytes)
Event: 3.361 Thread 0x00000208f0834bc0 nmethod 1547 0x00000208da2d2d90 code [0x00000208da2d2fe0, 0x00000208da2d3b28]
Event: 3.362 Thread 0x00000208f07c19d0 nmethod 1535 0x00000208e1b7f610 code [0x00000208e1b7fb60, 0x00000208e1b82448]
Event: 3.363 Thread 0x00000208f07c19d0 1539       4       com.sun.tools.javac.file.BaseFileManager::getKind (55 bytes)
Event: 3.377 Thread 0x00000208f0834bc0 1549       3       jdk.internal.jimage.ImageStringsReader::hashCode (9 bytes)
Event: 3.377 Thread 0x00000208f0834bc0 nmethod 1549 0x00000208da2d3f10 code [0x00000208da2d40a0, 0x00000208da2d41c8]

GC Heap History (20 events):
Event: 1.749 GC heap after
{Heap after GC invocations=6 (full 0):
 garbage-first heap   total 8192K, used 3491K [0x0000000082a00000, 0x0000000100000000)
  region size 1024K, 1 young (1024K), 1 survivors (1024K)
 Metaspace       used 8015K, committed 8192K, reserved 1064960K
  class space    used 931K, committed 1024K, reserved 1048576K
}
Event: 1.923 GC heap before
{Heap before GC invocations=6 (full 0):
 garbage-first heap   total 8192K, used 4515K [0x0000000082a00000, 0x0000000100000000)
  region size 1024K, 2 young (2048K), 1 survivors (1024K)
 Metaspace       used 8474K, committed 8640K, reserved 1064960K
  class space    used 995K, committed 1088K, reserved 1048576K
}
Event: 1.927 GC heap after
{Heap after GC invocations=7 (full 0):
 garbage-first heap   total 8192K, used 4311K [0x0000000082a00000, 0x0000000100000000)
  region size 1024K, 1 young (1024K), 1 survivors (1024K)
 Metaspace       used 8474K, committed 8640K, reserved 1064960K
  class space    used 995K, committed 1088K, reserved 1048576K
}
Event: 2.092 GC heap before
{Heap before GC invocations=7 (full 0):
 garbage-first heap   total 8192K, used 4311K [0x0000000082a00000, 0x0000000100000000)
  region size 1024K, 2 young (2048K), 1 survivors (1024K)
 Metaspace       used 8746K, committed 8960K, reserved 1064960K
  class space    used 1026K, committed 1152K, reserved 1048576K
}
Event: 2.096 GC heap after
{Heap after GC invocations=8 (full 0):
 garbage-first heap   total 12288K, used 4467K [0x0000000082a00000, 0x0000000100000000)
  region size 1024K, 1 young (1024K), 1 survivors (1024K)
 Metaspace       used 8746K, committed 8960K, reserved 1064960K
  class space    used 1026K, committed 1152K, reserved 1048576K
}
Event: 2.142 GC heap before
{Heap before GC invocations=8 (full 0):
 garbage-first heap   total 12288K, used 5491K [0x0000000082a00000, 0x0000000100000000)
  region size 1024K, 2 young (2048K), 1 survivors (1024K)
 Metaspace       used 8769K, committed 8960K, reserved 1064960K
  class space    used 1026K, committed 1152K, reserved 1048576K
}
Event: 2.145 GC heap after
{Heap after GC invocations=9 (full 0):
 garbage-first heap   total 12288K, used 4598K [0x0000000082a00000, 0x0000000100000000)
  region size 1024K, 1 young (1024K), 1 survivors (1024K)
 Metaspace       used 8769K, committed 8960K, reserved 1064960K
  class space    used 1026K, committed 1152K, reserved 1048576K
}
Event: 2.229 GC heap before
{Heap before GC invocations=9 (full 0):
 garbage-first heap   total 12288K, used 5622K [0x0000000082a00000, 0x0000000100000000)
  region size 1024K, 2 young (2048K), 1 survivors (1024K)
 Metaspace       used 8818K, committed 9024K, reserved 1064960K
  class space    used 1026K, committed 1152K, reserved 1048576K
}
Event: 2.233 GC heap after
{Heap after GC invocations=10 (full 0):
 garbage-first heap   total 12288K, used 4678K [0x0000000082a00000, 0x0000000100000000)
  region size 1024K, 1 young (1024K), 1 survivors (1024K)
 Metaspace       used 8818K, committed 9024K, reserved 1064960K
  class space    used 1026K, committed 1152K, reserved 1048576K
}
Event: 2.376 GC heap before
{Heap before GC invocations=10 (full 0):
 garbage-first heap   total 12288K, used 4678K [0x0000000082a00000, 0x0000000100000000)
  region size 1024K, 2 young (2048K), 1 survivors (1024K)
 Metaspace       used 8969K, committed 9152K, reserved 1064960K
  class space    used 1047K, committed 1152K, reserved 1048576K
}
Event: 2.390 GC heap after
{Heap after GC invocations=11 (full 0):
 garbage-first heap   total 12288K, used 4912K [0x0000000082a00000, 0x0000000100000000)
  region size 1024K, 1 young (1024K), 1 survivors (1024K)
 Metaspace       used 8969K, committed 9152K, reserved 1064960K
  class space    used 1047K, committed 1152K, reserved 1048576K
}
Event: 2.410 GC heap before
{Heap before GC invocations=12 (full 0):
 garbage-first heap   total 12288K, used 5936K [0x0000000082a00000, 0x0000000100000000)
  region size 1024K, 2 young (2048K), 1 survivors (1024K)
 Metaspace       used 9000K, committed 9152K, reserved 1064960K
  class space    used 1051K, committed 1152K, reserved 1048576K
}
Event: 2.414 GC heap after
{Heap after GC invocations=13 (full 0):
 garbage-first heap   total 19456K, used 5167K [0x0000000082a00000, 0x0000000100000000)
  region size 1024K, 1 young (1024K), 1 survivors (1024K)
 Metaspace       used 9000K, committed 9152K, reserved 1064960K
  class space    used 1051K, committed 1152K, reserved 1048576K
}
Event: 2.420 GC heap before
{Heap before GC invocations=13 (full 0):
 garbage-first heap   total 19456K, used 6191K [0x0000000082a00000, 0x0000000100000000)
  region size 1024K, 2 young (2048K), 1 survivors (1024K)
 Metaspace       used 9000K, committed 9152K, reserved 1064960K
  class space    used 1051K, committed 1152K, reserved 1048576K
}
Event: 2.428 GC heap after
{Heap after GC invocations=14 (full 0):
 garbage-first heap   total 19456K, used 5198K [0x0000000082a00000, 0x0000000100000000)
  region size 1024K, 1 young (1024K), 1 survivors (1024K)
 Metaspace       used 9000K, committed 9152K, reserved 1064960K
  class space    used 1051K, committed 1152K, reserved 1048576K
}
Event: 2.675 GC heap before
{Heap before GC invocations=14 (full 0):
 garbage-first heap   total 19456K, used 10318K [0x0000000082a00000, 0x0000000100000000)
  region size 1024K, 6 young (6144K), 1 survivors (1024K)
 Metaspace       used 9113K, committed 9344K, reserved 1064960K
  class space    used 1060K, committed 1152K, reserved 1048576K
}
Event: 2.681 GC heap after
{Heap after GC invocations=15 (full 0):
 garbage-first heap   total 19456K, used 6144K [0x0000000082a00000, 0x0000000100000000)
  region size 1024K, 1 young (1024K), 1 survivors (1024K)
 Metaspace       used 9113K, committed 9344K, reserved 1064960K
  class space    used 1060K, committed 1152K, reserved 1048576K
}
Event: 3.028 GC heap before
{Heap before GC invocations=15 (full 0):
 garbage-first heap   total 19456K, used 12288K [0x0000000082a00000, 0x0000000100000000)
  region size 1024K, 7 young (7168K), 1 survivors (1024K)
 Metaspace       used 9463K, committed 9664K, reserved 1064960K
  class space    used 1114K, committed 1216K, reserved 1048576K
}
Event: 3.039 GC heap after
{Heap after GC invocations=16 (full 0):
 garbage-first heap   total 19456K, used 7518K [0x0000000082a00000, 0x0000000100000000)
  region size 1024K, 1 young (1024K), 1 survivors (1024K)
 Metaspace       used 9463K, committed 9664K, reserved 1064960K
  class space    used 1114K, committed 1216K, reserved 1048576K
}
Event: 3.383 GC heap before
{Heap before GC invocations=16 (full 0):
 garbage-first heap   total 19456K, used 11614K [0x0000000082a00000, 0x0000000100000000)
  region size 1024K, 5 young (5120K), 1 survivors (1024K)
 Metaspace       used 9786K, committed 9984K, reserved 1064960K
  class space    used 1171K, committed 1280K, reserved 1048576K
}

Dll operation events (6 events):
Event: 0.014 Loaded shared library C:\zulu17.40.19-ca-fx-jdk17.0.6-win_x64\zulu17.40.19-ca-fx-jdk17.0.6-win_x64\bin\java.dll
Event: 0.026 Loaded shared library C:\zulu17.40.19-ca-fx-jdk17.0.6-win_x64\zulu17.40.19-ca-fx-jdk17.0.6-win_x64\bin\jsvml.dll
Event: 0.122 Loaded shared library C:\zulu17.40.19-ca-fx-jdk17.0.6-win_x64\zulu17.40.19-ca-fx-jdk17.0.6-win_x64\bin\jimage.dll
Event: 0.259 Loaded shared library C:\zulu17.40.19-ca-fx-jdk17.0.6-win_x64\zulu17.40.19-ca-fx-jdk17.0.6-win_x64\bin\net.dll
Event: 0.260 Loaded shared library C:\zulu17.40.19-ca-fx-jdk17.0.6-win_x64\zulu17.40.19-ca-fx-jdk17.0.6-win_x64\bin\nio.dll
Event: 0.342 Loaded shared library C:\zulu17.40.19-ca-fx-jdk17.0.6-win_x64\zulu17.40.19-ca-fx-jdk17.0.6-win_x64\bin\zip.dll

Deoptimization events (20 events):
Event: 2.303 Thread 0x00000208d141aeb0 DEOPT PACKING pc=0x00000208e1b554cc sp=0x0000005c18dfd930
Event: 2.303 Thread 0x00000208d141aeb0 DEOPT UNPACKING pc=0x00000208e15b69a3 sp=0x0000005c18dfd7b0 mode 2
Event: 2.303 Thread 0x00000208d141aeb0 Uncommon trap: trap_request=0xffffff45 fr.pc=0x00000208e1b528ac relative=0x00000000000007ec
Event: 2.303 Thread 0x00000208d141aeb0 Uncommon trap: reason=unstable_if action=reinterpret pc=0x00000208e1b528ac method=jdk.internal.jimage.ImageStringsReader.stringFromByteBuffer(Ljava/nio/ByteBuffer;I)Ljava/lang/String; @ 7 c2
Event: 2.303 Thread 0x00000208d141aeb0 DEOPT PACKING pc=0x00000208e1b528ac sp=0x0000005c18dfd7a0
Event: 2.303 Thread 0x00000208d141aeb0 DEOPT UNPACKING pc=0x00000208e15b69a3 sp=0x0000005c18dfd748 mode 2
Event: 2.400 Thread 0x00000208d141aeb0 Uncommon trap: trap_request=0xffffff45 fr.pc=0x00000208e1b57460 relative=0x0000000000000820
Event: 2.400 Thread 0x00000208d141aeb0 Uncommon trap: reason=unstable_if action=reinterpret pc=0x00000208e1b57460 method=jdk.internal.jimage.ImageStringsReader.stringFromByteBuffer(Ljava/nio/ByteBuffer;I)Ljava/lang/String; @ 7 c2
Event: 2.400 Thread 0x00000208d141aeb0 DEOPT PACKING pc=0x00000208e1b57460 sp=0x0000005c18dfd8a0
Event: 2.400 Thread 0x00000208d141aeb0 DEOPT UNPACKING pc=0x00000208e15b69a3 sp=0x0000005c18dfd7e0 mode 2
Event: 2.408 Thread 0x00000208d141aeb0 DEOPT PACKING pc=0x00000208da1380e5 sp=0x0000005c18dfdc70
Event: 2.408 Thread 0x00000208d141aeb0 DEOPT UNPACKING pc=0x00000208e15b7143 sp=0x0000005c18dfd0c0 mode 0
Event: 2.408 Thread 0x00000208d141aeb0 DEOPT PACKING pc=0x00000208da1380e5 sp=0x0000005c18dfdde0
Event: 2.408 Thread 0x00000208d141aeb0 DEOPT UNPACKING pc=0x00000208e15b7143 sp=0x0000005c18dfd230 mode 0
Event: 2.409 Thread 0x00000208d141aeb0 DEOPT PACKING pc=0x00000208da1380e5 sp=0x0000005c18dfdde0
Event: 2.409 Thread 0x00000208d141aeb0 DEOPT UNPACKING pc=0x00000208e15b7143 sp=0x0000005c18dfd230 mode 0
Event: 2.435 Thread 0x00000208d141aeb0 Uncommon trap: trap_request=0xffffff45 fr.pc=0x00000208e1b3b4e0 relative=0x0000000000000060
Event: 2.435 Thread 0x00000208d141aeb0 Uncommon trap: reason=unstable_if action=reinterpret pc=0x00000208e1b3b4e0 method=com.sun.tools.javac.jvm.PoolReader.sizeof(I)I @ 1 c2
Event: 2.435 Thread 0x00000208d141aeb0 DEOPT PACKING pc=0x00000208e1b3b4e0 sp=0x0000005c18dfdf20
Event: 2.435 Thread 0x00000208d141aeb0 DEOPT UNPACKING pc=0x00000208e15b69a3 sp=0x0000005c18dfdeb0 mode 2

Classes unloaded (0 events):
No events

Classes redefined (0 events):
No events

Internal exceptions (20 events):
Event: 1.330 Thread 0x00000208d141aeb0 Exception <a 'sun/nio/fs/WindowsException'{0x00000000831aa5b0}> (0x00000000831aa5b0) 
thrown [s\src\hotspot\share\prims\jni.cpp, line 516]
Event: 1.331 Thread 0x00000208d141aeb0 Exception <a 'sun/nio/fs/WindowsException'{0x00000000831ab270}> (0x00000000831ab270) 
thrown [s\src\hotspot\share\prims\jni.cpp, line 516]
Event: 1.331 Thread 0x00000208d141aeb0 Exception <a 'sun/nio/fs/WindowsException'{0x00000000831ab600}> (0x00000000831ab600) 
thrown [s\src\hotspot\share\prims\jni.cpp, line 516]
Event: 1.592 Thread 0x00000208d141aeb0 Exception <a 'java/lang/NoSuchMethodError'{0x0000000083184c18}: 'java.lang.Object java.lang.invoke.DirectMethodHandle$Holder.invokeVirtual(java.lang.Object, java.lang.Object, java.lang.Object, int, int)'> (0x0000000083184c18) 
thrown [s\src\hotspot\share\interpreter\linkResolver.cpp, line 759]
Event: 1.597 Thread 0x00000208d141aeb0 Exception <a 'java/lang/NoSuchMethodError'{0x000000008318baa8}: 'java.lang.Object java.lang.invoke.DirectMethodHandle$Holder.invokeVirtual(java.lang.Object, java.lang.Object, int)'> (0x000000008318baa8) 
thrown [s\src\hotspot\share\interpreter\linkResolver.cpp, line 759]
Event: 1.609 Thread 0x00000208d141aeb0 Exception <a 'java/lang/NoSuchMethodError'{0x0000000083195d38}: 'java.lang.Object java.lang.invoke.DirectMethodHandle$Holder.invokeSpecial(java.lang.Object, java.lang.Object, java.lang.Object, int, int)'> (0x0000000083195d38) 
thrown [s\src\hotspot\share\interpreter\linkResolver.cpp, line 759]
Event: 2.006 Thread 0x00000208d141aeb0 Exception <a 'java/lang/NoSuchMethodError'{0x000000008318ae08}: 'void java.lang.invoke.DirectMethodHandle$Holder.invokeStatic(java.lang.Object, java.lang.Object)'> (0x000000008318ae08) 
thrown [s\src\hotspot\share\interpreter\linkResolver.cpp, line 759]
Event: 2.009 Thread 0x00000208d141aeb0 Exception <a 'sun/nio/fs/WindowsException'{0x0000000083195038}> (0x0000000083195038) 
thrown [s\src\hotspot\share\prims\jni.cpp, line 516]
Event: 2.028 Thread 0x00000208d141aeb0 Exception <a 'sun/nio/fs/WindowsException'{0x00000000831a2810}> (0x00000000831a2810) 
thrown [s\src\hotspot\share\prims\jni.cpp, line 516]
Event: 2.244 Thread 0x00000208d141aeb0 Exception <a 'java/lang/NoSuchMethodError'{0x0000000083545260}: 'int java.lang.invoke.DirectMethodHandle$Holder.invokeSpecial(java.lang.Object, java.lang.Object, java.lang.Object)'> (0x0000000083545260) 
thrown [s\src\hotspot\share\interpreter\linkResolver.cpp, line 759]
Event: 2.250 Thread 0x00000208d141aeb0 Exception <a 'sun/nio/fs/WindowsException'{0x000000008354fc80}> (0x000000008354fc80) 
thrown [s\src\hotspot\share\prims\jni.cpp, line 516]
Event: 2.252 Thread 0x00000208d141aeb0 Exception <a 'sun/nio/fs/WindowsException'{0x0000000083550258}> (0x0000000083550258) 
thrown [s\src\hotspot\share\prims\jni.cpp, line 516]
Event: 2.253 Thread 0x00000208d141aeb0 Exception <a 'sun/nio/fs/WindowsException'{0x00000000835512c0}> (0x00000000835512c0) 
thrown [s\src\hotspot\share\prims\jni.cpp, line 516]
Event: 2.253 Thread 0x00000208d141aeb0 Exception <a 'sun/nio/fs/WindowsException'{0x00000000835515d8}> (0x00000000835515d8) 
thrown [s\src\hotspot\share\prims\jni.cpp, line 516]
Event: 2.290 Thread 0x00000208d141aeb0 Exception <a 'java/lang/NoSuchMethodError'{0x0000000083573f68}: 'java.lang.Object java.lang.invoke.DirectMethodHandle$Holder.invokeStatic(java.lang.Object, java.lang.Object, int, int)'> (0x0000000083573f68) 
thrown [s\src\hotspot\share\interpreter\linkResolver.cpp, line 759]
Event: 2.693 Thread 0x00000208d141aeb0 Exception <a 'java/lang/NoSuchMethodError'{0x0000000083c0b868}: 'java.lang.Object java.lang.invoke.DirectMethodHandle$Holder.invokeInterface(java.lang.Object, java.lang.Object)'> (0x0000000083c0b868) 
thrown [s\src\hotspot\share\interpreter\linkResolver.cpp, line 759]
Event: 2.794 Thread 0x00000208d141aeb0 Exception <a 'java/lang/NoSuchMethodError'{0x0000000083c1c7a8}: 'void java.lang.invoke.DirectMethodHandle$Holder.invokeSpecial(java.lang.Object, java.lang.Object, java.lang.Object, java.lang.Object, java.lang.Object)'> (0x0000000083c1c7a8) 
thrown [s\src\hotspot\share\interpreter\linkResolver.cpp, line 759]
Event: 3.127 Thread 0x00000208d141aeb0 Exception <a 'java/lang/NoSuchMethodError'{0x0000000083c5c7f0}: 'int java.lang.invoke.DirectMethodHandle$Holder.invokeVirtual(java.lang.Object, java.lang.Object, java.lang.Object, java.lang.Object)'> (0x0000000083c5c7f0) 
thrown [s\src\hotspot\share\interpreter\linkResolver.cpp, line 759]
Event: 3.131 Thread 0x00000208d141aeb0 Exception <a 'java/lang/NoSuchMethodError'{0x0000000083c67ba8}: 'java.lang.Object java.lang.invoke.DirectMethodHandle$Holder.newInvokeSpecial(java.lang.Object, java.lang.Object, int, java.lang.Object)'> (0x0000000083c67ba8) 
thrown [s\src\hotspot\share\interpreter\linkResolver.cpp, line 759]
Event: 3.132 Thread 0x00000208d141aeb0 Exception <a 'java/lang/NoSuchMethodError'{0x0000000083c6c230}: 'java.lang.Object java.lang.invoke.DirectMethodHandle$Holder.invokeSpecial(java.lang.Object, java.lang.Object, java.lang.Object, int, java.lang.Object)'> (0x0000000083c6c230) 
thrown [s\src\hotspot\share\interpreter\linkResolver.cpp, line 759]

VM Operations (20 events):
Event: 2.156 Executing VM operation: G1CollectForAllocation done
Event: 2.229 Executing VM operation: G1CollectForAllocation
Event: 2.233 Executing VM operation: G1CollectForAllocation done
Event: 2.304 Executing VM operation: HandshakeAllThreads
Event: 2.304 Executing VM operation: HandshakeAllThreads done
Event: 2.325 Executing VM operation: G1Concurrent
Event: 2.371 Executing VM operation: G1Concurrent done
Event: 2.376 Executing VM operation: G1CollectForAllocation
Event: 2.390 Executing VM operation: G1CollectForAllocation done
Event: 2.390 Executing VM operation: G1Concurrent
Event: 2.392 Executing VM operation: G1Concurrent done
Event: 2.410 Executing VM operation: G1CollectForAllocation
Event: 2.414 Executing VM operation: G1CollectForAllocation done
Event: 2.420 Executing VM operation: G1CollectForAllocation
Event: 2.429 Executing VM operation: G1CollectForAllocation done
Event: 2.675 Executing VM operation: G1CollectForAllocation
Event: 2.691 Executing VM operation: G1CollectForAllocation done
Event: 3.028 Executing VM operation: G1CollectForAllocation
Event: 3.039 Executing VM operation: G1CollectForAllocation done
Event: 3.383 Executing VM operation: G1CollectForAllocation

Events (20 events):
Event: 2.657 loading class java/lang/invoke/MethodHandle$1
Event: 2.658 loading class java/lang/invoke/MethodHandle$1 done
Event: 2.795 Thread 0x00000208f1854580 Thread exited: 0x00000208f1854580
Event: 2.823 loading class java/util/stream/ReduceOps$1
Event: 2.826 loading class java/util/stream/ReduceOps$1 done
Event: 2.827 loading class java/util/stream/ReduceOps$1ReducingSink
Event: 2.834 loading class java/util/stream/ReduceOps$1ReducingSink done
Event: 3.115 loading class java/util/stream/Nodes$FixedNodeBuilder
Event: 3.116 loading class java/util/stream/Nodes$ArrayNode
Event: 3.117 loading class java/util/stream/Nodes$ArrayNode done
Event: 3.117 loading class java/util/stream/Nodes$FixedNodeBuilder done
Event: 3.134 Thread 0x00000208f1a8d1c0 Thread exited: 0x00000208f1a8d1c0
Event: 3.191 loading class java/util/EnumMap$EntrySet
Event: 3.192 loading class java/util/EnumMap$EntrySet done
Event: 3.192 loading class java/util/EnumMap$EntryIterator
Event: 3.192 loading class java/util/EnumMap$EnumMapIterator
Event: 3.192 loading class java/util/EnumMap$EnumMapIterator done
Event: 3.192 loading class java/util/EnumMap$EntryIterator done
Event: 3.192 loading class java/util/EnumMap$EntryIterator$Entry
Event: 3.193 loading class java/util/EnumMap$EntryIterator$Entry done


Dynamic libraries:
0x00007ff7068b0000 - 0x00007ff7068b8000 	C:\zulu17.40.19-ca-fx-jdk17.0.6-win_x64\zulu17.40.19-ca-fx-jdk17.0.6-win_x64\bin\javac.exe
0x00007ffe1ab90000 - 0x00007ffe1ada4000 	C:\WINDOWS\SYSTEM32\ntdll.dll
0x00007ffe19040000 - 0x00007ffe19102000 	C:\WINDOWS\System32\KERNEL32.DLL
0x00007ffe185c0000 - 0x00007ffe18963000 	C:\WINDOWS\System32\KERNELBASE.dll
0x00007ffe183e0000 - 0x00007ffe184f1000 	C:\WINDOWS\System32\ucrtbase.dll
0x00007ffe15600000 - 0x00007ffe15618000 	C:\zulu17.40.19-ca-fx-jdk17.0.6-win_x64\zulu17.40.19-ca-fx-jdk17.0.6-win_x64\bin\jli.dll
0x00007ffe0a640000 - 0x00007ffe0a65b000 	C:\zulu17.40.19-ca-fx-jdk17.0.6-win_x64\zulu17.40.19-ca-fx-jdk17.0.6-win_x64\bin\VCRUNTIME140.dll
0x00007ffe18ab0000 - 0x00007ffe18c5b000 	C:\WINDOWS\System32\USER32.dll
0x00007ffe183b0000 - 0x00007ffe183d6000 	C:\WINDOWS\System32\win32u.dll
0x00007ffe02120000 - 0x00007ffe023ae000 	C:\WINDOWS\WinSxS\amd64_microsoft.windows.common-controls_6595b64144ccf1df_6.0.22621.1635_none_270f70857386168e\COMCTL32.dll
0x00007ffe19430000 - 0x00007ffe19459000 	C:\WINDOWS\System32\GDI32.dll
0x00007ffe17f90000 - 0x00007ffe180a9000 	C:\WINDOWS\System32\gdi32full.dll
0x00007ffe18220000 - 0x00007ffe182ba000 	C:\WINDOWS\System32\msvcp_win.dll
0x00007ffe18e30000 - 0x00007ffe18ed7000 	C:\WINDOWS\System32\msvcrt.dll
0x00007ffe18ee0000 - 0x00007ffe18f11000 	C:\WINDOWS\System32\IMM32.DLL
0x00007ffe15c10000 - 0x00007ffe15c1c000 	C:\zulu17.40.19-ca-fx-jdk17.0.6-win_x64\zulu17.40.19-ca-fx-jdk17.0.6-win_x64\bin\vcruntime140_1.dll
0x00007ffdeb620000 - 0x00007ffdeb6ad000 	C:\zulu17.40.19-ca-fx-jdk17.0.6-win_x64\zulu17.40.19-ca-fx-jdk17.0.6-win_x64\bin\msvcp140.dll
0x00007ffd4d770000 - 0x00007ffd4e3d5000 	C:\zulu17.40.19-ca-fx-jdk17.0.6-win_x64\zulu17.40.19-ca-fx-jdk17.0.6-win_x64\bin\server\jvm.dll
0x00007ffe19240000 - 0x00007ffe192ee000 	C:\WINDOWS\System32\ADVAPI32.dll
0x00007ffe18d80000 - 0x00007ffe18e24000 	C:\WINDOWS\System32\sechost.dll
0x00007ffe18c60000 - 0x00007ffe18d77000 	C:\WINDOWS\System32\RPCRT4.dll
0x00007ffe14e50000 - 0x00007ffe14e59000 	C:\WINDOWS\SYSTEM32\WSOCK32.dll
0x00007ffe1aad0000 - 0x00007ffe1ab41000 	C:\WINDOWS\System32\WS2_32.dll
0x00007ffe10130000 - 0x00007ffe10164000 	C:\WINDOWS\SYSTEM32\WINMM.dll
0x00007ffe0ea30000 - 0x00007ffe0ea3a000 	C:\WINDOWS\SYSTEM32\VERSION.dll
0x00007ffe17090000 - 0x00007ffe170a8000 	C:\WINDOWS\SYSTEM32\kernel.appcore.dll
0x00007ffe132f0000 - 0x00007ffe132fa000 	C:\zulu17.40.19-ca-fx-jdk17.0.6-win_x64\zulu17.40.19-ca-fx-jdk17.0.6-win_x64\bin\jimage.dll
0x00007ffe157c0000 - 0x00007ffe159ee000 	C:\WINDOWS\SYSTEM32\DBGHELP.DLL
0x00007ffe19460000 - 0x00007ffe197e9000 	C:\WINDOWS\System32\combase.dll
0x00007ffe19e80000 - 0x00007ffe19f57000 	C:\WINDOWS\System32\OLEAUT32.dll
0x00007ffdfdf80000 - 0x00007ffdfdfb2000 	C:\WINDOWS\SYSTEM32\dbgcore.DLL
0x00007ffe182c0000 - 0x00007ffe1833b000 	C:\WINDOWS\System32\bcryptPrimitives.dll
0x00007ffe0a060000 - 0x00007ffe0a085000 	C:\zulu17.40.19-ca-fx-jdk17.0.6-win_x64\zulu17.40.19-ca-fx-jdk17.0.6-win_x64\bin\java.dll
0x00007ffddac80000 - 0x00007ffddad57000 	C:\zulu17.40.19-ca-fx-jdk17.0.6-win_x64\zulu17.40.19-ca-fx-jdk17.0.6-win_x64\bin\jsvml.dll
0x00007ffe1a010000 - 0x00007ffe1a80a000 	C:\WINDOWS\System32\SHELL32.dll
0x00007ffe15f40000 - 0x00007ffe1680e000 	C:\WINDOWS\SYSTEM32\windows.storage.dll
0x00007ffe15e00000 - 0x00007ffe15f3e000 	C:\WINDOWS\SYSTEM32\wintypes.dll
0x00007ffe18f40000 - 0x00007ffe19031000 	C:\WINDOWS\System32\SHCORE.dll
0x00007ffe19300000 - 0x00007ffe1935e000 	C:\WINDOWS\System32\shlwapi.dll
0x00007ffe17ec0000 - 0x00007ffe17ee1000 	C:\WINDOWS\SYSTEM32\profapi.dll
0x00007ffe09df0000 - 0x00007ffe09e09000 	C:\zulu17.40.19-ca-fx-jdk17.0.6-win_x64\zulu17.40.19-ca-fx-jdk17.0.6-win_x64\bin\net.dll
0x00007ffe0fff0000 - 0x00007ffe10127000 	C:\WINDOWS\SYSTEM32\WINHTTP.dll
0x00007ffe17500000 - 0x00007ffe17569000 	C:\WINDOWS\system32\mswsock.dll
0x00007ffe09dd0000 - 0x00007ffe09de6000 	C:\zulu17.40.19-ca-fx-jdk17.0.6-win_x64\zulu17.40.19-ca-fx-jdk17.0.6-win_x64\bin\nio.dll
0x00007ffe08b10000 - 0x00007ffe08b28000 	C:\zulu17.40.19-ca-fx-jdk17.0.6-win_x64\zulu17.40.19-ca-fx-jdk17.0.6-win_x64\bin\zip.dll

dbghelp: loaded successfully - version: 4.0.5 - missing functions: none
symbol engine: initialized successfully - sym options: 0x614 - pdb path: .;C:\zulu17.40.19-ca-fx-jdk17.0.6-win_x64\zulu17.40.19-ca-fx-jdk17.0.6-win_x64\bin;C:\WINDOWS\SYSTEM32;C:\WINDOWS\WinSxS\amd64_microsoft.windows.common-controls_6595b64144ccf1df_6.0.22621.1635_none_270f70857386168e;C:\zulu17.40.19-ca-fx-jdk17.0.6-win_x64\zulu17.40.19-ca-fx-jdk17.0.6-win_x64\bin\server

VM Arguments:
jvm_args: -Dapplication.home=C:\zulu17.40.19-ca-fx-jdk17.0.6-win_x64\zulu17.40.19-ca-fx-jdk17.0.6-win_x64 --add-modules=ALL-DEFAULT -Xms8m -Djdk.module.main=jdk.compiler 
java_command: jdk.compiler/com.sun.tools.javac.Main -d C:\Users\aleja\OneDrive\Documentos\NetBeansProjects\ProjetoSalaoFinal\build\classes -classpath C:\Users\aleja\OneDrive\Documentos\NetBeansProjects\ProjetoSalaoFinal\build\classes;C:\Users\aleja\OneDrive\햞ea de Trabalho\jdbc\mysql-connector-java-8.0.26\mysql-connector-java-8.0.26.jar -sourcepath C:\Users\aleja\OneDrive\Documentos\NetBeansProjects\ProjetoSalaoFinal\src -target 17 -encoding UTF-8 -g -processorpath C:\Users\aleja\OneDrive\햞ea de Trabalho\jdbc\mysql-connector-java-8.0.26\mysql-connector-java-8.0.26.jar;C:\Users\aleja\OneDrive\Documentos\NetBeansProjects\ProjetoSalaoFinal\build\empty -s C:\Users\aleja\OneDrive\Documentos\NetBeansProjects\ProjetoSalaoFinal\build\generated-sources\ap-source-output -source 17 C:\Users\aleja\OneDrive\Documentos\NetBeansProjects\ProjetoSalaoFinal\src\projetosalaofinal\ProjetoSalaoFinal.java
java_class_path (initial): <not set>
Launcher Type: SUN_STANDARD

[Global flags]
     intx CICompilerCount                          = 4                                         {product} {ergonomic}
     uint ConcGCThreads                            = 2                                         {product} {ergonomic}
     uint G1ConcRefinementThreads                  = 8                                         {product} {ergonomic}
   size_t G1HeapRegionSize                         = 1048576                                   {product} {ergonomic}
    uintx GCDrainStackTargetSize                   = 64                                        {product} {ergonomic}
   size_t InitialHeapSize                          = 8388608                                   {product} {command line}
   size_t MarkStackSize                            = 4194304                                   {product} {ergonomic}
   size_t MaxHeapSize                              = 2103443456                                {product} {ergonomic}
   size_t MaxNewSize                               = 1261436928                                {product} {ergonomic}
   size_t MinHeapDeltaBytes                        = 1048576                                   {product} {ergonomic}
   size_t MinHeapSize                              = 8388608                                   {product} {command line}
    uintx NonNMethodCodeHeapSize                   = 5839372                                {pd product} {ergonomic}
    uintx NonProfiledCodeHeapSize                  = 122909434                              {pd product} {ergonomic}
    uintx ProfiledCodeHeapSize                     = 122909434                              {pd product} {ergonomic}
    uintx ReservedCodeCacheSize                    = 251658240                              {pd product} {ergonomic}
     bool SegmentedCodeCache                       = true                                      {product} {ergonomic}
   size_t SoftMaxHeapSize                          = 2103443456                             {manageable} {ergonomic}
     bool UseCompressedClassPointers               = true                           {product lp64_product} {ergonomic}
     bool UseCompressedOops                        = true                           {product lp64_product} {ergonomic}
     bool UseG1GC                                  = true                                      {product} {ergonomic}
     bool UseLargePagesIndividualAllocation        = false                                  {pd product} {ergonomic}

Logging:
Log output configuration:
 #0: stdout all=warning uptime,level,tags
 #1: stderr all=off uptime,level,tags

Environment Variables:
PATH=C:\Program Files\Common Files\Oracle\Java\javapath;C:\Windows\system32;C:\Windows;C:\Windows\System32\Wbem;C:\Windows\System32\WindowsPowerShell\v1.0\;C:\Windows\System32\OpenSSH\;C:\Program Files (x86)\NVIDIA Corporation\PhysX\Common;C:\Program Files\NVIDIA Corporation\NVIDIA NvDLISR;C:\Program Files\dotnet\;C:\Program Files\TortoiseSVN\bin;C:\WINDOWS\system32;C:\WINDOWS;C:\WINDOWS\System32\Wbem;C:\WINDOWS\System32\WindowsPowerShell\v1.0\;C:\WINDOWS\System32\OpenSSH\;C:\Program Files\Git\cmd;C:\Program Files (x86)\Microsoft SQL Server\160\Tools\Binn\;C:\Program Files\Microsoft SQL Server\160\Tools\Binn\;C:\Program Files\Microsoft SQL Server\Client SDK\ODBC\170\Tools\Binn\;C:\Program Files\Microsoft SQL Server\160\DTS\Binn\;C:\Program Files (x86)\Microsoft SQL Server\160\DTS\Binn\;C:\Program Files\Azure Data Studio\bin;C:\Program Files\Microsoft SQL Server\150\Tools\Binn\;C:\Users\aleja\AppData\Local\Microsoft\WindowsApps;C:\Users\aleja\AppData\Local\Programs\Microsoft VS Code\bin;C:\Users\aleja\.dotnet\tools
USERNAME=aleja
OS=Windows_NT
PROCESSOR_IDENTIFIER=Intel64 Family 6 Model 165 Stepping 2, GenuineIntel
TMP=C:\Users\aleja\AppData\Local\Temp
TEMP=C:\Users\aleja\AppData\Local\Temp



---------------  S Y S T E M  ---------------

OS:
 Windows 11 , 64 bit Build 22621 (10.0.22621.1778)
OS uptime: 1 days 11:44 hours
Hyper-V role detected

CPU: total 8 (initial active 8) (4 cores per cpu, 2 threads per core) family 6 model 165 stepping 2 microcode 0xea, cx8, cmov, fxsr, ht, mmx, 3dnowpref, sse, sse2, sse3, ssse3, sse4.1, sse4.2, popcnt, lzcnt, tsc, tscinvbit, avx, avx2, aes, erms, clmul, bmi1, bmi2, adx, fma, vzeroupper, clflush, clflushopt, hv

Memory: 4k page, system-wide physical 8023M (1030M free)
TotalPageFile size 32599M (AvailPageFile size 20M)
current process WorkingSet (physical memory assigned to process): 79M, peak: 80M
current process commit charge ("private bytes"): 116M, peak: 144M

vm_info: OpenJDK 64-Bit Server VM (17.0.6+10-LTS) for windows-amd64 JRE (17.0.6+10-LTS) (Zulu17.40+19-CA), built on Jan  4 2023 15:04:34 by "zulu_re" with MS VC++ 16.10 / 16.11 (VS2019)

END.
